[0.324s] Invoking command in '/home/ali/Engineering/ITI/low_speed_self_driving_vehicles/ROS_lectures/LAB3/src/iti_lab3': PYTHONPATH=/home/ali/Engineering/ITI/low_speed_self_driving_vehicles/ROS_lectures/LAB3/src/iti_lab3/install/iti_lab3/lib/python3.8/site-packages:${PYTHONPATH} /usr/bin/python3 setup.py egg_info --egg-base build/iti_lab3 build --build-base /home/ali/Engineering/ITI/low_speed_self_driving_vehicles/ROS_lectures/LAB3/src/iti_lab3/build/iti_lab3/build install --prefix /home/ali/Engineering/ITI/low_speed_self_driving_vehicles/ROS_lectures/LAB3/src/iti_lab3/install/iti_lab3 --record /home/ali/Engineering/ITI/low_speed_self_driving_vehicles/ROS_lectures/LAB3/src/iti_lab3/build/iti_lab3/install.log --single-version-externally-managed
[0.604s] running egg_info
[0.604s] creating build/iti_lab3/iti_lab3.egg-info
[0.605s] writing build/iti_lab3/iti_lab3.egg-info/PKG-INFO
[0.605s] writing dependency_links to build/iti_lab3/iti_lab3.egg-info/dependency_links.txt
[0.605s] writing entry points to build/iti_lab3/iti_lab3.egg-info/entry_points.txt
[0.605s] writing requirements to build/iti_lab3/iti_lab3.egg-info/requires.txt
[0.605s] writing top-level names to build/iti_lab3/iti_lab3.egg-info/top_level.txt
[0.606s] writing manifest file 'build/iti_lab3/iti_lab3.egg-info/SOURCES.txt'
[0.640s] reading manifest file 'build/iti_lab3/iti_lab3.egg-info/SOURCES.txt'
[0.641s] writing manifest file 'build/iti_lab3/iti_lab3.egg-info/SOURCES.txt'
[0.642s] running build
[0.642s] running build_py
[0.642s] creating /home/ali/Engineering/ITI/low_speed_self_driving_vehicles/ROS_lectures/LAB3/src/iti_lab3/build/iti_lab3/build
[0.642s] creating /home/ali/Engineering/ITI/low_speed_self_driving_vehicles/ROS_lectures/LAB3/src/iti_lab3/build/iti_lab3/build/lib
[0.642s] creating /home/ali/Engineering/ITI/low_speed_self_driving_vehicles/ROS_lectures/LAB3/src/iti_lab3/build/iti_lab3/build/lib/iti_lab3
[0.642s] copying iti_lab3/__init__.py -> /home/ali/Engineering/ITI/low_speed_self_driving_vehicles/ROS_lectures/LAB3/src/iti_lab3/build/iti_lab3/build/lib/iti_lab3
[0.642s] copying iti_lab3/receiver_node.py -> /home/ali/Engineering/ITI/low_speed_self_driving_vehicles/ROS_lectures/LAB3/src/iti_lab3/build/iti_lab3/build/lib/iti_lab3
[0.642s] copying iti_lab3/reset_node.py -> /home/ali/Engineering/ITI/low_speed_self_driving_vehicles/ROS_lectures/LAB3/src/iti_lab3/build/iti_lab3/build/lib/iti_lab3
[0.643s] copying iti_lab3/publisher_node.py -> /home/ali/Engineering/ITI/low_speed_self_driving_vehicles/ROS_lectures/LAB3/src/iti_lab3/build/iti_lab3/build/lib/iti_lab3
[0.643s] running install
[0.643s] running install_lib
[0.645s] creating /home/ali/Engineering/ITI/low_speed_self_driving_vehicles/ROS_lectures/LAB3/src/iti_lab3/install/iti_lab3/lib/python3.8/site-packages/iti_lab3
[0.645s] copying /home/ali/Engineering/ITI/low_speed_self_driving_vehicles/ROS_lectures/LAB3/src/iti_lab3/build/iti_lab3/build/lib/iti_lab3/__init__.py -> /home/ali/Engineering/ITI/low_speed_self_driving_vehicles/ROS_lectures/LAB3/src/iti_lab3/install/iti_lab3/lib/python3.8/site-packages/iti_lab3
[0.645s] copying /home/ali/Engineering/ITI/low_speed_self_driving_vehicles/ROS_lectures/LAB3/src/iti_lab3/build/iti_lab3/build/lib/iti_lab3/receiver_node.py -> /home/ali/Engineering/ITI/low_speed_self_driving_vehicles/ROS_lectures/LAB3/src/iti_lab3/install/iti_lab3/lib/python3.8/site-packages/iti_lab3
[0.645s] copying /home/ali/Engineering/ITI/low_speed_self_driving_vehicles/ROS_lectures/LAB3/src/iti_lab3/build/iti_lab3/build/lib/iti_lab3/reset_node.py -> /home/ali/Engineering/ITI/low_speed_self_driving_vehicles/ROS_lectures/LAB3/src/iti_lab3/install/iti_lab3/lib/python3.8/site-packages/iti_lab3
[0.645s] copying /home/ali/Engineering/ITI/low_speed_self_driving_vehicles/ROS_lectures/LAB3/src/iti_lab3/build/iti_lab3/build/lib/iti_lab3/publisher_node.py -> /home/ali/Engineering/ITI/low_speed_self_driving_vehicles/ROS_lectures/LAB3/src/iti_lab3/install/iti_lab3/lib/python3.8/site-packages/iti_lab3
[0.646s] byte-compiling /home/ali/Engineering/ITI/low_speed_self_driving_vehicles/ROS_lectures/LAB3/src/iti_lab3/install/iti_lab3/lib/python3.8/site-packages/iti_lab3/__init__.py to __init__.cpython-38.pyc
[0.647s] byte-compiling /home/ali/Engineering/ITI/low_speed_self_driving_vehicles/ROS_lectures/LAB3/src/iti_lab3/install/iti_lab3/lib/python3.8/site-packages/iti_lab3/receiver_node.py to receiver_node.cpython-38.pyc
[0.648s] byte-compiling /home/ali/Engineering/ITI/low_speed_self_driving_vehicles/ROS_lectures/LAB3/src/iti_lab3/install/iti_lab3/lib/python3.8/site-packages/iti_lab3/reset_node.py to reset_node.cpython-38.pyc
[0.648s] byte-compiling /home/ali/Engineering/ITI/low_speed_self_driving_vehicles/ROS_lectures/LAB3/src/iti_lab3/install/iti_lab3/lib/python3.8/site-packages/iti_lab3/publisher_node.py to publisher_node.cpython-38.pyc
[0.649s] running install_data
[0.650s] creating /home/ali/Engineering/ITI/low_speed_self_driving_vehicles/ROS_lectures/LAB3/src/iti_lab3/install/iti_lab3/share/ament_index
[0.650s] creating /home/ali/Engineering/ITI/low_speed_self_driving_vehicles/ROS_lectures/LAB3/src/iti_lab3/install/iti_lab3/share/ament_index/resource_index
[0.650s] creating /home/ali/Engineering/ITI/low_speed_self_driving_vehicles/ROS_lectures/LAB3/src/iti_lab3/install/iti_lab3/share/ament_index/resource_index/packages
[0.650s] copying resource/iti_lab3 -> /home/ali/Engineering/ITI/low_speed_self_driving_vehicles/ROS_lectures/LAB3/src/iti_lab3/install/iti_lab3/share/ament_index/resource_index/packages
[0.650s] copying package.xml -> /home/ali/Engineering/ITI/low_speed_self_driving_vehicles/ROS_lectures/LAB3/src/iti_lab3/install/iti_lab3/share/iti_lab3
[0.650s] copying launch/launch.launch.py -> /home/ali/Engineering/ITI/low_speed_self_driving_vehicles/ROS_lectures/LAB3/src/iti_lab3/install/iti_lab3/share/iti_lab3
[0.650s] running install_egg_info
[0.652s] Copying build/iti_lab3/iti_lab3.egg-info to /home/ali/Engineering/ITI/low_speed_self_driving_vehicles/ROS_lectures/LAB3/src/iti_lab3/install/iti_lab3/lib/python3.8/site-packages/iti_lab3-0.0.0-py3.8.egg-info
[0.653s] running install_scripts
[0.672s] Installing publisher_node script to /home/ali/Engineering/ITI/low_speed_self_driving_vehicles/ROS_lectures/LAB3/src/iti_lab3/install/iti_lab3/lib/iti_lab3
[0.672s] Installing receiver_node script to /home/ali/Engineering/ITI/low_speed_self_driving_vehicles/ROS_lectures/LAB3/src/iti_lab3/install/iti_lab3/lib/iti_lab3
[0.673s] Installing reset_node script to /home/ali/Engineering/ITI/low_speed_self_driving_vehicles/ROS_lectures/LAB3/src/iti_lab3/install/iti_lab3/lib/iti_lab3
[0.673s] writing list of installed files to '/home/ali/Engineering/ITI/low_speed_self_driving_vehicles/ROS_lectures/LAB3/src/iti_lab3/build/iti_lab3/install.log'
[0.707s] Invoked command in '/home/ali/Engineering/ITI/low_speed_self_driving_vehicles/ROS_lectures/LAB3/src/iti_lab3' returned '0': PYTHONPATH=/home/ali/Engineering/ITI/low_speed_self_driving_vehicles/ROS_lectures/LAB3/src/iti_lab3/install/iti_lab3/lib/python3.8/site-packages:${PYTHONPATH} /usr/bin/python3 setup.py egg_info --egg-base build/iti_lab3 build --build-base /home/ali/Engineering/ITI/low_speed_self_driving_vehicles/ROS_lectures/LAB3/src/iti_lab3/build/iti_lab3/build install --prefix /home/ali/Engineering/ITI/low_speed_self_driving_vehicles/ROS_lectures/LAB3/src/iti_lab3/install/iti_lab3 --record /home/ali/Engineering/ITI/low_speed_self_driving_vehicles/ROS_lectures/LAB3/src/iti_lab3/build/iti_lab3/install.log --single-version-externally-managed
