[0.317s] Invoking command in '/home/ali/Engineering/ITI/low_speed_self_driving_vehicles/ROS_lectures/LAB3/build/mymsgsrv': CMAKE_PREFIX_PATH=${CMAKE_PREFIX_PATH}:/home/ali/Engineering/ITI/low_speed_self_driving_vehicles/ROS_lectures/LAB3/install/iti_lab3:/home/ali/Engineering/ITI/low_speed_self_driving_vehicles/ROS_lectures/LAB2_ROS/install/iti_lab2:/home/ali/Engineering/ITI/low_speed_self_driving_vehicles/ROS_lectures/ROS_ws/install/pkg_name:/opt/ros/foxy /home/ali/anaconda3/bin/cmake --build /home/ali/Engineering/ITI/low_speed_self_driving_vehicles/ROS_lectures/LAB3/build/mymsgsrv -- -j4 -l4
[0.363s] [  2%] Built target mymsgsrv__cpp
[0.363s] [ 12%] Built target mymsgsrv__rosidl_generator_c
[0.388s] [ 23%] Built target mymsgsrv__rosidl_typesupport_cpp
[0.390s] [ 33%] Built target mymsgsrv__rosidl_typesupport_introspection_cpp
[0.398s] [ 43%] Built target mymsgsrv__rosidl_typesupport_fastrtps_cpp
[0.399s] [ 53%] Built target mymsgsrv__rosidl_typesupport_c
[0.411s] [ 64%] Built target mymsgsrv__rosidl_typesupport_introspection_c
[0.420s] [ 74%] Built target mymsgsrv__rosidl_typesupport_fastrtps_c
[0.435s] [ 74%] Built target mymsgsrv
[0.450s] [ 76%] Built target mymsgsrv__py
[0.466s] [ 84%] Built target mymsgsrv__python
[0.489s] [ 94%] Built target mymsgsrv__rosidl_typesupport_introspection_c__pyext
[0.489s] [ 94%] Built target mymsgsrv__rosidl_typesupport_fastrtps_c__pyext
[0.489s] [100%] Built target mymsgsrv__rosidl_typesupport_c__pyext
[0.498s] Invoked command in '/home/ali/Engineering/ITI/low_speed_self_driving_vehicles/ROS_lectures/LAB3/build/mymsgsrv' returned '0': CMAKE_PREFIX_PATH=${CMAKE_PREFIX_PATH}:/home/ali/Engineering/ITI/low_speed_self_driving_vehicles/ROS_lectures/LAB3/install/iti_lab3:/home/ali/Engineering/ITI/low_speed_self_driving_vehicles/ROS_lectures/LAB2_ROS/install/iti_lab2:/home/ali/Engineering/ITI/low_speed_self_driving_vehicles/ROS_lectures/ROS_ws/install/pkg_name:/opt/ros/foxy /home/ali/anaconda3/bin/cmake --build /home/ali/Engineering/ITI/low_speed_self_driving_vehicles/ROS_lectures/LAB3/build/mymsgsrv -- -j4 -l4
[0.576s] Invoking command in '/home/ali/Engineering/ITI/low_speed_self_driving_vehicles/ROS_lectures/LAB3/build/mymsgsrv': CMAKE_PREFIX_PATH=${CMAKE_PREFIX_PATH}:/home/ali/Engineering/ITI/low_speed_self_driving_vehicles/ROS_lectures/LAB3/install/iti_lab3:/home/ali/Engineering/ITI/low_speed_self_driving_vehicles/ROS_lectures/LAB2_ROS/install/iti_lab2:/home/ali/Engineering/ITI/low_speed_self_driving_vehicles/ROS_lectures/ROS_ws/install/pkg_name:/opt/ros/foxy /home/ali/anaconda3/bin/cmake --install /home/ali/Engineering/ITI/low_speed_self_driving_vehicles/ROS_lectures/LAB3/build/mymsgsrv
[0.583s] -- Install configuration: ""
[0.583s] -- Up-to-date: /home/ali/Engineering/ITI/low_speed_self_driving_vehicles/ROS_lectures/LAB3/install/mymsgsrv/share/ament_index/resource_index/rosidl_interfaces/mymsgsrv
[0.584s] -- Up-to-date: /home/ali/Engineering/ITI/low_speed_self_driving_vehicles/ROS_lectures/LAB3/install/mymsgsrv/include/mymsgsrv
[0.584s] -- Up-to-date: /home/ali/Engineering/ITI/low_speed_self_driving_vehicles/ROS_lectures/LAB3/install/mymsgsrv/include/mymsgsrv/msg
[0.584s] -- Up-to-date: /home/ali/Engineering/ITI/low_speed_self_driving_vehicles/ROS_lectures/LAB3/install/mymsgsrv/include/mymsgsrv/msg/custom_msg.h
[0.585s] -- Up-to-date: /home/ali/Engineering/ITI/low_speed_self_driving_vehicles/ROS_lectures/LAB3/install/mymsgsrv/include/mymsgsrv/msg/rosidl_generator_c__visibility_control.h
[0.585s] -- Up-to-date: /home/ali/Engineering/ITI/low_speed_self_driving_vehicles/ROS_lectures/LAB3/install/mymsgsrv/include/mymsgsrv/msg/detail
[0.585s] -- Up-to-date: /home/ali/Engineering/ITI/low_speed_self_driving_vehicles/ROS_lectures/LAB3/install/mymsgsrv/include/mymsgsrv/msg/detail/custom_msg__functions.h
[0.585s] -- Up-to-date: /home/ali/Engineering/ITI/low_speed_self_driving_vehicles/ROS_lectures/LAB3/install/mymsgsrv/include/mymsgsrv/msg/detail/custom_msg__type_support.h
[0.585s] -- Up-to-date: /home/ali/Engineering/ITI/low_speed_self_driving_vehicles/ROS_lectures/LAB3/install/mymsgsrv/include/mymsgsrv/msg/detail/custom_msg__struct.h
[0.586s] -- Up-to-date: /home/ali/Engineering/ITI/low_speed_self_driving_vehicles/ROS_lectures/LAB3/install/mymsgsrv/include/mymsgsrv/msg/detail/custom_msg__functions.c
[0.586s] -- Up-to-date: /home/ali/Engineering/ITI/low_speed_self_driving_vehicles/ROS_lectures/LAB3/install/mymsgsrv/include/mymsgsrv/srv
[0.586s] -- Up-to-date: /home/ali/Engineering/ITI/low_speed_self_driving_vehicles/ROS_lectures/LAB3/install/mymsgsrv/include/mymsgsrv/srv/detail
[0.586s] -- Up-to-date: /home/ali/Engineering/ITI/low_speed_self_driving_vehicles/ROS_lectures/LAB3/install/mymsgsrv/include/mymsgsrv/srv/detail/custom_srv__functions.c
[0.587s] -- Up-to-date: /home/ali/Engineering/ITI/low_speed_self_driving_vehicles/ROS_lectures/LAB3/install/mymsgsrv/include/mymsgsrv/srv/detail/custom_srv__struct.h
[0.587s] -- Up-to-date: /home/ali/Engineering/ITI/low_speed_self_driving_vehicles/ROS_lectures/LAB3/install/mymsgsrv/include/mymsgsrv/srv/detail/custom_srv__functions.h
[0.587s] -- Up-to-date: /home/ali/Engineering/ITI/low_speed_self_driving_vehicles/ROS_lectures/LAB3/install/mymsgsrv/include/mymsgsrv/srv/detail/custom_srv__type_support.h
[0.587s] -- Up-to-date: /home/ali/Engineering/ITI/low_speed_self_driving_vehicles/ROS_lectures/LAB3/install/mymsgsrv/include/mymsgsrv/srv/custom_srv.h
[0.587s] -- Up-to-date: /home/ali/Engineering/ITI/low_speed_self_driving_vehicles/ROS_lectures/LAB3/install/mymsgsrv/share/mymsgsrv/environment/library_path.sh
[0.587s] -- Up-to-date: /home/ali/Engineering/ITI/low_speed_self_driving_vehicles/ROS_lectures/LAB3/install/mymsgsrv/share/mymsgsrv/environment/library_path.dsv
[0.588s] -- Up-to-date: /home/ali/Engineering/ITI/low_speed_self_driving_vehicles/ROS_lectures/LAB3/install/mymsgsrv/lib/libmymsgsrv__rosidl_generator_c.so
[0.588s] -- Up-to-date: /home/ali/Engineering/ITI/low_speed_self_driving_vehicles/ROS_lectures/LAB3/install/mymsgsrv/include/mymsgsrv
[0.588s] -- Up-to-date: /home/ali/Engineering/ITI/low_speed_self_driving_vehicles/ROS_lectures/LAB3/install/mymsgsrv/include/mymsgsrv/msg
[0.588s] -- Up-to-date: /home/ali/Engineering/ITI/low_speed_self_driving_vehicles/ROS_lectures/LAB3/install/mymsgsrv/include/mymsgsrv/msg/rosidl_typesupport_fastrtps_c__visibility_control.h
[0.588s] -- Up-to-date: /home/ali/Engineering/ITI/low_speed_self_driving_vehicles/ROS_lectures/LAB3/install/mymsgsrv/include/mymsgsrv/msg/detail
[0.589s] -- Up-to-date: /home/ali/Engineering/ITI/low_speed_self_driving_vehicles/ROS_lectures/LAB3/install/mymsgsrv/include/mymsgsrv/msg/detail/custom_msg__rosidl_typesupport_fastrtps_c.h
[0.589s] -- Up-to-date: /home/ali/Engineering/ITI/low_speed_self_driving_vehicles/ROS_lectures/LAB3/install/mymsgsrv/include/mymsgsrv/srv
[0.589s] -- Up-to-date: /home/ali/Engineering/ITI/low_speed_self_driving_vehicles/ROS_lectures/LAB3/install/mymsgsrv/include/mymsgsrv/srv/detail
[0.589s] -- Up-to-date: /home/ali/Engineering/ITI/low_speed_self_driving_vehicles/ROS_lectures/LAB3/install/mymsgsrv/include/mymsgsrv/srv/detail/custom_srv__rosidl_typesupport_fastrtps_c.h
[0.589s] -- Up-to-date: /home/ali/Engineering/ITI/low_speed_self_driving_vehicles/ROS_lectures/LAB3/install/mymsgsrv/lib/libmymsgsrv__rosidl_typesupport_fastrtps_c.so
[0.590s] -- Up-to-date: /home/ali/Engineering/ITI/low_speed_self_driving_vehicles/ROS_lectures/LAB3/install/mymsgsrv/include/mymsgsrv
[0.590s] -- Up-to-date: /home/ali/Engineering/ITI/low_speed_self_driving_vehicles/ROS_lectures/LAB3/install/mymsgsrv/include/mymsgsrv/msg
[0.590s] -- Up-to-date: /home/ali/Engineering/ITI/low_speed_self_driving_vehicles/ROS_lectures/LAB3/install/mymsgsrv/include/mymsgsrv/msg/rosidl_typesupport_fastrtps_cpp__visibility_control.h
[0.590s] -- Up-to-date: /home/ali/Engineering/ITI/low_speed_self_driving_vehicles/ROS_lectures/LAB3/install/mymsgsrv/include/mymsgsrv/msg/detail
[0.590s] -- Up-to-date: /home/ali/Engineering/ITI/low_speed_self_driving_vehicles/ROS_lectures/LAB3/install/mymsgsrv/include/mymsgsrv/msg/detail/custom_msg__rosidl_typesupport_fastrtps_cpp.hpp
[0.590s] -- Up-to-date: /home/ali/Engineering/ITI/low_speed_self_driving_vehicles/ROS_lectures/LAB3/install/mymsgsrv/include/mymsgsrv/msg/detail/dds_fastrtps
[0.591s] -- Up-to-date: /home/ali/Engineering/ITI/low_speed_self_driving_vehicles/ROS_lectures/LAB3/install/mymsgsrv/include/mymsgsrv/srv
[0.591s] -- Up-to-date: /home/ali/Engineering/ITI/low_speed_self_driving_vehicles/ROS_lectures/LAB3/install/mymsgsrv/include/mymsgsrv/srv/detail
[0.591s] -- Up-to-date: /home/ali/Engineering/ITI/low_speed_self_driving_vehicles/ROS_lectures/LAB3/install/mymsgsrv/include/mymsgsrv/srv/detail/custom_srv__rosidl_typesupport_fastrtps_cpp.hpp
[0.591s] -- Up-to-date: /home/ali/Engineering/ITI/low_speed_self_driving_vehicles/ROS_lectures/LAB3/install/mymsgsrv/include/mymsgsrv/srv/detail/dds_fastrtps
[0.591s] -- Up-to-date: /home/ali/Engineering/ITI/low_speed_self_driving_vehicles/ROS_lectures/LAB3/install/mymsgsrv/lib/libmymsgsrv__rosidl_typesupport_fastrtps_cpp.so
[0.591s] -- Up-to-date: /home/ali/Engineering/ITI/low_speed_self_driving_vehicles/ROS_lectures/LAB3/install/mymsgsrv/include/mymsgsrv
[0.591s] -- Up-to-date: /home/ali/Engineering/ITI/low_speed_self_driving_vehicles/ROS_lectures/LAB3/install/mymsgsrv/include/mymsgsrv/msg
[0.592s] -- Up-to-date: /home/ali/Engineering/ITI/low_speed_self_driving_vehicles/ROS_lectures/LAB3/install/mymsgsrv/include/mymsgsrv/msg/detail
[0.592s] -- Up-to-date: /home/ali/Engineering/ITI/low_speed_self_driving_vehicles/ROS_lectures/LAB3/install/mymsgsrv/include/mymsgsrv/msg/detail/custom_msg__rosidl_typesupport_introspection_c.h
[0.592s] -- Up-to-date: /home/ali/Engineering/ITI/low_speed_self_driving_vehicles/ROS_lectures/LAB3/install/mymsgsrv/include/mymsgsrv/msg/detail/custom_msg__type_support.c
[0.592s] -- Up-to-date: /home/ali/Engineering/ITI/low_speed_self_driving_vehicles/ROS_lectures/LAB3/install/mymsgsrv/include/mymsgsrv/msg/rosidl_typesupport_introspection_c__visibility_control.h
[0.592s] -- Up-to-date: /home/ali/Engineering/ITI/low_speed_self_driving_vehicles/ROS_lectures/LAB3/install/mymsgsrv/include/mymsgsrv/srv
[0.592s] -- Up-to-date: /home/ali/Engineering/ITI/low_speed_self_driving_vehicles/ROS_lectures/LAB3/install/mymsgsrv/include/mymsgsrv/srv/detail
[0.592s] -- Up-to-date: /home/ali/Engineering/ITI/low_speed_self_driving_vehicles/ROS_lectures/LAB3/install/mymsgsrv/include/mymsgsrv/srv/detail/custom_srv__type_support.c
[0.593s] -- Up-to-date: /home/ali/Engineering/ITI/low_speed_self_driving_vehicles/ROS_lectures/LAB3/install/mymsgsrv/include/mymsgsrv/srv/detail/custom_srv__rosidl_typesupport_introspection_c.h
[0.593s] -- Up-to-date: /home/ali/Engineering/ITI/low_speed_self_driving_vehicles/ROS_lectures/LAB3/install/mymsgsrv/lib/libmymsgsrv__rosidl_typesupport_introspection_c.so
[0.593s] -- Up-to-date: /home/ali/Engineering/ITI/low_speed_self_driving_vehicles/ROS_lectures/LAB3/install/mymsgsrv/lib/libmymsgsrv__rosidl_typesupport_c.so
[0.593s] -- Up-to-date: /home/ali/Engineering/ITI/low_speed_self_driving_vehicles/ROS_lectures/LAB3/install/mymsgsrv/include/mymsgsrv
[0.593s] -- Up-to-date: /home/ali/Engineering/ITI/low_speed_self_driving_vehicles/ROS_lectures/LAB3/install/mymsgsrv/include/mymsgsrv/msg
[0.593s] -- Up-to-date: /home/ali/Engineering/ITI/low_speed_self_driving_vehicles/ROS_lectures/LAB3/install/mymsgsrv/include/mymsgsrv/msg/custom_msg.hpp
[0.594s] -- Up-to-date: /home/ali/Engineering/ITI/low_speed_self_driving_vehicles/ROS_lectures/LAB3/install/mymsgsrv/include/mymsgsrv/msg/detail
[0.594s] -- Up-to-date: /home/ali/Engineering/ITI/low_speed_self_driving_vehicles/ROS_lectures/LAB3/install/mymsgsrv/include/mymsgsrv/msg/detail/custom_msg__struct.hpp
[0.594s] -- Up-to-date: /home/ali/Engineering/ITI/low_speed_self_driving_vehicles/ROS_lectures/LAB3/install/mymsgsrv/include/mymsgsrv/msg/detail/custom_msg__builder.hpp
[0.594s] -- Up-to-date: /home/ali/Engineering/ITI/low_speed_self_driving_vehicles/ROS_lectures/LAB3/install/mymsgsrv/include/mymsgsrv/msg/detail/custom_msg__traits.hpp
[0.594s] -- Up-to-date: /home/ali/Engineering/ITI/low_speed_self_driving_vehicles/ROS_lectures/LAB3/install/mymsgsrv/include/mymsgsrv/srv
[0.594s] -- Up-to-date: /home/ali/Engineering/ITI/low_speed_self_driving_vehicles/ROS_lectures/LAB3/install/mymsgsrv/include/mymsgsrv/srv/custom_srv.hpp
[0.595s] -- Up-to-date: /home/ali/Engineering/ITI/low_speed_self_driving_vehicles/ROS_lectures/LAB3/install/mymsgsrv/include/mymsgsrv/srv/detail
[0.595s] -- Up-to-date: /home/ali/Engineering/ITI/low_speed_self_driving_vehicles/ROS_lectures/LAB3/install/mymsgsrv/include/mymsgsrv/srv/detail/custom_srv__struct.hpp
[0.595s] -- Up-to-date: /home/ali/Engineering/ITI/low_speed_self_driving_vehicles/ROS_lectures/LAB3/install/mymsgsrv/include/mymsgsrv/srv/detail/custom_srv__builder.hpp
[0.595s] -- Up-to-date: /home/ali/Engineering/ITI/low_speed_self_driving_vehicles/ROS_lectures/LAB3/install/mymsgsrv/include/mymsgsrv/srv/detail/custom_srv__traits.hpp
[0.595s] -- Up-to-date: /home/ali/Engineering/ITI/low_speed_self_driving_vehicles/ROS_lectures/LAB3/install/mymsgsrv/include/mymsgsrv
[0.595s] -- Up-to-date: /home/ali/Engineering/ITI/low_speed_self_driving_vehicles/ROS_lectures/LAB3/install/mymsgsrv/include/mymsgsrv/msg
[0.595s] -- Up-to-date: /home/ali/Engineering/ITI/low_speed_self_driving_vehicles/ROS_lectures/LAB3/install/mymsgsrv/include/mymsgsrv/msg/detail
[0.596s] -- Up-to-date: /home/ali/Engineering/ITI/low_speed_self_driving_vehicles/ROS_lectures/LAB3/install/mymsgsrv/include/mymsgsrv/msg/detail/custom_msg__rosidl_typesupport_introspection_cpp.hpp
[0.596s] -- Up-to-date: /home/ali/Engineering/ITI/low_speed_self_driving_vehicles/ROS_lectures/LAB3/install/mymsgsrv/include/mymsgsrv/msg/detail/custom_msg__type_support.cpp
[0.596s] -- Up-to-date: /home/ali/Engineering/ITI/low_speed_self_driving_vehicles/ROS_lectures/LAB3/install/mymsgsrv/include/mymsgsrv/srv
[0.596s] -- Up-to-date: /home/ali/Engineering/ITI/low_speed_self_driving_vehicles/ROS_lectures/LAB3/install/mymsgsrv/include/mymsgsrv/srv/detail
[0.596s] -- Up-to-date: /home/ali/Engineering/ITI/low_speed_self_driving_vehicles/ROS_lectures/LAB3/install/mymsgsrv/include/mymsgsrv/srv/detail/custom_srv__type_support.cpp
[0.596s] -- Up-to-date: /home/ali/Engineering/ITI/low_speed_self_driving_vehicles/ROS_lectures/LAB3/install/mymsgsrv/include/mymsgsrv/srv/detail/custom_srv__rosidl_typesupport_introspection_cpp.hpp
[0.597s] -- Up-to-date: /home/ali/Engineering/ITI/low_speed_self_driving_vehicles/ROS_lectures/LAB3/install/mymsgsrv/lib/libmymsgsrv__rosidl_typesupport_introspection_cpp.so
[0.597s] -- Up-to-date: /home/ali/Engineering/ITI/low_speed_self_driving_vehicles/ROS_lectures/LAB3/install/mymsgsrv/lib/libmymsgsrv__rosidl_typesupport_cpp.so
[0.597s] -- Up-to-date: /home/ali/Engineering/ITI/low_speed_self_driving_vehicles/ROS_lectures/LAB3/install/mymsgsrv/share/mymsgsrv/environment/pythonpath.sh
[0.597s] -- Up-to-date: /home/ali/Engineering/ITI/low_speed_self_driving_vehicles/ROS_lectures/LAB3/install/mymsgsrv/share/mymsgsrv/environment/pythonpath.dsv
[0.597s] -- Up-to-date: /home/ali/Engineering/ITI/low_speed_self_driving_vehicles/ROS_lectures/LAB3/install/mymsgsrv/lib/python3.8/site-packages/mymsgsrv/__init__.py
[0.641s] -- Up-to-date: /home/ali/Engineering/ITI/low_speed_self_driving_vehicles/ROS_lectures/LAB3/install/mymsgsrv/lib/python3.8/site-packages/mymsgsrv/msg
[0.641s] -- Up-to-date: /home/ali/Engineering/ITI/low_speed_self_driving_vehicles/ROS_lectures/LAB3/install/mymsgsrv/lib/python3.8/site-packages/mymsgsrv/msg/__init__.py
[0.642s] -- Up-to-date: /home/ali/Engineering/ITI/low_speed_self_driving_vehicles/ROS_lectures/LAB3/install/mymsgsrv/lib/python3.8/site-packages/mymsgsrv/msg/_custom_msg_s.c
[0.642s] -- Up-to-date: /home/ali/Engineering/ITI/low_speed_self_driving_vehicles/ROS_lectures/LAB3/install/mymsgsrv/lib/python3.8/site-packages/mymsgsrv/msg/_custom_msg.py
[0.642s] -- Up-to-date: /home/ali/Engineering/ITI/low_speed_self_driving_vehicles/ROS_lectures/LAB3/install/mymsgsrv/lib/python3.8/site-packages/mymsgsrv/srv
[0.642s] -- Up-to-date: /home/ali/Engineering/ITI/low_speed_self_driving_vehicles/ROS_lectures/LAB3/install/mymsgsrv/lib/python3.8/site-packages/mymsgsrv/srv/__init__.py
[0.642s] -- Up-to-date: /home/ali/Engineering/ITI/low_speed_self_driving_vehicles/ROS_lectures/LAB3/install/mymsgsrv/lib/python3.8/site-packages/mymsgsrv/srv/_custom_srv_s.c
[0.642s] -- Up-to-date: /home/ali/Engineering/ITI/low_speed_self_driving_vehicles/ROS_lectures/LAB3/install/mymsgsrv/lib/python3.8/site-packages/mymsgsrv/srv/_custom_srv.py
[0.643s] -- Up-to-date: /home/ali/Engineering/ITI/low_speed_self_driving_vehicles/ROS_lectures/LAB3/install/mymsgsrv/lib/python3.8/site-packages/mymsgsrv/mymsgsrv_s__rosidl_typesupport_fastrtps_c.cpython-38-x86_64-linux-gnu.so
[0.643s] -- Up-to-date: /home/ali/Engineering/ITI/low_speed_self_driving_vehicles/ROS_lectures/LAB3/install/mymsgsrv/lib/python3.8/site-packages/mymsgsrv/mymsgsrv_s__rosidl_typesupport_introspection_c.cpython-38-x86_64-linux-gnu.so
[0.643s] -- Up-to-date: /home/ali/Engineering/ITI/low_speed_self_driving_vehicles/ROS_lectures/LAB3/install/mymsgsrv/lib/python3.8/site-packages/mymsgsrv/mymsgsrv_s__rosidl_typesupport_c.cpython-38-x86_64-linux-gnu.so
[0.643s] -- Up-to-date: /home/ali/Engineering/ITI/low_speed_self_driving_vehicles/ROS_lectures/LAB3/install/mymsgsrv/lib/libmymsgsrv__python.so
[0.644s] -- Up-to-date: /home/ali/Engineering/ITI/low_speed_self_driving_vehicles/ROS_lectures/LAB3/install/mymsgsrv/share/mymsgsrv/msg/CustomMsg.idl
[0.644s] -- Up-to-date: /home/ali/Engineering/ITI/low_speed_self_driving_vehicles/ROS_lectures/LAB3/install/mymsgsrv/share/mymsgsrv/srv/CustomSrv.idl
[0.644s] -- Up-to-date: /home/ali/Engineering/ITI/low_speed_self_driving_vehicles/ROS_lectures/LAB3/install/mymsgsrv/share/mymsgsrv/msg/CustomMsg.msg
[0.644s] -- Up-to-date: /home/ali/Engineering/ITI/low_speed_self_driving_vehicles/ROS_lectures/LAB3/install/mymsgsrv/share/mymsgsrv/srv/CustomSrv.srv
[0.644s] -- Up-to-date: /home/ali/Engineering/ITI/low_speed_self_driving_vehicles/ROS_lectures/LAB3/install/mymsgsrv/share/mymsgsrv/srv/CustomSrv_Request.msg
[0.645s] -- Up-to-date: /home/ali/Engineering/ITI/low_speed_self_driving_vehicles/ROS_lectures/LAB3/install/mymsgsrv/share/mymsgsrv/srv/CustomSrv_Response.msg
[0.645s] -- Up-to-date: /home/ali/Engineering/ITI/low_speed_self_driving_vehicles/ROS_lectures/LAB3/install/mymsgsrv/share/ament_index/resource_index/package_run_dependencies/mymsgsrv
[0.645s] -- Up-to-date: /home/ali/Engineering/ITI/low_speed_self_driving_vehicles/ROS_lectures/LAB3/install/mymsgsrv/share/ament_index/resource_index/parent_prefix_path/mymsgsrv
[0.645s] -- Up-to-date: /home/ali/Engineering/ITI/low_speed_self_driving_vehicles/ROS_lectures/LAB3/install/mymsgsrv/share/mymsgsrv/environment/ament_prefix_path.sh
[0.645s] -- Up-to-date: /home/ali/Engineering/ITI/low_speed_self_driving_vehicles/ROS_lectures/LAB3/install/mymsgsrv/share/mymsgsrv/environment/ament_prefix_path.dsv
[0.645s] -- Up-to-date: /home/ali/Engineering/ITI/low_speed_self_driving_vehicles/ROS_lectures/LAB3/install/mymsgsrv/share/mymsgsrv/environment/path.sh
[0.645s] -- Up-to-date: /home/ali/Engineering/ITI/low_speed_self_driving_vehicles/ROS_lectures/LAB3/install/mymsgsrv/share/mymsgsrv/environment/path.dsv
[0.646s] -- Up-to-date: /home/ali/Engineering/ITI/low_speed_self_driving_vehicles/ROS_lectures/LAB3/install/mymsgsrv/share/mymsgsrv/local_setup.bash
[0.646s] -- Up-to-date: /home/ali/Engineering/ITI/low_speed_self_driving_vehicles/ROS_lectures/LAB3/install/mymsgsrv/share/mymsgsrv/local_setup.sh
[0.646s] -- Up-to-date: /home/ali/Engineering/ITI/low_speed_self_driving_vehicles/ROS_lectures/LAB3/install/mymsgsrv/share/mymsgsrv/local_setup.zsh
[0.646s] -- Up-to-date: /home/ali/Engineering/ITI/low_speed_self_driving_vehicles/ROS_lectures/LAB3/install/mymsgsrv/share/mymsgsrv/local_setup.dsv
[0.646s] -- Installing: /home/ali/Engineering/ITI/low_speed_self_driving_vehicles/ROS_lectures/LAB3/install/mymsgsrv/share/mymsgsrv/package.dsv
[0.646s] -- Up-to-date: /home/ali/Engineering/ITI/low_speed_self_driving_vehicles/ROS_lectures/LAB3/install/mymsgsrv/share/ament_index/resource_index/packages/mymsgsrv
[0.646s] -- Up-to-date: /home/ali/Engineering/ITI/low_speed_self_driving_vehicles/ROS_lectures/LAB3/install/mymsgsrv/share/mymsgsrv/cmake/mymsgsrv__rosidl_generator_cExport.cmake
[0.646s] -- Up-to-date: /home/ali/Engineering/ITI/low_speed_self_driving_vehicles/ROS_lectures/LAB3/install/mymsgsrv/share/mymsgsrv/cmake/mymsgsrv__rosidl_generator_cExport-noconfig.cmake
[0.646s] -- Up-to-date: /home/ali/Engineering/ITI/low_speed_self_driving_vehicles/ROS_lectures/LAB3/install/mymsgsrv/share/mymsgsrv/cmake/mymsgsrv__rosidl_typesupport_introspection_cExport.cmake
[0.647s] -- Up-to-date: /home/ali/Engineering/ITI/low_speed_self_driving_vehicles/ROS_lectures/LAB3/install/mymsgsrv/share/mymsgsrv/cmake/mymsgsrv__rosidl_typesupport_introspection_cExport-noconfig.cmake
[0.647s] -- Up-to-date: /home/ali/Engineering/ITI/low_speed_self_driving_vehicles/ROS_lectures/LAB3/install/mymsgsrv/share/mymsgsrv/cmake/mymsgsrv__rosidl_typesupport_cExport.cmake
[0.647s] -- Up-to-date: /home/ali/Engineering/ITI/low_speed_self_driving_vehicles/ROS_lectures/LAB3/install/mymsgsrv/share/mymsgsrv/cmake/mymsgsrv__rosidl_typesupport_cExport-noconfig.cmake
[0.647s] -- Up-to-date: /home/ali/Engineering/ITI/low_speed_self_driving_vehicles/ROS_lectures/LAB3/install/mymsgsrv/share/mymsgsrv/cmake/mymsgsrv__rosidl_generator_cppExport.cmake
[0.647s] -- Up-to-date: /home/ali/Engineering/ITI/low_speed_self_driving_vehicles/ROS_lectures/LAB3/install/mymsgsrv/share/mymsgsrv/cmake/mymsgsrv__rosidl_typesupport_introspection_cppExport.cmake
[0.647s] -- Up-to-date: /home/ali/Engineering/ITI/low_speed_self_driving_vehicles/ROS_lectures/LAB3/install/mymsgsrv/share/mymsgsrv/cmake/mymsgsrv__rosidl_typesupport_introspection_cppExport-noconfig.cmake
[0.647s] -- Up-to-date: /home/ali/Engineering/ITI/low_speed_self_driving_vehicles/ROS_lectures/LAB3/install/mymsgsrv/share/mymsgsrv/cmake/mymsgsrv__rosidl_typesupport_cppExport.cmake
[0.648s] -- Up-to-date: /home/ali/Engineering/ITI/low_speed_self_driving_vehicles/ROS_lectures/LAB3/install/mymsgsrv/share/mymsgsrv/cmake/mymsgsrv__rosidl_typesupport_cppExport-noconfig.cmake
[0.648s] -- Up-to-date: /home/ali/Engineering/ITI/low_speed_self_driving_vehicles/ROS_lectures/LAB3/install/mymsgsrv/share/mymsgsrv/cmake/rosidl_cmake-extras.cmake
[0.648s] -- Up-to-date: /home/ali/Engineering/ITI/low_speed_self_driving_vehicles/ROS_lectures/LAB3/install/mymsgsrv/share/mymsgsrv/cmake/ament_cmake_export_dependencies-extras.cmake
[0.648s] -- Up-to-date: /home/ali/Engineering/ITI/low_speed_self_driving_vehicles/ROS_lectures/LAB3/install/mymsgsrv/share/mymsgsrv/cmake/ament_cmake_export_libraries-extras.cmake
[0.648s] -- Up-to-date: /home/ali/Engineering/ITI/low_speed_self_driving_vehicles/ROS_lectures/LAB3/install/mymsgsrv/share/mymsgsrv/cmake/ament_cmake_export_targets-extras.cmake
[0.648s] -- Up-to-date: /home/ali/Engineering/ITI/low_speed_self_driving_vehicles/ROS_lectures/LAB3/install/mymsgsrv/share/mymsgsrv/cmake/ament_cmake_export_include_directories-extras.cmake
[0.648s] -- Up-to-date: /home/ali/Engineering/ITI/low_speed_self_driving_vehicles/ROS_lectures/LAB3/install/mymsgsrv/share/mymsgsrv/cmake/rosidl_cmake_export_typesupport_libraries-extras.cmake
[0.648s] -- Up-to-date: /home/ali/Engineering/ITI/low_speed_self_driving_vehicles/ROS_lectures/LAB3/install/mymsgsrv/share/mymsgsrv/cmake/rosidl_cmake_export_typesupport_targets-extras.cmake
[0.648s] -- Up-to-date: /home/ali/Engineering/ITI/low_speed_self_driving_vehicles/ROS_lectures/LAB3/install/mymsgsrv/share/mymsgsrv/cmake/mymsgsrvConfig.cmake
[0.648s] -- Up-to-date: /home/ali/Engineering/ITI/low_speed_self_driving_vehicles/ROS_lectures/LAB3/install/mymsgsrv/share/mymsgsrv/cmake/mymsgsrvConfig-version.cmake
[0.649s] -- Up-to-date: /home/ali/Engineering/ITI/low_speed_self_driving_vehicles/ROS_lectures/LAB3/install/mymsgsrv/share/mymsgsrv/package.xml
[0.652s] Invoked command in '/home/ali/Engineering/ITI/low_speed_self_driving_vehicles/ROS_lectures/LAB3/build/mymsgsrv' returned '0': CMAKE_PREFIX_PATH=${CMAKE_PREFIX_PATH}:/home/ali/Engineering/ITI/low_speed_self_driving_vehicles/ROS_lectures/LAB3/install/iti_lab3:/home/ali/Engineering/ITI/low_speed_self_driving_vehicles/ROS_lectures/LAB2_ROS/install/iti_lab2:/home/ali/Engineering/ITI/low_speed_self_driving_vehicles/ROS_lectures/ROS_ws/install/pkg_name:/opt/ros/foxy /home/ali/anaconda3/bin/cmake --install /home/ali/Engineering/ITI/low_speed_self_driving_vehicles/ROS_lectures/LAB3/build/mymsgsrv
