[0.715s] Invoking command in '/home/ali/Engineering/ITI/low_speed_self_driving_vehicles/ROS_lectures/LAB3/src/iti_lab3': PYTHONPATH=/home/ali/Engineering/ITI/low_speed_self_driving_vehicles/ROS_lectures/LAB3/install/iti_lab3/lib/python3.8/site-packages:${PYTHONPATH} /usr/bin/python3 setup.py egg_info --egg-base ../../build/iti_lab3 build --build-base /home/ali/Engineering/ITI/low_speed_self_driving_vehicles/ROS_lectures/LAB3/build/iti_lab3/build install --prefix /home/ali/Engineering/ITI/low_speed_self_driving_vehicles/ROS_lectures/LAB3/install/iti_lab3 --record /home/ali/Engineering/ITI/low_speed_self_driving_vehicles/ROS_lectures/LAB3/build/iti_lab3/install.log --single-version-externally-managed
[1.788s] running egg_info
[1.789s] writing ../../build/iti_lab3/iti_lab3.egg-info/PKG-INFO
[1.812s] writing dependency_links to ../../build/iti_lab3/iti_lab3.egg-info/dependency_links.txt
[1.812s] writing entry points to ../../build/iti_lab3/iti_lab3.egg-info/entry_points.txt
[1.813s] writing requirements to ../../build/iti_lab3/iti_lab3.egg-info/requires.txt
[1.813s] writing top-level names to ../../build/iti_lab3/iti_lab3.egg-info/top_level.txt
[2.529s] reading manifest file '../../build/iti_lab3/iti_lab3.egg-info/SOURCES.txt'
[2.559s] writing manifest file '../../build/iti_lab3/iti_lab3.egg-info/SOURCES.txt'
[2.560s] running build
[2.560s] running build_py
[2.595s] copying iti_lab3/receiver_node.py -> /home/ali/Engineering/ITI/low_speed_self_driving_vehicles/ROS_lectures/LAB3/build/iti_lab3/build/lib/iti_lab3
[2.625s] copying iti_lab3/reset_node.py -> /home/ali/Engineering/ITI/low_speed_self_driving_vehicles/ROS_lectures/LAB3/build/iti_lab3/build/lib/iti_lab3
[2.643s] copying iti_lab3/publisher_node.py -> /home/ali/Engineering/ITI/low_speed_self_driving_vehicles/ROS_lectures/LAB3/build/iti_lab3/build/lib/iti_lab3
[2.675s] running install
[2.676s] running install_lib
[2.779s] copying /home/ali/Engineering/ITI/low_speed_self_driving_vehicles/ROS_lectures/LAB3/build/iti_lab3/build/lib/iti_lab3/receiver_node.py -> /home/ali/Engineering/ITI/low_speed_self_driving_vehicles/ROS_lectures/LAB3/install/iti_lab3/lib/python3.8/site-packages/iti_lab3
[2.779s] copying /home/ali/Engineering/ITI/low_speed_self_driving_vehicles/ROS_lectures/LAB3/build/iti_lab3/build/lib/iti_lab3/reset_node.py -> /home/ali/Engineering/ITI/low_speed_self_driving_vehicles/ROS_lectures/LAB3/install/iti_lab3/lib/python3.8/site-packages/iti_lab3
[2.780s] copying /home/ali/Engineering/ITI/low_speed_self_driving_vehicles/ROS_lectures/LAB3/build/iti_lab3/build/lib/iti_lab3/publisher_node.py -> /home/ali/Engineering/ITI/low_speed_self_driving_vehicles/ROS_lectures/LAB3/install/iti_lab3/lib/python3.8/site-packages/iti_lab3
[2.791s] byte-compiling /home/ali/Engineering/ITI/low_speed_self_driving_vehicles/ROS_lectures/LAB3/install/iti_lab3/lib/python3.8/site-packages/iti_lab3/receiver_node.py to receiver_node.cpython-38.pyc
[2.793s] byte-compiling /home/ali/Engineering/ITI/low_speed_self_driving_vehicles/ROS_lectures/LAB3/install/iti_lab3/lib/python3.8/site-packages/iti_lab3/reset_node.py to reset_node.cpython-38.pyc
[2.793s] byte-compiling /home/ali/Engineering/ITI/low_speed_self_driving_vehicles/ROS_lectures/LAB3/install/iti_lab3/lib/python3.8/site-packages/iti_lab3/publisher_node.py to publisher_node.cpython-38.pyc
[2.794s] running install_data
[2.854s] copying launch/launch.launch.py -> /home/ali/Engineering/ITI/low_speed_self_driving_vehicles/ROS_lectures/LAB3/install/iti_lab3/share/iti_lab3
[2.855s] running install_egg_info
[2.938s] removing '/home/ali/Engineering/ITI/low_speed_self_driving_vehicles/ROS_lectures/LAB3/install/iti_lab3/lib/python3.8/site-packages/iti_lab3-0.0.0-py3.8.egg-info' (and everything under it)
[2.938s] Copying ../../build/iti_lab3/iti_lab3.egg-info to /home/ali/Engineering/ITI/low_speed_self_driving_vehicles/ROS_lectures/LAB3/install/iti_lab3/lib/python3.8/site-packages/iti_lab3-0.0.0-py3.8.egg-info
[2.974s] running install_scripts
[3.303s] Installing publisher_node script to /home/ali/Engineering/ITI/low_speed_self_driving_vehicles/ROS_lectures/LAB3/install/iti_lab3/lib/iti_lab3
[3.324s] Installing receiver_node script to /home/ali/Engineering/ITI/low_speed_self_driving_vehicles/ROS_lectures/LAB3/install/iti_lab3/lib/iti_lab3
[3.325s] Installing reset_node script to /home/ali/Engineering/ITI/low_speed_self_driving_vehicles/ROS_lectures/LAB3/install/iti_lab3/lib/iti_lab3
[3.325s] writing list of installed files to '/home/ali/Engineering/ITI/low_speed_self_driving_vehicles/ROS_lectures/LAB3/build/iti_lab3/install.log'
[3.356s] Invoked command in '/home/ali/Engineering/ITI/low_speed_self_driving_vehicles/ROS_lectures/LAB3/src/iti_lab3' returned '0': PYTHONPATH=/home/ali/Engineering/ITI/low_speed_self_driving_vehicles/ROS_lectures/LAB3/install/iti_lab3/lib/python3.8/site-packages:${PYTHONPATH} /usr/bin/python3 setup.py egg_info --egg-base ../../build/iti_lab3 build --build-base /home/ali/Engineering/ITI/low_speed_self_driving_vehicles/ROS_lectures/LAB3/build/iti_lab3/build install --prefix /home/ali/Engineering/ITI/low_speed_self_driving_vehicles/ROS_lectures/LAB3/install/iti_lab3 --record /home/ali/Engineering/ITI/low_speed_self_driving_vehicles/ROS_lectures/LAB3/build/iti_lab3/install.log --single-version-externally-managed
