[0.034s] Invoking command in '/home/ali/Engineering/ITI/low_speed_self_driving_vehicles/ROS_lectures/projectWs/build/cutomsrv': CMAKE_PREFIX_PATH=${CMAKE_PREFIX_PATH}:/home/ali/Engineering/ITI/low_speed_self_driving_vehicles/ROS_lectures/projectWs/install/ros2_project:/home/ali/Engineering/ITI/low_speed_self_driving_vehicles/ROS_lectures/LAB2_ROS/install/iti_lab2:/home/ali/Engineering/ITI/low_speed_self_driving_vehicles/ROS_lectures/ROS_ws/install/pkg_name:/opt/ros/foxy /home/ali/anaconda3/bin/cmake --build /home/ali/Engineering/ITI/low_speed_self_driving_vehicles/ROS_lectures/projectWs/build/cutomsrv -- -j4 -l4
[0.081s] [  9%] Built target cutomsrv__rosidl_generator_c
[0.084s] [ 12%] Built target cutomsrv__cpp
[0.112s] [ 22%] Built target cutomsrv__rosidl_typesupport_introspection_cpp
[0.114s] [ 32%] Built target cutomsrv__rosidl_typesupport_fastrtps_cpp
[0.121s] [ 41%] Built target cutomsrv__rosidl_typesupport_introspection_c
[0.125s] [ 51%] Built target cutomsrv__rosidl_typesupport_c
[0.135s] [ 61%] Built target cutomsrv__rosidl_typesupport_cpp
[0.138s] [ 70%] Built target cutomsrv__rosidl_typesupport_fastrtps_c
[0.154s] [ 70%] Built target cutomsrv
[0.170s] [ 74%] Built target cutomsrv__py
[0.186s] [ 80%] Built target cutomsrv__python
[0.210s] [ 87%] Built target cutomsrv__rosidl_typesupport_introspection_c__pyext
[0.210s] [ 93%] Built target cutomsrv__rosidl_typesupport_c__pyext
[0.210s] [100%] Built target cutomsrv__rosidl_typesupport_fastrtps_c__pyext
[0.443s] Invoked command in '/home/ali/Engineering/ITI/low_speed_self_driving_vehicles/ROS_lectures/projectWs/build/cutomsrv' returned '0': CMAKE_PREFIX_PATH=${CMAKE_PREFIX_PATH}:/home/ali/Engineering/ITI/low_speed_self_driving_vehicles/ROS_lectures/projectWs/install/ros2_project:/home/ali/Engineering/ITI/low_speed_self_driving_vehicles/ROS_lectures/LAB2_ROS/install/iti_lab2:/home/ali/Engineering/ITI/low_speed_self_driving_vehicles/ROS_lectures/ROS_ws/install/pkg_name:/opt/ros/foxy /home/ali/anaconda3/bin/cmake --build /home/ali/Engineering/ITI/low_speed_self_driving_vehicles/ROS_lectures/projectWs/build/cutomsrv -- -j4 -l4
[0.512s] Invoking command in '/home/ali/Engineering/ITI/low_speed_self_driving_vehicles/ROS_lectures/projectWs/build/cutomsrv': CMAKE_PREFIX_PATH=${CMAKE_PREFIX_PATH}:/home/ali/Engineering/ITI/low_speed_self_driving_vehicles/ROS_lectures/projectWs/install/ros2_project:/home/ali/Engineering/ITI/low_speed_self_driving_vehicles/ROS_lectures/LAB2_ROS/install/iti_lab2:/home/ali/Engineering/ITI/low_speed_self_driving_vehicles/ROS_lectures/ROS_ws/install/pkg_name:/opt/ros/foxy /home/ali/anaconda3/bin/cmake --install /home/ali/Engineering/ITI/low_speed_self_driving_vehicles/ROS_lectures/projectWs/build/cutomsrv
[0.521s] -- Install configuration: ""
[0.522s] -- Up-to-date: /home/ali/Engineering/ITI/low_speed_self_driving_vehicles/ROS_lectures/projectWs/install/cutomsrv/share/ament_index/resource_index/rosidl_interfaces/cutomsrv
[0.522s] -- Up-to-date: /home/ali/Engineering/ITI/low_speed_self_driving_vehicles/ROS_lectures/projectWs/install/cutomsrv/include/cutomsrv
[0.522s] -- Up-to-date: /home/ali/Engineering/ITI/low_speed_self_driving_vehicles/ROS_lectures/projectWs/install/cutomsrv/include/cutomsrv/msg
[0.522s] -- Up-to-date: /home/ali/Engineering/ITI/low_speed_self_driving_vehicles/ROS_lectures/projectWs/install/cutomsrv/include/cutomsrv/msg/rosidl_generator_c__visibility_control.h
[0.523s] -- Up-to-date: /home/ali/Engineering/ITI/low_speed_self_driving_vehicles/ROS_lectures/projectWs/install/cutomsrv/include/cutomsrv/srv
[0.523s] -- Up-to-date: /home/ali/Engineering/ITI/low_speed_self_driving_vehicles/ROS_lectures/projectWs/install/cutomsrv/include/cutomsrv/srv/detail
[0.523s] -- Up-to-date: /home/ali/Engineering/ITI/low_speed_self_driving_vehicles/ROS_lectures/projectWs/install/cutomsrv/include/cutomsrv/srv/detail/custom_srv__functions.c
[0.523s] -- Up-to-date: /home/ali/Engineering/ITI/low_speed_self_driving_vehicles/ROS_lectures/projectWs/install/cutomsrv/include/cutomsrv/srv/detail/custom_srv__struct.h
[0.523s] -- Up-to-date: /home/ali/Engineering/ITI/low_speed_self_driving_vehicles/ROS_lectures/projectWs/install/cutomsrv/include/cutomsrv/srv/detail/custom_srv__functions.h
[0.524s] -- Up-to-date: /home/ali/Engineering/ITI/low_speed_self_driving_vehicles/ROS_lectures/projectWs/install/cutomsrv/include/cutomsrv/srv/detail/custom_srv__type_support.h
[0.524s] -- Up-to-date: /home/ali/Engineering/ITI/low_speed_self_driving_vehicles/ROS_lectures/projectWs/install/cutomsrv/include/cutomsrv/srv/custom_srv.h
[0.524s] -- Up-to-date: /home/ali/Engineering/ITI/low_speed_self_driving_vehicles/ROS_lectures/projectWs/install/cutomsrv/share/cutomsrv/environment/library_path.sh
[0.524s] -- Up-to-date: /home/ali/Engineering/ITI/low_speed_self_driving_vehicles/ROS_lectures/projectWs/install/cutomsrv/share/cutomsrv/environment/library_path.dsv
[0.524s] -- Up-to-date: /home/ali/Engineering/ITI/low_speed_self_driving_vehicles/ROS_lectures/projectWs/install/cutomsrv/lib/libcutomsrv__rosidl_generator_c.so
[0.525s] -- Up-to-date: /home/ali/Engineering/ITI/low_speed_self_driving_vehicles/ROS_lectures/projectWs/install/cutomsrv/include/cutomsrv
[0.525s] -- Up-to-date: /home/ali/Engineering/ITI/low_speed_self_driving_vehicles/ROS_lectures/projectWs/install/cutomsrv/include/cutomsrv/msg
[0.525s] -- Up-to-date: /home/ali/Engineering/ITI/low_speed_self_driving_vehicles/ROS_lectures/projectWs/install/cutomsrv/include/cutomsrv/msg/rosidl_typesupport_fastrtps_c__visibility_control.h
[0.525s] -- Up-to-date: /home/ali/Engineering/ITI/low_speed_self_driving_vehicles/ROS_lectures/projectWs/install/cutomsrv/include/cutomsrv/srv
[0.525s] -- Up-to-date: /home/ali/Engineering/ITI/low_speed_self_driving_vehicles/ROS_lectures/projectWs/install/cutomsrv/include/cutomsrv/srv/detail
[0.525s] -- Up-to-date: /home/ali/Engineering/ITI/low_speed_self_driving_vehicles/ROS_lectures/projectWs/install/cutomsrv/include/cutomsrv/srv/detail/custom_srv__rosidl_typesupport_fastrtps_c.h
[0.526s] -- Up-to-date: /home/ali/Engineering/ITI/low_speed_self_driving_vehicles/ROS_lectures/projectWs/install/cutomsrv/lib/libcutomsrv__rosidl_typesupport_fastrtps_c.so
[0.526s] -- Up-to-date: /home/ali/Engineering/ITI/low_speed_self_driving_vehicles/ROS_lectures/projectWs/install/cutomsrv/include/cutomsrv
[0.526s] -- Up-to-date: /home/ali/Engineering/ITI/low_speed_self_driving_vehicles/ROS_lectures/projectWs/install/cutomsrv/include/cutomsrv/msg
[0.526s] -- Up-to-date: /home/ali/Engineering/ITI/low_speed_self_driving_vehicles/ROS_lectures/projectWs/install/cutomsrv/include/cutomsrv/msg/rosidl_typesupport_fastrtps_cpp__visibility_control.h
[0.526s] -- Up-to-date: /home/ali/Engineering/ITI/low_speed_self_driving_vehicles/ROS_lectures/projectWs/install/cutomsrv/include/cutomsrv/srv
[0.527s] -- Up-to-date: /home/ali/Engineering/ITI/low_speed_self_driving_vehicles/ROS_lectures/projectWs/install/cutomsrv/include/cutomsrv/srv/detail
[0.527s] -- Up-to-date: /home/ali/Engineering/ITI/low_speed_self_driving_vehicles/ROS_lectures/projectWs/install/cutomsrv/include/cutomsrv/srv/detail/custom_srv__rosidl_typesupport_fastrtps_cpp.hpp
[0.527s] -- Up-to-date: /home/ali/Engineering/ITI/low_speed_self_driving_vehicles/ROS_lectures/projectWs/install/cutomsrv/include/cutomsrv/srv/detail/dds_fastrtps
[0.527s] -- Up-to-date: /home/ali/Engineering/ITI/low_speed_self_driving_vehicles/ROS_lectures/projectWs/install/cutomsrv/lib/libcutomsrv__rosidl_typesupport_fastrtps_cpp.so
[0.528s] -- Up-to-date: /home/ali/Engineering/ITI/low_speed_self_driving_vehicles/ROS_lectures/projectWs/install/cutomsrv/include/cutomsrv
[0.528s] -- Up-to-date: /home/ali/Engineering/ITI/low_speed_self_driving_vehicles/ROS_lectures/projectWs/install/cutomsrv/include/cutomsrv/msg
[0.528s] -- Up-to-date: /home/ali/Engineering/ITI/low_speed_self_driving_vehicles/ROS_lectures/projectWs/install/cutomsrv/include/cutomsrv/msg/rosidl_typesupport_introspection_c__visibility_control.h
[0.528s] -- Up-to-date: /home/ali/Engineering/ITI/low_speed_self_driving_vehicles/ROS_lectures/projectWs/install/cutomsrv/include/cutomsrv/srv
[0.528s] -- Up-to-date: /home/ali/Engineering/ITI/low_speed_self_driving_vehicles/ROS_lectures/projectWs/install/cutomsrv/include/cutomsrv/srv/detail
[0.529s] -- Up-to-date: /home/ali/Engineering/ITI/low_speed_self_driving_vehicles/ROS_lectures/projectWs/install/cutomsrv/include/cutomsrv/srv/detail/custom_srv__type_support.c
[0.529s] -- Up-to-date: /home/ali/Engineering/ITI/low_speed_self_driving_vehicles/ROS_lectures/projectWs/install/cutomsrv/include/cutomsrv/srv/detail/custom_srv__rosidl_typesupport_introspection_c.h
[0.529s] -- Up-to-date: /home/ali/Engineering/ITI/low_speed_self_driving_vehicles/ROS_lectures/projectWs/install/cutomsrv/lib/libcutomsrv__rosidl_typesupport_introspection_c.so
[0.529s] -- Up-to-date: /home/ali/Engineering/ITI/low_speed_self_driving_vehicles/ROS_lectures/projectWs/install/cutomsrv/lib/libcutomsrv__rosidl_typesupport_c.so
[0.529s] -- Up-to-date: /home/ali/Engineering/ITI/low_speed_self_driving_vehicles/ROS_lectures/projectWs/install/cutomsrv/include/cutomsrv
[0.529s] -- Up-to-date: /home/ali/Engineering/ITI/low_speed_self_driving_vehicles/ROS_lectures/projectWs/install/cutomsrv/include/cutomsrv/srv
[0.529s] -- Up-to-date: /home/ali/Engineering/ITI/low_speed_self_driving_vehicles/ROS_lectures/projectWs/install/cutomsrv/include/cutomsrv/srv/custom_srv.hpp
[0.530s] -- Up-to-date: /home/ali/Engineering/ITI/low_speed_self_driving_vehicles/ROS_lectures/projectWs/install/cutomsrv/include/cutomsrv/srv/detail
[0.530s] -- Up-to-date: /home/ali/Engineering/ITI/low_speed_self_driving_vehicles/ROS_lectures/projectWs/install/cutomsrv/include/cutomsrv/srv/detail/custom_srv__struct.hpp
[0.530s] -- Up-to-date: /home/ali/Engineering/ITI/low_speed_self_driving_vehicles/ROS_lectures/projectWs/install/cutomsrv/include/cutomsrv/srv/detail/custom_srv__builder.hpp
[0.530s] -- Up-to-date: /home/ali/Engineering/ITI/low_speed_self_driving_vehicles/ROS_lectures/projectWs/install/cutomsrv/include/cutomsrv/srv/detail/custom_srv__traits.hpp
[0.530s] -- Up-to-date: /home/ali/Engineering/ITI/low_speed_self_driving_vehicles/ROS_lectures/projectWs/install/cutomsrv/include/cutomsrv
[0.530s] -- Up-to-date: /home/ali/Engineering/ITI/low_speed_self_driving_vehicles/ROS_lectures/projectWs/install/cutomsrv/include/cutomsrv/srv
[0.531s] -- Up-to-date: /home/ali/Engineering/ITI/low_speed_self_driving_vehicles/ROS_lectures/projectWs/install/cutomsrv/include/cutomsrv/srv/detail
[0.531s] -- Up-to-date: /home/ali/Engineering/ITI/low_speed_self_driving_vehicles/ROS_lectures/projectWs/install/cutomsrv/include/cutomsrv/srv/detail/custom_srv__type_support.cpp
[0.531s] -- Up-to-date: /home/ali/Engineering/ITI/low_speed_self_driving_vehicles/ROS_lectures/projectWs/install/cutomsrv/include/cutomsrv/srv/detail/custom_srv__rosidl_typesupport_introspection_cpp.hpp
[0.531s] -- Up-to-date: /home/ali/Engineering/ITI/low_speed_self_driving_vehicles/ROS_lectures/projectWs/install/cutomsrv/lib/libcutomsrv__rosidl_typesupport_introspection_cpp.so
[0.531s] -- Up-to-date: /home/ali/Engineering/ITI/low_speed_self_driving_vehicles/ROS_lectures/projectWs/install/cutomsrv/lib/libcutomsrv__rosidl_typesupport_cpp.so
[0.531s] -- Up-to-date: /home/ali/Engineering/ITI/low_speed_self_driving_vehicles/ROS_lectures/projectWs/install/cutomsrv/share/cutomsrv/environment/pythonpath.sh
[0.531s] -- Up-to-date: /home/ali/Engineering/ITI/low_speed_self_driving_vehicles/ROS_lectures/projectWs/install/cutomsrv/share/cutomsrv/environment/pythonpath.dsv
[0.532s] -- Up-to-date: /home/ali/Engineering/ITI/low_speed_self_driving_vehicles/ROS_lectures/projectWs/install/cutomsrv/lib/python3.8/site-packages/cutomsrv/__init__.py
[0.586s] -- Up-to-date: /home/ali/Engineering/ITI/low_speed_self_driving_vehicles/ROS_lectures/projectWs/install/cutomsrv/lib/python3.8/site-packages/cutomsrv/srv
[0.586s] -- Up-to-date: /home/ali/Engineering/ITI/low_speed_self_driving_vehicles/ROS_lectures/projectWs/install/cutomsrv/lib/python3.8/site-packages/cutomsrv/srv/__init__.py
[0.586s] -- Up-to-date: /home/ali/Engineering/ITI/low_speed_self_driving_vehicles/ROS_lectures/projectWs/install/cutomsrv/lib/python3.8/site-packages/cutomsrv/srv/_custom_srv_s.c
[0.586s] -- Up-to-date: /home/ali/Engineering/ITI/low_speed_self_driving_vehicles/ROS_lectures/projectWs/install/cutomsrv/lib/python3.8/site-packages/cutomsrv/srv/_custom_srv.py
[0.587s] -- Up-to-date: /home/ali/Engineering/ITI/low_speed_self_driving_vehicles/ROS_lectures/projectWs/install/cutomsrv/lib/python3.8/site-packages/cutomsrv/cutomsrv_s__rosidl_typesupport_fastrtps_c.cpython-38-x86_64-linux-gnu.so
[0.587s] -- Up-to-date: /home/ali/Engineering/ITI/low_speed_self_driving_vehicles/ROS_lectures/projectWs/install/cutomsrv/lib/python3.8/site-packages/cutomsrv/cutomsrv_s__rosidl_typesupport_introspection_c.cpython-38-x86_64-linux-gnu.so
[0.587s] -- Up-to-date: /home/ali/Engineering/ITI/low_speed_self_driving_vehicles/ROS_lectures/projectWs/install/cutomsrv/lib/python3.8/site-packages/cutomsrv/cutomsrv_s__rosidl_typesupport_c.cpython-38-x86_64-linux-gnu.so
[0.588s] -- Up-to-date: /home/ali/Engineering/ITI/low_speed_self_driving_vehicles/ROS_lectures/projectWs/install/cutomsrv/lib/libcutomsrv__python.so
[0.588s] -- Up-to-date: /home/ali/Engineering/ITI/low_speed_self_driving_vehicles/ROS_lectures/projectWs/install/cutomsrv/share/cutomsrv/srv/CustomSrv.idl
[0.588s] -- Up-to-date: /home/ali/Engineering/ITI/low_speed_self_driving_vehicles/ROS_lectures/projectWs/install/cutomsrv/share/cutomsrv/srv/CustomSrv.srv
[0.589s] -- Up-to-date: /home/ali/Engineering/ITI/low_speed_self_driving_vehicles/ROS_lectures/projectWs/install/cutomsrv/share/cutomsrv/srv/CustomSrv_Request.msg
[0.589s] -- Up-to-date: /home/ali/Engineering/ITI/low_speed_self_driving_vehicles/ROS_lectures/projectWs/install/cutomsrv/share/cutomsrv/srv/CustomSrv_Response.msg
[0.589s] -- Up-to-date: /home/ali/Engineering/ITI/low_speed_self_driving_vehicles/ROS_lectures/projectWs/install/cutomsrv/share/ament_index/resource_index/package_run_dependencies/cutomsrv
[0.589s] -- Up-to-date: /home/ali/Engineering/ITI/low_speed_self_driving_vehicles/ROS_lectures/projectWs/install/cutomsrv/share/ament_index/resource_index/parent_prefix_path/cutomsrv
[0.590s] -- Up-to-date: /home/ali/Engineering/ITI/low_speed_self_driving_vehicles/ROS_lectures/projectWs/install/cutomsrv/share/cutomsrv/environment/ament_prefix_path.sh
[0.590s] -- Up-to-date: /home/ali/Engineering/ITI/low_speed_self_driving_vehicles/ROS_lectures/projectWs/install/cutomsrv/share/cutomsrv/environment/ament_prefix_path.dsv
[0.590s] -- Up-to-date: /home/ali/Engineering/ITI/low_speed_self_driving_vehicles/ROS_lectures/projectWs/install/cutomsrv/share/cutomsrv/environment/path.sh
[0.590s] -- Up-to-date: /home/ali/Engineering/ITI/low_speed_self_driving_vehicles/ROS_lectures/projectWs/install/cutomsrv/share/cutomsrv/environment/path.dsv
[0.591s] -- Up-to-date: /home/ali/Engineering/ITI/low_speed_self_driving_vehicles/ROS_lectures/projectWs/install/cutomsrv/share/cutomsrv/local_setup.bash
[0.591s] -- Up-to-date: /home/ali/Engineering/ITI/low_speed_self_driving_vehicles/ROS_lectures/projectWs/install/cutomsrv/share/cutomsrv/local_setup.sh
[0.591s] -- Up-to-date: /home/ali/Engineering/ITI/low_speed_self_driving_vehicles/ROS_lectures/projectWs/install/cutomsrv/share/cutomsrv/local_setup.zsh
[0.591s] -- Up-to-date: /home/ali/Engineering/ITI/low_speed_self_driving_vehicles/ROS_lectures/projectWs/install/cutomsrv/share/cutomsrv/local_setup.dsv
[0.592s] -- Installing: /home/ali/Engineering/ITI/low_speed_self_driving_vehicles/ROS_lectures/projectWs/install/cutomsrv/share/cutomsrv/package.dsv
[0.592s] -- Up-to-date: /home/ali/Engineering/ITI/low_speed_self_driving_vehicles/ROS_lectures/projectWs/install/cutomsrv/share/ament_index/resource_index/packages/cutomsrv
[0.592s] -- Up-to-date: /home/ali/Engineering/ITI/low_speed_self_driving_vehicles/ROS_lectures/projectWs/install/cutomsrv/share/cutomsrv/cmake/cutomsrv__rosidl_generator_cExport.cmake
[0.592s] -- Up-to-date: /home/ali/Engineering/ITI/low_speed_self_driving_vehicles/ROS_lectures/projectWs/install/cutomsrv/share/cutomsrv/cmake/cutomsrv__rosidl_generator_cExport-noconfig.cmake
[0.592s] -- Up-to-date: /home/ali/Engineering/ITI/low_speed_self_driving_vehicles/ROS_lectures/projectWs/install/cutomsrv/share/cutomsrv/cmake/cutomsrv__rosidl_typesupport_introspection_cExport.cmake
[0.592s] -- Up-to-date: /home/ali/Engineering/ITI/low_speed_self_driving_vehicles/ROS_lectures/projectWs/install/cutomsrv/share/cutomsrv/cmake/cutomsrv__rosidl_typesupport_introspection_cExport-noconfig.cmake
[0.592s] -- Up-to-date: /home/ali/Engineering/ITI/low_speed_self_driving_vehicles/ROS_lectures/projectWs/install/cutomsrv/share/cutomsrv/cmake/cutomsrv__rosidl_typesupport_cExport.cmake
[0.592s] -- Up-to-date: /home/ali/Engineering/ITI/low_speed_self_driving_vehicles/ROS_lectures/projectWs/install/cutomsrv/share/cutomsrv/cmake/cutomsrv__rosidl_typesupport_cExport-noconfig.cmake
[0.593s] -- Up-to-date: /home/ali/Engineering/ITI/low_speed_self_driving_vehicles/ROS_lectures/projectWs/install/cutomsrv/share/cutomsrv/cmake/cutomsrv__rosidl_generator_cppExport.cmake
[0.593s] -- Up-to-date: /home/ali/Engineering/ITI/low_speed_self_driving_vehicles/ROS_lectures/projectWs/install/cutomsrv/share/cutomsrv/cmake/cutomsrv__rosidl_typesupport_introspection_cppExport.cmake
[0.593s] -- Up-to-date: /home/ali/Engineering/ITI/low_speed_self_driving_vehicles/ROS_lectures/projectWs/install/cutomsrv/share/cutomsrv/cmake/cutomsrv__rosidl_typesupport_introspection_cppExport-noconfig.cmake
[0.594s] -- Up-to-date: /home/ali/Engineering/ITI/low_speed_self_driving_vehicles/ROS_lectures/projectWs/install/cutomsrv/share/cutomsrv/cmake/cutomsrv__rosidl_typesupport_cppExport.cmake
[0.595s] -- Up-to-date: /home/ali/Engineering/ITI/low_speed_self_driving_vehicles/ROS_lectures/projectWs/install/cutomsrv/share/cutomsrv/cmake/cutomsrv__rosidl_typesupport_cppExport-noconfig.cmake
[0.596s] -- Up-to-date: /home/ali/Engineering/ITI/low_speed_self_driving_vehicles/ROS_lectures/projectWs/install/cutomsrv/share/cutomsrv/cmake/rosidl_cmake-extras.cmake
[0.596s] -- Up-to-date: /home/ali/Engineering/ITI/low_speed_self_driving_vehicles/ROS_lectures/projectWs/install/cutomsrv/share/cutomsrv/cmake/ament_cmake_export_dependencies-extras.cmake
[0.596s] -- Up-to-date: /home/ali/Engineering/ITI/low_speed_self_driving_vehicles/ROS_lectures/projectWs/install/cutomsrv/share/cutomsrv/cmake/ament_cmake_export_libraries-extras.cmake
[0.596s] -- Up-to-date: /home/ali/Engineering/ITI/low_speed_self_driving_vehicles/ROS_lectures/projectWs/install/cutomsrv/share/cutomsrv/cmake/ament_cmake_export_targets-extras.cmake
[0.597s] -- Up-to-date: /home/ali/Engineering/ITI/low_speed_self_driving_vehicles/ROS_lectures/projectWs/install/cutomsrv/share/cutomsrv/cmake/ament_cmake_export_include_directories-extras.cmake
[0.597s] -- Up-to-date: /home/ali/Engineering/ITI/low_speed_self_driving_vehicles/ROS_lectures/projectWs/install/cutomsrv/share/cutomsrv/cmake/rosidl_cmake_export_typesupport_libraries-extras.cmake
[0.597s] -- Up-to-date: /home/ali/Engineering/ITI/low_speed_self_driving_vehicles/ROS_lectures/projectWs/install/cutomsrv/share/cutomsrv/cmake/rosidl_cmake_export_typesupport_targets-extras.cmake
[0.597s] -- Up-to-date: /home/ali/Engineering/ITI/low_speed_self_driving_vehicles/ROS_lectures/projectWs/install/cutomsrv/share/cutomsrv/cmake/cutomsrvConfig.cmake
[0.597s] -- Up-to-date: /home/ali/Engineering/ITI/low_speed_self_driving_vehicles/ROS_lectures/projectWs/install/cutomsrv/share/cutomsrv/cmake/cutomsrvConfig-version.cmake
[0.598s] -- Up-to-date: /home/ali/Engineering/ITI/low_speed_self_driving_vehicles/ROS_lectures/projectWs/install/cutomsrv/share/cutomsrv/package.xml
[0.599s] Invoked command in '/home/ali/Engineering/ITI/low_speed_self_driving_vehicles/ROS_lectures/projectWs/build/cutomsrv' returned '0': CMAKE_PREFIX_PATH=${CMAKE_PREFIX_PATH}:/home/ali/Engineering/ITI/low_speed_self_driving_vehicles/ROS_lectures/projectWs/install/ros2_project:/home/ali/Engineering/ITI/low_speed_self_driving_vehicles/ROS_lectures/LAB2_ROS/install/iti_lab2:/home/ali/Engineering/ITI/low_speed_self_driving_vehicles/ROS_lectures/ROS_ws/install/pkg_name:/opt/ros/foxy /home/ali/anaconda3/bin/cmake --install /home/ali/Engineering/ITI/low_speed_self_driving_vehicles/ROS_lectures/projectWs/build/cutomsrv
