-- The C compiler identification is GNU 9.3.0
-- The CXX compiler identification is GNU 9.3.0
-- Detecting C compiler ABI info
-- Detecting C compiler ABI info - done
-- Check for working C compiler: /usr/bin/cc - skipped
-- Detecting C compile features
-- Detecting C compile features - done
-- Detecting CXX compiler ABI info
-- Detecting CXX compiler ABI info - done
-- Check for working CXX compiler: /usr/bin/c++ - skipped
-- Detecting CXX compile features
-- Detecting CXX compile features - done
-- Found ament_cmake: 0.9.8 (/opt/ros/foxy/share/ament_cmake/cmake)
-- Found PythonInterp: /home/ali/anaconda3/bin/python3 (found suitable version "3.8.8", minimum required is "3") 
-- Using PYTHON_EXECUTABLE: /home/ali/anaconda3/bin/python3
-- Found rosidl_default_generators: 1.0.1 (/opt/ros/foxy/share/rosidl_default_generators/cmake)
-- Using all available rosidl_typesupport_c: rosidl_typesupport_fastrtps_c;rosidl_typesupport_introspection_c
-- Found rosidl_adapter: 1.2.1 (/opt/ros/foxy/share/rosidl_adapter/cmake)
-- Found OpenSSL: /home/ali/anaconda3/lib/libcrypto.so (found version "1.1.1k")  
-- Found FastRTPS: /opt/ros/foxy/include  
-- Using all available rosidl_typesupport_cpp: rosidl_typesupport_fastrtps_cpp;rosidl_typesupport_introspection_cpp
-- Found PythonInterp: /home/ali/anaconda3/bin/python3 (found version "3.8.8") 
-- Found ament_cmake_ros: 0.9.1 (/opt/ros/foxy/share/ament_cmake_ros/cmake)
-- Using all available rosidl_typesupport_c: rosidl_typesupport_fastrtps_c;rosidl_typesupport_introspection_c
-- Using all available rosidl_typesupport_cpp: rosidl_typesupport_fastrtps_cpp;rosidl_typesupport_introspection_cpp
-- Found PythonInterp: /home/ali/anaconda3/bin/python3 (found suitable version "3.8.8", minimum required is "3.5") 
-- Found python_cmake_module: 0.8.1 (/opt/ros/foxy/share/python_cmake_module/cmake)
-- Found PythonLibs: /home/ali/anaconda3/lib/libpython3.8.so (found suitable version "3.8.8", minimum required is "3.5") 
-- Using PYTHON_EXECUTABLE: /home/ali/anaconda3/bin/python3
-- Using PYTHON_INCLUDE_DIRS: /home/ali/anaconda3/include/python3.8
-- Using PYTHON_LIBRARIES: /home/ali/anaconda3/lib/libpython3.8.so
-- Found PythonExtra: .so  
-- Using numpy include directory: /home/ali/.local/lib/python3.8/site-packages/numpy/core/include
-- Found ament_lint_auto: 0.9.6 (/opt/ros/foxy/share/ament_lint_auto/cmake)
-- Added test 'copyright' to check source files copyright and LICENSE
-- Added test 'lint_cmake' to check CMake code style
-- Added test 'xmllint' to check XML markup files
-- Configuring done
-- Generating done
-- Build files have been written to: /home/ali/Engineering/ITI/low_speed_self_driving_vehicles/ROS_lectures/projectWs/build/cutomsrv
[  3%] [34m[1mGenerating C code for ROS interfaces[0m
[35m[1mScanning dependencies of target cutomsrv__cpp[0m
[  6%] [34m[1mGenerating C++ code for ROS interfaces[0m
[  6%] Built target cutomsrv__cpp
[  9%] [34m[1mGenerating C++ type support for eProsima Fast-RTPS[0m
[ 12%] [34m[1mGenerating C++ introspection for ROS interfaces[0m
[ 16%] [34m[1mGenerating C++ type support dispatch for ROS interfaces[0m
[35m[1mScanning dependencies of target cutomsrv__rosidl_generator_c[0m
[ 19%] [32mBuilding C object CMakeFiles/cutomsrv__rosidl_generator_c.dir/rosidl_generator_c/cutomsrv/srv/detail/custom_srv__functions.c.o[0m
[ 22%] [32m[1mLinking C shared library libcutomsrv__rosidl_generator_c.so[0m
[ 22%] Built target cutomsrv__rosidl_generator_c
[ 25%] [34m[1mGenerating C type support dispatch for ROS interfaces[0m
[35m[1mScanning dependencies of target cutomsrv__rosidl_typesupport_cpp[0m
[35m[1mScanning dependencies of target cutomsrv__rosidl_typesupport_introspection_cpp[0m
[35m[1mScanning dependencies of target cutomsrv__rosidl_typesupport_fastrtps_cpp[0m
[ 29%] [32mBuilding CXX object CMakeFiles/cutomsrv__rosidl_typesupport_cpp.dir/rosidl_typesupport_cpp/cutomsrv/srv/custom_srv__type_support.cpp.o[0m
[ 32%] [32mBuilding CXX object CMakeFiles/cutomsrv__rosidl_typesupport_introspection_cpp.dir/rosidl_typesupport_introspection_cpp/cutomsrv/srv/detail/custom_srv__type_support.cpp.o[0m
[35m[1mScanning dependencies of target cutomsrv__rosidl_typesupport_c[0m
[ 35%] [32mBuilding CXX object CMakeFiles/cutomsrv__rosidl_typesupport_c.dir/rosidl_typesupport_c/cutomsrv/srv/custom_srv__type_support.cpp.o[0m
[ 38%] [32mBuilding CXX object CMakeFiles/cutomsrv__rosidl_typesupport_fastrtps_cpp.dir/rosidl_typesupport_fastrtps_cpp/cutomsrv/srv/detail/dds_fastrtps/custom_srv__type_support.cpp.o[0m
[ 41%] [32m[1mLinking CXX shared library libcutomsrv__rosidl_typesupport_c.so[0m
[ 41%] Built target cutomsrv__rosidl_typesupport_c
[ 45%] [34m[1mGenerating C introspection for ROS interfaces[0m
[35m[1mScanning dependencies of target cutomsrv__rosidl_typesupport_introspection_c[0m
[ 48%] [32mBuilding C object CMakeFiles/cutomsrv__rosidl_typesupport_introspection_c.dir/rosidl_typesupport_introspection_c/cutomsrv/srv/detail/custom_srv__type_support.c.o[0m
[ 51%] [32m[1mLinking C shared library libcutomsrv__rosidl_typesupport_introspection_c.so[0m
[ 51%] Built target cutomsrv__rosidl_typesupport_introspection_c
[ 54%] [32m[1mLinking CXX shared library libcutomsrv__rosidl_typesupport_cpp.so[0m
[ 58%] [32m[1mLinking CXX shared library libcutomsrv__rosidl_typesupport_introspection_cpp.so[0m
[ 58%] Built target cutomsrv__rosidl_typesupport_cpp
[ 58%] Built target cutomsrv__rosidl_typesupport_introspection_cpp
[ 61%] [32m[1mLinking CXX shared library libcutomsrv__rosidl_typesupport_fastrtps_cpp.so[0m
[ 61%] Built target cutomsrv__rosidl_typesupport_fastrtps_cpp
[ 64%] [34m[1mGenerating C type support for eProsima Fast-RTPS[0m
[35m[1mScanning dependencies of target cutomsrv__rosidl_typesupport_fastrtps_c[0m
[ 67%] [32mBuilding CXX object CMakeFiles/cutomsrv__rosidl_typesupport_fastrtps_c.dir/rosidl_typesupport_fastrtps_c/cutomsrv/srv/detail/custom_srv__type_support_c.cpp.o[0m
[ 70%] [32m[1mLinking CXX shared library libcutomsrv__rosidl_typesupport_fastrtps_c.so[0m
[ 70%] Built target cutomsrv__rosidl_typesupport_fastrtps_c
[35m[1mScanning dependencies of target cutomsrv[0m
[ 70%] Built target cutomsrv
[35m[1mScanning dependencies of target cutomsrv__py[0m
[ 74%] [34m[1mGenerating Python code for ROS interfaces[0m
[ 74%] Built target cutomsrv__py
[35m[1mScanning dependencies of target cutomsrv__python[0m
[ 77%] [32mBuilding C object CMakeFiles/cutomsrv__python.dir/rosidl_generator_py/cutomsrv/srv/_custom_srv_s.c.o[0m
[ 80%] [32m[1mLinking C shared library rosidl_generator_py/cutomsrv/libcutomsrv__python.so[0m
[ 80%] Built target cutomsrv__python
[35m[1mScanning dependencies of target cutomsrv__rosidl_typesupport_introspection_c__pyext[0m
[35m[1mScanning dependencies of target cutomsrv__rosidl_typesupport_fastrtps_c__pyext[0m
[35m[1mScanning dependencies of target cutomsrv__rosidl_typesupport_c__pyext[0m
[ 83%] [32mBuilding C object CMakeFiles/cutomsrv__rosidl_typesupport_fastrtps_c__pyext.dir/rosidl_generator_py/cutomsrv/_cutomsrv_s.ep.rosidl_typesupport_fastrtps_c.c.o[0m
[ 87%] [32mBuilding C object CMakeFiles/cutomsrv__rosidl_typesupport_introspection_c__pyext.dir/rosidl_generator_py/cutomsrv/_cutomsrv_s.ep.rosidl_typesupport_introspection_c.c.o[0m
[ 90%] [32mBuilding C object CMakeFiles/cutomsrv__rosidl_typesupport_c__pyext.dir/rosidl_generator_py/cutomsrv/_cutomsrv_s.ep.rosidl_typesupport_c.c.o[0m
[ 93%] [32m[1mLinking C shared library rosidl_generator_py/cutomsrv/cutomsrv_s__rosidl_typesupport_c.cpython-38-x86_64-linux-gnu.so[0m
[ 93%] Built target cutomsrv__rosidl_typesupport_c__pyext
[ 96%] [32m[1mLinking C shared library rosidl_generator_py/cutomsrv/cutomsrv_s__rosidl_typesupport_introspection_c.cpython-38-x86_64-linux-gnu.so[0m
[100%] [32m[1mLinking CXX shared library rosidl_generator_py/cutomsrv/cutomsrv_s__rosidl_typesupport_fastrtps_c.cpython-38-x86_64-linux-gnu.so[0m
[100%] Built target cutomsrv__rosidl_typesupport_introspection_c__pyext
[100%] Built target cutomsrv__rosidl_typesupport_fastrtps_c__pyext
-- Install configuration: ""
-- Installing: /home/ali/Engineering/ITI/low_speed_self_driving_vehicles/ROS_lectures/projectWs/install/cutomsrv/share/ament_index/resource_index/rosidl_interfaces/cutomsrv
-- Installing: /home/ali/Engineering/ITI/low_speed_self_driving_vehicles/ROS_lectures/projectWs/install/cutomsrv/include/cutomsrv
-- Installing: /home/ali/Engineering/ITI/low_speed_self_driving_vehicles/ROS_lectures/projectWs/install/cutomsrv/include/cutomsrv/msg
-- Installing: /home/ali/Engineering/ITI/low_speed_self_driving_vehicles/ROS_lectures/projectWs/install/cutomsrv/include/cutomsrv/msg/rosidl_generator_c__visibility_control.h
-- Installing: /home/ali/Engineering/ITI/low_speed_self_driving_vehicles/ROS_lectures/projectWs/install/cutomsrv/include/cutomsrv/srv
-- Installing: /home/ali/Engineering/ITI/low_speed_self_driving_vehicles/ROS_lectures/projectWs/install/cutomsrv/include/cutomsrv/srv/detail
-- Installing: /home/ali/Engineering/ITI/low_speed_self_driving_vehicles/ROS_lectures/projectWs/install/cutomsrv/include/cutomsrv/srv/detail/custom_srv__functions.c
-- Installing: /home/ali/Engineering/ITI/low_speed_self_driving_vehicles/ROS_lectures/projectWs/install/cutomsrv/include/cutomsrv/srv/detail/custom_srv__struct.h
-- Installing: /home/ali/Engineering/ITI/low_speed_self_driving_vehicles/ROS_lectures/projectWs/install/cutomsrv/include/cutomsrv/srv/detail/custom_srv__functions.h
-- Installing: /home/ali/Engineering/ITI/low_speed_self_driving_vehicles/ROS_lectures/projectWs/install/cutomsrv/include/cutomsrv/srv/detail/custom_srv__type_support.h
-- Installing: /home/ali/Engineering/ITI/low_speed_self_driving_vehicles/ROS_lectures/projectWs/install/cutomsrv/include/cutomsrv/srv/custom_srv.h
-- Installing: /home/ali/Engineering/ITI/low_speed_self_driving_vehicles/ROS_lectures/projectWs/install/cutomsrv/share/cutomsrv/environment/library_path.sh
-- Installing: /home/ali/Engineering/ITI/low_speed_self_driving_vehicles/ROS_lectures/projectWs/install/cutomsrv/share/cutomsrv/environment/library_path.dsv
-- Installing: /home/ali/Engineering/ITI/low_speed_self_driving_vehicles/ROS_lectures/projectWs/install/cutomsrv/lib/libcutomsrv__rosidl_generator_c.so
-- Set runtime path of "/home/ali/Engineering/ITI/low_speed_self_driving_vehicles/ROS_lectures/projectWs/install/cutomsrv/lib/libcutomsrv__rosidl_generator_c.so" to ""
-- Up-to-date: /home/ali/Engineering/ITI/low_speed_self_driving_vehicles/ROS_lectures/projectWs/install/cutomsrv/include/cutomsrv
-- Up-to-date: /home/ali/Engineering/ITI/low_speed_self_driving_vehicles/ROS_lectures/projectWs/install/cutomsrv/include/cutomsrv/msg
-- Installing: /home/ali/Engineering/ITI/low_speed_self_driving_vehicles/ROS_lectures/projectWs/install/cutomsrv/include/cutomsrv/msg/rosidl_typesupport_fastrtps_c__visibility_control.h
-- Up-to-date: /home/ali/Engineering/ITI/low_speed_self_driving_vehicles/ROS_lectures/projectWs/install/cutomsrv/include/cutomsrv/srv
-- Up-to-date: /home/ali/Engineering/ITI/low_speed_self_driving_vehicles/ROS_lectures/projectWs/install/cutomsrv/include/cutomsrv/srv/detail
-- Installing: /home/ali/Engineering/ITI/low_speed_self_driving_vehicles/ROS_lectures/projectWs/install/cutomsrv/include/cutomsrv/srv/detail/custom_srv__rosidl_typesupport_fastrtps_c.h
-- Installing: /home/ali/Engineering/ITI/low_speed_self_driving_vehicles/ROS_lectures/projectWs/install/cutomsrv/lib/libcutomsrv__rosidl_typesupport_fastrtps_c.so
-- Set runtime path of "/home/ali/Engineering/ITI/low_speed_self_driving_vehicles/ROS_lectures/projectWs/install/cutomsrv/lib/libcutomsrv__rosidl_typesupport_fastrtps_c.so" to ""
-- Up-to-date: /home/ali/Engineering/ITI/low_speed_self_driving_vehicles/ROS_lectures/projectWs/install/cutomsrv/include/cutomsrv
-- Up-to-date: /home/ali/Engineering/ITI/low_speed_self_driving_vehicles/ROS_lectures/projectWs/install/cutomsrv/include/cutomsrv/msg
-- Installing: /home/ali/Engineering/ITI/low_speed_self_driving_vehicles/ROS_lectures/projectWs/install/cutomsrv/include/cutomsrv/msg/rosidl_typesupport_fastrtps_cpp__visibility_control.h
-- Up-to-date: /home/ali/Engineering/ITI/low_speed_self_driving_vehicles/ROS_lectures/projectWs/install/cutomsrv/include/cutomsrv/srv
-- Up-to-date: /home/ali/Engineering/ITI/low_speed_self_driving_vehicles/ROS_lectures/projectWs/install/cutomsrv/include/cutomsrv/srv/detail
-- Installing: /home/ali/Engineering/ITI/low_speed_self_driving_vehicles/ROS_lectures/projectWs/install/cutomsrv/include/cutomsrv/srv/detail/custom_srv__rosidl_typesupport_fastrtps_cpp.hpp
-- Installing: /home/ali/Engineering/ITI/low_speed_self_driving_vehicles/ROS_lectures/projectWs/install/cutomsrv/include/cutomsrv/srv/detail/dds_fastrtps
-- Installing: /home/ali/Engineering/ITI/low_speed_self_driving_vehicles/ROS_lectures/projectWs/install/cutomsrv/lib/libcutomsrv__rosidl_typesupport_fastrtps_cpp.so
-- Set runtime path of "/home/ali/Engineering/ITI/low_speed_self_driving_vehicles/ROS_lectures/projectWs/install/cutomsrv/lib/libcutomsrv__rosidl_typesupport_fastrtps_cpp.so" to ""
-- Up-to-date: /home/ali/Engineering/ITI/low_speed_self_driving_vehicles/ROS_lectures/projectWs/install/cutomsrv/include/cutomsrv
-- Up-to-date: /home/ali/Engineering/ITI/low_speed_self_driving_vehicles/ROS_lectures/projectWs/install/cutomsrv/include/cutomsrv/msg
-- Installing: /home/ali/Engineering/ITI/low_speed_self_driving_vehicles/ROS_lectures/projectWs/install/cutomsrv/include/cutomsrv/msg/rosidl_typesupport_introspection_c__visibility_control.h
-- Up-to-date: /home/ali/Engineering/ITI/low_speed_self_driving_vehicles/ROS_lectures/projectWs/install/cutomsrv/include/cutomsrv/srv
-- Up-to-date: /home/ali/Engineering/ITI/low_speed_self_driving_vehicles/ROS_lectures/projectWs/install/cutomsrv/include/cutomsrv/srv/detail
-- Installing: /home/ali/Engineering/ITI/low_speed_self_driving_vehicles/ROS_lectures/projectWs/install/cutomsrv/include/cutomsrv/srv/detail/custom_srv__type_support.c
-- Installing: /home/ali/Engineering/ITI/low_speed_self_driving_vehicles/ROS_lectures/projectWs/install/cutomsrv/include/cutomsrv/srv/detail/custom_srv__rosidl_typesupport_introspection_c.h
-- Installing: /home/ali/Engineering/ITI/low_speed_self_driving_vehicles/ROS_lectures/projectWs/install/cutomsrv/lib/libcutomsrv__rosidl_typesupport_introspection_c.so
-- Set runtime path of "/home/ali/Engineering/ITI/low_speed_self_driving_vehicles/ROS_lectures/projectWs/install/cutomsrv/lib/libcutomsrv__rosidl_typesupport_introspection_c.so" to ""
-- Installing: /home/ali/Engineering/ITI/low_speed_self_driving_vehicles/ROS_lectures/projectWs/install/cutomsrv/lib/libcutomsrv__rosidl_typesupport_c.so
-- Set runtime path of "/home/ali/Engineering/ITI/low_speed_self_driving_vehicles/ROS_lectures/projectWs/install/cutomsrv/lib/libcutomsrv__rosidl_typesupport_c.so" to ""
-- Up-to-date: /home/ali/Engineering/ITI/low_speed_self_driving_vehicles/ROS_lectures/projectWs/install/cutomsrv/include/cutomsrv
-- Up-to-date: /home/ali/Engineering/ITI/low_speed_self_driving_vehicles/ROS_lectures/projectWs/install/cutomsrv/include/cutomsrv/srv
-- Installing: /home/ali/Engineering/ITI/low_speed_self_driving_vehicles/ROS_lectures/projectWs/install/cutomsrv/include/cutomsrv/srv/custom_srv.hpp
-- Up-to-date: /home/ali/Engineering/ITI/low_speed_self_driving_vehicles/ROS_lectures/projectWs/install/cutomsrv/include/cutomsrv/srv/detail
-- Installing: /home/ali/Engineering/ITI/low_speed_self_driving_vehicles/ROS_lectures/projectWs/install/cutomsrv/include/cutomsrv/srv/detail/custom_srv__struct.hpp
-- Installing: /home/ali/Engineering/ITI/low_speed_self_driving_vehicles/ROS_lectures/projectWs/install/cutomsrv/include/cutomsrv/srv/detail/custom_srv__builder.hpp
-- Installing: /home/ali/Engineering/ITI/low_speed_self_driving_vehicles/ROS_lectures/projectWs/install/cutomsrv/include/cutomsrv/srv/detail/custom_srv__traits.hpp
-- Up-to-date: /home/ali/Engineering/ITI/low_speed_self_driving_vehicles/ROS_lectures/projectWs/install/cutomsrv/include/cutomsrv
-- Up-to-date: /home/ali/Engineering/ITI/low_speed_self_driving_vehicles/ROS_lectures/projectWs/install/cutomsrv/include/cutomsrv/srv
-- Up-to-date: /home/ali/Engineering/ITI/low_speed_self_driving_vehicles/ROS_lectures/projectWs/install/cutomsrv/include/cutomsrv/srv/detail
-- Installing: /home/ali/Engineering/ITI/low_speed_self_driving_vehicles/ROS_lectures/projectWs/install/cutomsrv/include/cutomsrv/srv/detail/custom_srv__type_support.cpp
-- Installing: /home/ali/Engineering/ITI/low_speed_self_driving_vehicles/ROS_lectures/projectWs/install/cutomsrv/include/cutomsrv/srv/detail/custom_srv__rosidl_typesupport_introspection_cpp.hpp
-- Installing: /home/ali/Engineering/ITI/low_speed_self_driving_vehicles/ROS_lectures/projectWs/install/cutomsrv/lib/libcutomsrv__rosidl_typesupport_introspection_cpp.so
-- Set runtime path of "/home/ali/Engineering/ITI/low_speed_self_driving_vehicles/ROS_lectures/projectWs/install/cutomsrv/lib/libcutomsrv__rosidl_typesupport_introspection_cpp.so" to ""
-- Installing: /home/ali/Engineering/ITI/low_speed_self_driving_vehicles/ROS_lectures/projectWs/install/cutomsrv/lib/libcutomsrv__rosidl_typesupport_cpp.so
-- Set runtime path of "/home/ali/Engineering/ITI/low_speed_self_driving_vehicles/ROS_lectures/projectWs/install/cutomsrv/lib/libcutomsrv__rosidl_typesupport_cpp.so" to ""
-- Installing: /home/ali/Engineering/ITI/low_speed_self_driving_vehicles/ROS_lectures/projectWs/install/cutomsrv/share/cutomsrv/environment/pythonpath.sh
-- Installing: /home/ali/Engineering/ITI/low_speed_self_driving_vehicles/ROS_lectures/projectWs/install/cutomsrv/share/cutomsrv/environment/pythonpath.dsv
-- Installing: /home/ali/Engineering/ITI/low_speed_self_driving_vehicles/ROS_lectures/projectWs/install/cutomsrv/lib/python3.8/site-packages/cutomsrv/__init__.py
Compiling '/home/ali/Engineering/ITI/low_speed_self_driving_vehicles/ROS_lectures/projectWs/install/cutomsrv/lib/python3.8/site-packages/cutomsrv/__init__.py'...
-- Installing: /home/ali/Engineering/ITI/low_speed_self_driving_vehicles/ROS_lectures/projectWs/install/cutomsrv/lib/python3.8/site-packages/cutomsrv/srv
-- Installing: /home/ali/Engineering/ITI/low_speed_self_driving_vehicles/ROS_lectures/projectWs/install/cutomsrv/lib/python3.8/site-packages/cutomsrv/srv/__init__.py
-- Installing: /home/ali/Engineering/ITI/low_speed_self_driving_vehicles/ROS_lectures/projectWs/install/cutomsrv/lib/python3.8/site-packages/cutomsrv/srv/_custom_srv_s.c
-- Installing: /home/ali/Engineering/ITI/low_speed_self_driving_vehicles/ROS_lectures/projectWs/install/cutomsrv/lib/python3.8/site-packages/cutomsrv/srv/_custom_srv.py
-- Installing: /home/ali/Engineering/ITI/low_speed_self_driving_vehicles/ROS_lectures/projectWs/install/cutomsrv/lib/python3.8/site-packages/cutomsrv/cutomsrv_s__rosidl_typesupport_fastrtps_c.cpython-38-x86_64-linux-gnu.so
-- Set runtime path of "/home/ali/Engineering/ITI/low_speed_self_driving_vehicles/ROS_lectures/projectWs/install/cutomsrv/lib/python3.8/site-packages/cutomsrv/cutomsrv_s__rosidl_typesupport_fastrtps_c.cpython-38-x86_64-linux-gnu.so" to ""
-- Installing: /home/ali/Engineering/ITI/low_speed_self_driving_vehicles/ROS_lectures/projectWs/install/cutomsrv/lib/python3.8/site-packages/cutomsrv/cutomsrv_s__rosidl_typesupport_introspection_c.cpython-38-x86_64-linux-gnu.so
-- Set runtime path of "/home/ali/Engineering/ITI/low_speed_self_driving_vehicles/ROS_lectures/projectWs/install/cutomsrv/lib/python3.8/site-packages/cutomsrv/cutomsrv_s__rosidl_typesupport_introspection_c.cpython-38-x86_64-linux-gnu.so" to ""
-- Installing: /home/ali/Engineering/ITI/low_speed_self_driving_vehicles/ROS_lectures/projectWs/install/cutomsrv/lib/python3.8/site-packages/cutomsrv/cutomsrv_s__rosidl_typesupport_c.cpython-38-x86_64-linux-gnu.so
-- Set runtime path of "/home/ali/Engineering/ITI/low_speed_self_driving_vehicles/ROS_lectures/projectWs/install/cutomsrv/lib/python3.8/site-packages/cutomsrv/cutomsrv_s__rosidl_typesupport_c.cpython-38-x86_64-linux-gnu.so" to ""
-- Installing: /home/ali/Engineering/ITI/low_speed_self_driving_vehicles/ROS_lectures/projectWs/install/cutomsrv/lib/libcutomsrv__python.so
-- Set runtime path of "/home/ali/Engineering/ITI/low_speed_self_driving_vehicles/ROS_lectures/projectWs/install/cutomsrv/lib/libcutomsrv__python.so" to ""
-- Installing: /home/ali/Engineering/ITI/low_speed_self_driving_vehicles/ROS_lectures/projectWs/install/cutomsrv/share/cutomsrv/srv/CustomSrv.idl
-- Installing: /home/ali/Engineering/ITI/low_speed_self_driving_vehicles/ROS_lectures/projectWs/install/cutomsrv/share/cutomsrv/srv/CustomSrv.srv
-- Installing: /home/ali/Engineering/ITI/low_speed_self_driving_vehicles/ROS_lectures/projectWs/install/cutomsrv/share/cutomsrv/srv/CustomSrv_Request.msg
-- Installing: /home/ali/Engineering/ITI/low_speed_self_driving_vehicles/ROS_lectures/projectWs/install/cutomsrv/share/cutomsrv/srv/CustomSrv_Response.msg
-- Installing: /home/ali/Engineering/ITI/low_speed_self_driving_vehicles/ROS_lectures/projectWs/install/cutomsrv/share/ament_index/resource_index/package_run_dependencies/cutomsrv
-- Installing: /home/ali/Engineering/ITI/low_speed_self_driving_vehicles/ROS_lectures/projectWs/install/cutomsrv/share/ament_index/resource_index/parent_prefix_path/cutomsrv
-- Installing: /home/ali/Engineering/ITI/low_speed_self_driving_vehicles/ROS_lectures/projectWs/install/cutomsrv/share/cutomsrv/environment/ament_prefix_path.sh
-- Installing: /home/ali/Engineering/ITI/low_speed_self_driving_vehicles/ROS_lectures/projectWs/install/cutomsrv/share/cutomsrv/environment/ament_prefix_path.dsv
-- Installing: /home/ali/Engineering/ITI/low_speed_self_driving_vehicles/ROS_lectures/projectWs/install/cutomsrv/share/cutomsrv/environment/path.sh
-- Installing: /home/ali/Engineering/ITI/low_speed_self_driving_vehicles/ROS_lectures/projectWs/install/cutomsrv/share/cutomsrv/environment/path.dsv
-- Installing: /home/ali/Engineering/ITI/low_speed_self_driving_vehicles/ROS_lectures/projectWs/install/cutomsrv/share/cutomsrv/local_setup.bash
-- Installing: /home/ali/Engineering/ITI/low_speed_self_driving_vehicles/ROS_lectures/projectWs/install/cutomsrv/share/cutomsrv/local_setup.sh
-- Installing: /home/ali/Engineering/ITI/low_speed_self_driving_vehicles/ROS_lectures/projectWs/install/cutomsrv/share/cutomsrv/local_setup.zsh
-- Installing: /home/ali/Engineering/ITI/low_speed_self_driving_vehicles/ROS_lectures/projectWs/install/cutomsrv/share/cutomsrv/local_setup.dsv
-- Installing: /home/ali/Engineering/ITI/low_speed_self_driving_vehicles/ROS_lectures/projectWs/install/cutomsrv/share/cutomsrv/package.dsv
-- Installing: /home/ali/Engineering/ITI/low_speed_self_driving_vehicles/ROS_lectures/projectWs/install/cutomsrv/share/ament_index/resource_index/packages/cutomsrv
-- Installing: /home/ali/Engineering/ITI/low_speed_self_driving_vehicles/ROS_lectures/projectWs/install/cutomsrv/share/cutomsrv/cmake/cutomsrv__rosidl_generator_cExport.cmake
-- Installing: /home/ali/Engineering/ITI/low_speed_self_driving_vehicles/ROS_lectures/projectWs/install/cutomsrv/share/cutomsrv/cmake/cutomsrv__rosidl_generator_cExport-noconfig.cmake
-- Installing: /home/ali/Engineering/ITI/low_speed_self_driving_vehicles/ROS_lectures/projectWs/install/cutomsrv/share/cutomsrv/cmake/cutomsrv__rosidl_typesupport_introspection_cExport.cmake
-- Installing: /home/ali/Engineering/ITI/low_speed_self_driving_vehicles/ROS_lectures/projectWs/install/cutomsrv/share/cutomsrv/cmake/cutomsrv__rosidl_typesupport_introspection_cExport-noconfig.cmake
-- Installing: /home/ali/Engineering/ITI/low_speed_self_driving_vehicles/ROS_lectures/projectWs/install/cutomsrv/share/cutomsrv/cmake/cutomsrv__rosidl_typesupport_cExport.cmake
-- Installing: /home/ali/Engineering/ITI/low_speed_self_driving_vehicles/ROS_lectures/projectWs/install/cutomsrv/share/cutomsrv/cmake/cutomsrv__rosidl_typesupport_cExport-noconfig.cmake
-- Installing: /home/ali/Engineering/ITI/low_speed_self_driving_vehicles/ROS_lectures/projectWs/install/cutomsrv/share/cutomsrv/cmake/cutomsrv__rosidl_generator_cppExport.cmake
-- Installing: /home/ali/Engineering/ITI/low_speed_self_driving_vehicles/ROS_lectures/projectWs/install/cutomsrv/share/cutomsrv/cmake/cutomsrv__rosidl_typesupport_introspection_cppExport.cmake
-- Installing: /home/ali/Engineering/ITI/low_speed_self_driving_vehicles/ROS_lectures/projectWs/install/cutomsrv/share/cutomsrv/cmake/cutomsrv__rosidl_typesupport_introspection_cppExport-noconfig.cmake
-- Installing: /home/ali/Engineering/ITI/low_speed_self_driving_vehicles/ROS_lectures/projectWs/install/cutomsrv/share/cutomsrv/cmake/cutomsrv__rosidl_typesupport_cppExport.cmake
-- Installing: /home/ali/Engineering/ITI/low_speed_self_driving_vehicles/ROS_lectures/projectWs/install/cutomsrv/share/cutomsrv/cmake/cutomsrv__rosidl_typesupport_cppExport-noconfig.cmake
-- Installing: /home/ali/Engineering/ITI/low_speed_self_driving_vehicles/ROS_lectures/projectWs/install/cutomsrv/share/cutomsrv/cmake/rosidl_cmake-extras.cmake
-- Installing: /home/ali/Engineering/ITI/low_speed_self_driving_vehicles/ROS_lectures/projectWs/install/cutomsrv/share/cutomsrv/cmake/ament_cmake_export_dependencies-extras.cmake
-- Installing: /home/ali/Engineering/ITI/low_speed_self_driving_vehicles/ROS_lectures/projectWs/install/cutomsrv/share/cutomsrv/cmake/ament_cmake_export_libraries-extras.cmake
-- Installing: /home/ali/Engineering/ITI/low_speed_self_driving_vehicles/ROS_lectures/projectWs/install/cutomsrv/share/cutomsrv/cmake/ament_cmake_export_targets-extras.cmake
-- Installing: /home/ali/Engineering/ITI/low_speed_self_driving_vehicles/ROS_lectures/projectWs/install/cutomsrv/share/cutomsrv/cmake/ament_cmake_export_include_directories-extras.cmake
-- Installing: /home/ali/Engineering/ITI/low_speed_self_driving_vehicles/ROS_lectures/projectWs/install/cutomsrv/share/cutomsrv/cmake/rosidl_cmake_export_typesupport_libraries-extras.cmake
-- Installing: /home/ali/Engineering/ITI/low_speed_self_driving_vehicles/ROS_lectures/projectWs/install/cutomsrv/share/cutomsrv/cmake/rosidl_cmake_export_typesupport_targets-extras.cmake
-- Installing: /home/ali/Engineering/ITI/low_speed_self_driving_vehicles/ROS_lectures/projectWs/install/cutomsrv/share/cutomsrv/cmake/cutomsrvConfig.cmake
-- Installing: /home/ali/Engineering/ITI/low_speed_self_driving_vehicles/ROS_lectures/projectWs/install/cutomsrv/share/cutomsrv/cmake/cutomsrvConfig-version.cmake
-- Installing: /home/ali/Engineering/ITI/low_speed_self_driving_vehicles/ROS_lectures/projectWs/install/cutomsrv/share/cutomsrv/package.xml
