[0.385s] Invoking command in '/home/ali/Engineering/ITI/low_speed_self_driving_vehicles/ROS_lectures/LAB3/build/mymsgsrv': CMAKE_PREFIX_PATH=/home/ali/Engineering/ITI/CppWs/install/mymsg:/home/ali/Engineering/ITI/low_speed_self_driving_vehicles/ROS_lectures/LAB2_ROS/install/iti_lab2:/home/ali/Engineering/ITI/low_speed_self_driving_vehicles/ROS_lectures/ROS_ws/install/pkg_name:/home/ali/Engineering/ITI/low_speed_self_driving_vehicles/ROS_lectures/ROS_ws/install/cpp:/home/ali/Engineering/ITI/low_speed_self_driving_vehicles/ROS_lectures/WS/install/cpp:/opt/ros/foxy /home/ali/anaconda3/bin/cmake --build /home/ali/Engineering/ITI/low_speed_self_driving_vehicles/ROS_lectures/LAB3/build/mymsgsrv -- -j4 -l4
[3.446s] [  2%] Built target mymsgsrv__cpp
[3.571s] [ 12%] Built target mymsgsrv__rosidl_generator_c
[3.668s] [ 33%] Built target mymsgsrv__rosidl_typesupport_cpp
[3.669s] [ 33%] Built target mymsgsrv__rosidl_typesupport_c
[3.737s] [ 43%] Built target mymsgsrv__rosidl_typesupport_fastrtps_cpp
[3.766s] [ 53%] Built target mymsgsrv__rosidl_typesupport_introspection_cpp
[3.864s] [ 64%] Built target mymsgsrv__rosidl_typesupport_introspection_c
[3.873s] [ 74%] Built target mymsgsrv__rosidl_typesupport_fastrtps_c
[3.918s] [ 74%] Built target mymsgsrv
[3.953s] [ 76%] Built target mymsgsrv__py
[4.068s] [ 84%] Built target mymsgsrv__python
[4.127s] [ 89%] Built target mymsgsrv__rosidl_typesupport_fastrtps_c__pyext
[4.128s] [ 94%] Built target mymsgsrv__rosidl_typesupport_introspection_c__pyext
[4.128s] [100%] Built target mymsgsrv__rosidl_typesupport_c__pyext
[4.136s] Invoked command in '/home/ali/Engineering/ITI/low_speed_self_driving_vehicles/ROS_lectures/LAB3/build/mymsgsrv' returned '0': CMAKE_PREFIX_PATH=/home/ali/Engineering/ITI/CppWs/install/mymsg:/home/ali/Engineering/ITI/low_speed_self_driving_vehicles/ROS_lectures/LAB2_ROS/install/iti_lab2:/home/ali/Engineering/ITI/low_speed_self_driving_vehicles/ROS_lectures/ROS_ws/install/pkg_name:/home/ali/Engineering/ITI/low_speed_self_driving_vehicles/ROS_lectures/ROS_ws/install/cpp:/home/ali/Engineering/ITI/low_speed_self_driving_vehicles/ROS_lectures/WS/install/cpp:/opt/ros/foxy /home/ali/anaconda3/bin/cmake --build /home/ali/Engineering/ITI/low_speed_self_driving_vehicles/ROS_lectures/LAB3/build/mymsgsrv -- -j4 -l4
[4.214s] Invoking command in '/home/ali/Engineering/ITI/low_speed_self_driving_vehicles/ROS_lectures/LAB3/build/mymsgsrv': CMAKE_PREFIX_PATH=/home/ali/Engineering/ITI/CppWs/install/mymsg:/home/ali/Engineering/ITI/low_speed_self_driving_vehicles/ROS_lectures/LAB2_ROS/install/iti_lab2:/home/ali/Engineering/ITI/low_speed_self_driving_vehicles/ROS_lectures/ROS_ws/install/pkg_name:/home/ali/Engineering/ITI/low_speed_self_driving_vehicles/ROS_lectures/ROS_ws/install/cpp:/home/ali/Engineering/ITI/low_speed_self_driving_vehicles/ROS_lectures/WS/install/cpp:/opt/ros/foxy /home/ali/anaconda3/bin/cmake --install /home/ali/Engineering/ITI/low_speed_self_driving_vehicles/ROS_lectures/LAB3/build/mymsgsrv
[4.233s] -- Install configuration: ""
[4.237s] -- Up-to-date: /home/ali/Engineering/ITI/low_speed_self_driving_vehicles/ROS_lectures/LAB3/install/mymsgsrv/share/ament_index/resource_index/rosidl_interfaces/mymsgsrv
[4.238s] -- Up-to-date: /home/ali/Engineering/ITI/low_speed_self_driving_vehicles/ROS_lectures/LAB3/install/mymsgsrv/include/mymsgsrv
[4.238s] -- Up-to-date: /home/ali/Engineering/ITI/low_speed_self_driving_vehicles/ROS_lectures/LAB3/install/mymsgsrv/include/mymsgsrv/msg
[4.238s] -- Up-to-date: /home/ali/Engineering/ITI/low_speed_self_driving_vehicles/ROS_lectures/LAB3/install/mymsgsrv/include/mymsgsrv/msg/custom_msg.h
[4.239s] -- Up-to-date: /home/ali/Engineering/ITI/low_speed_self_driving_vehicles/ROS_lectures/LAB3/install/mymsgsrv/include/mymsgsrv/msg/rosidl_generator_c__visibility_control.h
[4.239s] -- Up-to-date: /home/ali/Engineering/ITI/low_speed_self_driving_vehicles/ROS_lectures/LAB3/install/mymsgsrv/include/mymsgsrv/msg/detail
[4.239s] -- Up-to-date: /home/ali/Engineering/ITI/low_speed_self_driving_vehicles/ROS_lectures/LAB3/install/mymsgsrv/include/mymsgsrv/msg/detail/custom_msg__functions.h
[4.239s] -- Up-to-date: /home/ali/Engineering/ITI/low_speed_self_driving_vehicles/ROS_lectures/LAB3/install/mymsgsrv/include/mymsgsrv/msg/detail/custom_msg__type_support.h
[4.239s] -- Up-to-date: /home/ali/Engineering/ITI/low_speed_self_driving_vehicles/ROS_lectures/LAB3/install/mymsgsrv/include/mymsgsrv/msg/detail/custom_msg__struct.h
[4.239s] -- Up-to-date: /home/ali/Engineering/ITI/low_speed_self_driving_vehicles/ROS_lectures/LAB3/install/mymsgsrv/include/mymsgsrv/msg/detail/custom_msg__functions.c
[4.240s] -- Up-to-date: /home/ali/Engineering/ITI/low_speed_self_driving_vehicles/ROS_lectures/LAB3/install/mymsgsrv/include/mymsgsrv/srv
[4.240s] -- Up-to-date: /home/ali/Engineering/ITI/low_speed_self_driving_vehicles/ROS_lectures/LAB3/install/mymsgsrv/include/mymsgsrv/srv/detail
[4.240s] -- Up-to-date: /home/ali/Engineering/ITI/low_speed_self_driving_vehicles/ROS_lectures/LAB3/install/mymsgsrv/include/mymsgsrv/srv/detail/custom_srv__functions.c
[4.240s] -- Up-to-date: /home/ali/Engineering/ITI/low_speed_self_driving_vehicles/ROS_lectures/LAB3/install/mymsgsrv/include/mymsgsrv/srv/detail/custom_srv__struct.h
[4.240s] -- Up-to-date: /home/ali/Engineering/ITI/low_speed_self_driving_vehicles/ROS_lectures/LAB3/install/mymsgsrv/include/mymsgsrv/srv/detail/custom_srv__functions.h
[4.240s] -- Up-to-date: /home/ali/Engineering/ITI/low_speed_self_driving_vehicles/ROS_lectures/LAB3/install/mymsgsrv/include/mymsgsrv/srv/detail/custom_srv__type_support.h
[4.240s] -- Up-to-date: /home/ali/Engineering/ITI/low_speed_self_driving_vehicles/ROS_lectures/LAB3/install/mymsgsrv/include/mymsgsrv/srv/custom_srv.h
[4.240s] -- Up-to-date: /home/ali/Engineering/ITI/low_speed_self_driving_vehicles/ROS_lectures/LAB3/install/mymsgsrv/share/mymsgsrv/environment/library_path.sh
[4.240s] -- Up-to-date: /home/ali/Engineering/ITI/low_speed_self_driving_vehicles/ROS_lectures/LAB3/install/mymsgsrv/share/mymsgsrv/environment/library_path.dsv
[4.251s] -- Up-to-date: /home/ali/Engineering/ITI/low_speed_self_driving_vehicles/ROS_lectures/LAB3/install/mymsgsrv/lib/libmymsgsrv__rosidl_generator_c.so
[4.251s] -- Up-to-date: /home/ali/Engineering/ITI/low_speed_self_driving_vehicles/ROS_lectures/LAB3/install/mymsgsrv/include/mymsgsrv
[4.252s] -- Up-to-date: /home/ali/Engineering/ITI/low_speed_self_driving_vehicles/ROS_lectures/LAB3/install/mymsgsrv/include/mymsgsrv/msg
[4.252s] -- Up-to-date: /home/ali/Engineering/ITI/low_speed_self_driving_vehicles/ROS_lectures/LAB3/install/mymsgsrv/include/mymsgsrv/msg/rosidl_typesupport_fastrtps_c__visibility_control.h
[4.252s] -- Up-to-date: /home/ali/Engineering/ITI/low_speed_self_driving_vehicles/ROS_lectures/LAB3/install/mymsgsrv/include/mymsgsrv/msg/detail
[4.252s] -- Up-to-date: /home/ali/Engineering/ITI/low_speed_self_driving_vehicles/ROS_lectures/LAB3/install/mymsgsrv/include/mymsgsrv/msg/detail/custom_msg__rosidl_typesupport_fastrtps_c.h
[4.252s] -- Up-to-date: /home/ali/Engineering/ITI/low_speed_self_driving_vehicles/ROS_lectures/LAB3/install/mymsgsrv/include/mymsgsrv/srv
[4.253s] -- Up-to-date: /home/ali/Engineering/ITI/low_speed_self_driving_vehicles/ROS_lectures/LAB3/install/mymsgsrv/include/mymsgsrv/srv/detail
[4.253s] -- Up-to-date: /home/ali/Engineering/ITI/low_speed_self_driving_vehicles/ROS_lectures/LAB3/install/mymsgsrv/include/mymsgsrv/srv/detail/custom_srv__rosidl_typesupport_fastrtps_c.h
[4.253s] -- Up-to-date: /home/ali/Engineering/ITI/low_speed_self_driving_vehicles/ROS_lectures/LAB3/install/mymsgsrv/lib/libmymsgsrv__rosidl_typesupport_fastrtps_c.so
[4.253s] -- Up-to-date: /home/ali/Engineering/ITI/low_speed_self_driving_vehicles/ROS_lectures/LAB3/install/mymsgsrv/include/mymsgsrv
[4.253s] -- Up-to-date: /home/ali/Engineering/ITI/low_speed_self_driving_vehicles/ROS_lectures/LAB3/install/mymsgsrv/include/mymsgsrv/msg
[4.253s] -- Up-to-date: /home/ali/Engineering/ITI/low_speed_self_driving_vehicles/ROS_lectures/LAB3/install/mymsgsrv/include/mymsgsrv/msg/rosidl_typesupport_fastrtps_cpp__visibility_control.h
[4.253s] -- Up-to-date: /home/ali/Engineering/ITI/low_speed_self_driving_vehicles/ROS_lectures/LAB3/install/mymsgsrv/include/mymsgsrv/msg/detail
[4.254s] -- Up-to-date: /home/ali/Engineering/ITI/low_speed_self_driving_vehicles/ROS_lectures/LAB3/install/mymsgsrv/include/mymsgsrv/msg/detail/custom_msg__rosidl_typesupport_fastrtps_cpp.hpp
[4.254s] -- Up-to-date: /home/ali/Engineering/ITI/low_speed_self_driving_vehicles/ROS_lectures/LAB3/install/mymsgsrv/include/mymsgsrv/msg/detail/dds_fastrtps
[4.254s] -- Up-to-date: /home/ali/Engineering/ITI/low_speed_self_driving_vehicles/ROS_lectures/LAB3/install/mymsgsrv/include/mymsgsrv/srv
[4.254s] -- Up-to-date: /home/ali/Engineering/ITI/low_speed_self_driving_vehicles/ROS_lectures/LAB3/install/mymsgsrv/include/mymsgsrv/srv/detail
[4.254s] -- Up-to-date: /home/ali/Engineering/ITI/low_speed_self_driving_vehicles/ROS_lectures/LAB3/install/mymsgsrv/include/mymsgsrv/srv/detail/custom_srv__rosidl_typesupport_fastrtps_cpp.hpp
[4.254s] -- Up-to-date: /home/ali/Engineering/ITI/low_speed_self_driving_vehicles/ROS_lectures/LAB3/install/mymsgsrv/include/mymsgsrv/srv/detail/dds_fastrtps
[4.254s] -- Up-to-date: /home/ali/Engineering/ITI/low_speed_self_driving_vehicles/ROS_lectures/LAB3/install/mymsgsrv/lib/libmymsgsrv__rosidl_typesupport_fastrtps_cpp.so
[4.254s] -- Up-to-date: /home/ali/Engineering/ITI/low_speed_self_driving_vehicles/ROS_lectures/LAB3/install/mymsgsrv/include/mymsgsrv
[4.255s] -- Up-to-date: /home/ali/Engineering/ITI/low_speed_self_driving_vehicles/ROS_lectures/LAB3/install/mymsgsrv/include/mymsgsrv/msg
[4.255s] -- Up-to-date: /home/ali/Engineering/ITI/low_speed_self_driving_vehicles/ROS_lectures/LAB3/install/mymsgsrv/include/mymsgsrv/msg/detail
[4.255s] -- Up-to-date: /home/ali/Engineering/ITI/low_speed_self_driving_vehicles/ROS_lectures/LAB3/install/mymsgsrv/include/mymsgsrv/msg/detail/custom_msg__rosidl_typesupport_introspection_c.h
[4.255s] -- Up-to-date: /home/ali/Engineering/ITI/low_speed_self_driving_vehicles/ROS_lectures/LAB3/install/mymsgsrv/include/mymsgsrv/msg/detail/custom_msg__type_support.c
[4.255s] -- Up-to-date: /home/ali/Engineering/ITI/low_speed_self_driving_vehicles/ROS_lectures/LAB3/install/mymsgsrv/include/mymsgsrv/msg/rosidl_typesupport_introspection_c__visibility_control.h
[4.255s] -- Up-to-date: /home/ali/Engineering/ITI/low_speed_self_driving_vehicles/ROS_lectures/LAB3/install/mymsgsrv/include/mymsgsrv/srv
[4.255s] -- Up-to-date: /home/ali/Engineering/ITI/low_speed_self_driving_vehicles/ROS_lectures/LAB3/install/mymsgsrv/include/mymsgsrv/srv/detail
[4.256s] -- Up-to-date: /home/ali/Engineering/ITI/low_speed_self_driving_vehicles/ROS_lectures/LAB3/install/mymsgsrv/include/mymsgsrv/srv/detail/custom_srv__type_support.c
[4.256s] -- Up-to-date: /home/ali/Engineering/ITI/low_speed_self_driving_vehicles/ROS_lectures/LAB3/install/mymsgsrv/include/mymsgsrv/srv/detail/custom_srv__rosidl_typesupport_introspection_c.h
[4.256s] -- Up-to-date: /home/ali/Engineering/ITI/low_speed_self_driving_vehicles/ROS_lectures/LAB3/install/mymsgsrv/lib/libmymsgsrv__rosidl_typesupport_introspection_c.so
[4.256s] -- Up-to-date: /home/ali/Engineering/ITI/low_speed_self_driving_vehicles/ROS_lectures/LAB3/install/mymsgsrv/lib/libmymsgsrv__rosidl_typesupport_c.so
[4.256s] -- Up-to-date: /home/ali/Engineering/ITI/low_speed_self_driving_vehicles/ROS_lectures/LAB3/install/mymsgsrv/include/mymsgsrv
[4.256s] -- Up-to-date: /home/ali/Engineering/ITI/low_speed_self_driving_vehicles/ROS_lectures/LAB3/install/mymsgsrv/include/mymsgsrv/msg
[4.256s] -- Up-to-date: /home/ali/Engineering/ITI/low_speed_self_driving_vehicles/ROS_lectures/LAB3/install/mymsgsrv/include/mymsgsrv/msg/custom_msg.hpp
[4.257s] -- Up-to-date: /home/ali/Engineering/ITI/low_speed_self_driving_vehicles/ROS_lectures/LAB3/install/mymsgsrv/include/mymsgsrv/msg/detail
[4.257s] -- Up-to-date: /home/ali/Engineering/ITI/low_speed_self_driving_vehicles/ROS_lectures/LAB3/install/mymsgsrv/include/mymsgsrv/msg/detail/custom_msg__struct.hpp
[4.257s] -- Up-to-date: /home/ali/Engineering/ITI/low_speed_self_driving_vehicles/ROS_lectures/LAB3/install/mymsgsrv/include/mymsgsrv/msg/detail/custom_msg__builder.hpp
[4.257s] -- Up-to-date: /home/ali/Engineering/ITI/low_speed_self_driving_vehicles/ROS_lectures/LAB3/install/mymsgsrv/include/mymsgsrv/msg/detail/custom_msg__traits.hpp
[4.257s] -- Up-to-date: /home/ali/Engineering/ITI/low_speed_self_driving_vehicles/ROS_lectures/LAB3/install/mymsgsrv/include/mymsgsrv/srv
[4.257s] -- Up-to-date: /home/ali/Engineering/ITI/low_speed_self_driving_vehicles/ROS_lectures/LAB3/install/mymsgsrv/include/mymsgsrv/srv/custom_srv.hpp
[4.257s] -- Up-to-date: /home/ali/Engineering/ITI/low_speed_self_driving_vehicles/ROS_lectures/LAB3/install/mymsgsrv/include/mymsgsrv/srv/detail
[4.257s] -- Up-to-date: /home/ali/Engineering/ITI/low_speed_self_driving_vehicles/ROS_lectures/LAB3/install/mymsgsrv/include/mymsgsrv/srv/detail/custom_srv__struct.hpp
[4.257s] -- Up-to-date: /home/ali/Engineering/ITI/low_speed_self_driving_vehicles/ROS_lectures/LAB3/install/mymsgsrv/include/mymsgsrv/srv/detail/custom_srv__builder.hpp
[4.257s] -- Up-to-date: /home/ali/Engineering/ITI/low_speed_self_driving_vehicles/ROS_lectures/LAB3/install/mymsgsrv/include/mymsgsrv/srv/detail/custom_srv__traits.hpp
[4.258s] -- Up-to-date: /home/ali/Engineering/ITI/low_speed_self_driving_vehicles/ROS_lectures/LAB3/install/mymsgsrv/include/mymsgsrv
[4.258s] -- Up-to-date: /home/ali/Engineering/ITI/low_speed_self_driving_vehicles/ROS_lectures/LAB3/install/mymsgsrv/include/mymsgsrv/msg
[4.258s] -- Up-to-date: /home/ali/Engineering/ITI/low_speed_self_driving_vehicles/ROS_lectures/LAB3/install/mymsgsrv/include/mymsgsrv/msg/detail
[4.258s] -- Up-to-date: /home/ali/Engineering/ITI/low_speed_self_driving_vehicles/ROS_lectures/LAB3/install/mymsgsrv/include/mymsgsrv/msg/detail/custom_msg__rosidl_typesupport_introspection_cpp.hpp
[4.258s] -- Up-to-date: /home/ali/Engineering/ITI/low_speed_self_driving_vehicles/ROS_lectures/LAB3/install/mymsgsrv/include/mymsgsrv/msg/detail/custom_msg__type_support.cpp
[4.258s] -- Up-to-date: /home/ali/Engineering/ITI/low_speed_self_driving_vehicles/ROS_lectures/LAB3/install/mymsgsrv/include/mymsgsrv/srv
[4.258s] -- Up-to-date: /home/ali/Engineering/ITI/low_speed_self_driving_vehicles/ROS_lectures/LAB3/install/mymsgsrv/include/mymsgsrv/srv/detail
[4.258s] -- Up-to-date: /home/ali/Engineering/ITI/low_speed_self_driving_vehicles/ROS_lectures/LAB3/install/mymsgsrv/include/mymsgsrv/srv/detail/custom_srv__type_support.cpp
[4.258s] -- Up-to-date: /home/ali/Engineering/ITI/low_speed_self_driving_vehicles/ROS_lectures/LAB3/install/mymsgsrv/include/mymsgsrv/srv/detail/custom_srv__rosidl_typesupport_introspection_cpp.hpp
[4.258s] -- Up-to-date: /home/ali/Engineering/ITI/low_speed_self_driving_vehicles/ROS_lectures/LAB3/install/mymsgsrv/lib/libmymsgsrv__rosidl_typesupport_introspection_cpp.so
[4.258s] -- Up-to-date: /home/ali/Engineering/ITI/low_speed_self_driving_vehicles/ROS_lectures/LAB3/install/mymsgsrv/lib/libmymsgsrv__rosidl_typesupport_cpp.so
[4.258s] -- Up-to-date: /home/ali/Engineering/ITI/low_speed_self_driving_vehicles/ROS_lectures/LAB3/install/mymsgsrv/share/mymsgsrv/environment/pythonpath.sh
[4.258s] -- Up-to-date: /home/ali/Engineering/ITI/low_speed_self_driving_vehicles/ROS_lectures/LAB3/install/mymsgsrv/share/mymsgsrv/environment/pythonpath.dsv
[4.267s] -- Up-to-date: /home/ali/Engineering/ITI/low_speed_self_driving_vehicles/ROS_lectures/LAB3/install/mymsgsrv/lib/python3.8/site-packages/mymsgsrv/__init__.py
[4.312s] -- Up-to-date: /home/ali/Engineering/ITI/low_speed_self_driving_vehicles/ROS_lectures/LAB3/install/mymsgsrv/lib/python3.8/site-packages/mymsgsrv/msg
[4.312s] -- Up-to-date: /home/ali/Engineering/ITI/low_speed_self_driving_vehicles/ROS_lectures/LAB3/install/mymsgsrv/lib/python3.8/site-packages/mymsgsrv/msg/__init__.py
[4.312s] -- Up-to-date: /home/ali/Engineering/ITI/low_speed_self_driving_vehicles/ROS_lectures/LAB3/install/mymsgsrv/lib/python3.8/site-packages/mymsgsrv/msg/_custom_msg_s.c
[4.313s] -- Up-to-date: /home/ali/Engineering/ITI/low_speed_self_driving_vehicles/ROS_lectures/LAB3/install/mymsgsrv/lib/python3.8/site-packages/mymsgsrv/msg/_custom_msg.py
[4.313s] -- Up-to-date: /home/ali/Engineering/ITI/low_speed_self_driving_vehicles/ROS_lectures/LAB3/install/mymsgsrv/lib/python3.8/site-packages/mymsgsrv/srv
[4.313s] -- Up-to-date: /home/ali/Engineering/ITI/low_speed_self_driving_vehicles/ROS_lectures/LAB3/install/mymsgsrv/lib/python3.8/site-packages/mymsgsrv/srv/__init__.py
[4.313s] -- Up-to-date: /home/ali/Engineering/ITI/low_speed_self_driving_vehicles/ROS_lectures/LAB3/install/mymsgsrv/lib/python3.8/site-packages/mymsgsrv/srv/_custom_srv_s.c
[4.313s] -- Up-to-date: /home/ali/Engineering/ITI/low_speed_self_driving_vehicles/ROS_lectures/LAB3/install/mymsgsrv/lib/python3.8/site-packages/mymsgsrv/srv/_custom_srv.py
[4.313s] -- Up-to-date: /home/ali/Engineering/ITI/low_speed_self_driving_vehicles/ROS_lectures/LAB3/install/mymsgsrv/lib/python3.8/site-packages/mymsgsrv/mymsgsrv_s__rosidl_typesupport_fastrtps_c.cpython-38-x86_64-linux-gnu.so
[4.313s] -- Up-to-date: /home/ali/Engineering/ITI/low_speed_self_driving_vehicles/ROS_lectures/LAB3/install/mymsgsrv/lib/python3.8/site-packages/mymsgsrv/mymsgsrv_s__rosidl_typesupport_introspection_c.cpython-38-x86_64-linux-gnu.so
[4.314s] -- Up-to-date: /home/ali/Engineering/ITI/low_speed_self_driving_vehicles/ROS_lectures/LAB3/install/mymsgsrv/lib/python3.8/site-packages/mymsgsrv/mymsgsrv_s__rosidl_typesupport_c.cpython-38-x86_64-linux-gnu.so
[4.315s] -- Up-to-date: /home/ali/Engineering/ITI/low_speed_self_driving_vehicles/ROS_lectures/LAB3/install/mymsgsrv/lib/libmymsgsrv__python.so
[4.315s] -- Up-to-date: /home/ali/Engineering/ITI/low_speed_self_driving_vehicles/ROS_lectures/LAB3/install/mymsgsrv/share/mymsgsrv/msg/CustomMsg.idl
[4.315s] -- Up-to-date: /home/ali/Engineering/ITI/low_speed_self_driving_vehicles/ROS_lectures/LAB3/install/mymsgsrv/share/mymsgsrv/srv/CustomSrv.idl
[4.315s] -- Up-to-date: /home/ali/Engineering/ITI/low_speed_self_driving_vehicles/ROS_lectures/LAB3/install/mymsgsrv/share/mymsgsrv/msg/CustomMsg.msg
[4.315s] -- Up-to-date: /home/ali/Engineering/ITI/low_speed_self_driving_vehicles/ROS_lectures/LAB3/install/mymsgsrv/share/mymsgsrv/srv/CustomSrv.srv
[4.316s] -- Up-to-date: /home/ali/Engineering/ITI/low_speed_self_driving_vehicles/ROS_lectures/LAB3/install/mymsgsrv/share/mymsgsrv/srv/CustomSrv_Request.msg
[4.316s] -- Up-to-date: /home/ali/Engineering/ITI/low_speed_self_driving_vehicles/ROS_lectures/LAB3/install/mymsgsrv/share/mymsgsrv/srv/CustomSrv_Response.msg
[4.316s] -- Up-to-date: /home/ali/Engineering/ITI/low_speed_self_driving_vehicles/ROS_lectures/LAB3/install/mymsgsrv/share/ament_index/resource_index/package_run_dependencies/mymsgsrv
[4.316s] -- Up-to-date: /home/ali/Engineering/ITI/low_speed_self_driving_vehicles/ROS_lectures/LAB3/install/mymsgsrv/share/ament_index/resource_index/parent_prefix_path/mymsgsrv
[4.316s] -- Up-to-date: /home/ali/Engineering/ITI/low_speed_self_driving_vehicles/ROS_lectures/LAB3/install/mymsgsrv/share/mymsgsrv/environment/ament_prefix_path.sh
[4.316s] -- Up-to-date: /home/ali/Engineering/ITI/low_speed_self_driving_vehicles/ROS_lectures/LAB3/install/mymsgsrv/share/mymsgsrv/environment/ament_prefix_path.dsv
[4.316s] -- Up-to-date: /home/ali/Engineering/ITI/low_speed_self_driving_vehicles/ROS_lectures/LAB3/install/mymsgsrv/share/mymsgsrv/environment/path.sh
[4.317s] -- Up-to-date: /home/ali/Engineering/ITI/low_speed_self_driving_vehicles/ROS_lectures/LAB3/install/mymsgsrv/share/mymsgsrv/environment/path.dsv
[4.317s] -- Up-to-date: /home/ali/Engineering/ITI/low_speed_self_driving_vehicles/ROS_lectures/LAB3/install/mymsgsrv/share/mymsgsrv/local_setup.bash
[4.317s] -- Up-to-date: /home/ali/Engineering/ITI/low_speed_self_driving_vehicles/ROS_lectures/LAB3/install/mymsgsrv/share/mymsgsrv/local_setup.sh
[4.317s] -- Up-to-date: /home/ali/Engineering/ITI/low_speed_self_driving_vehicles/ROS_lectures/LAB3/install/mymsgsrv/share/mymsgsrv/local_setup.zsh
[4.317s] -- Up-to-date: /home/ali/Engineering/ITI/low_speed_self_driving_vehicles/ROS_lectures/LAB3/install/mymsgsrv/share/mymsgsrv/local_setup.dsv
[4.317s] -- Installing: /home/ali/Engineering/ITI/low_speed_self_driving_vehicles/ROS_lectures/LAB3/install/mymsgsrv/share/mymsgsrv/package.dsv
[4.330s] -- Up-to-date: /home/ali/Engineering/ITI/low_speed_self_driving_vehicles/ROS_lectures/LAB3/install/mymsgsrv/share/ament_index/resource_index/packages/mymsgsrv
[4.351s] -- Up-to-date: /home/ali/Engineering/ITI/low_speed_self_driving_vehicles/ROS_lectures/LAB3/install/mymsgsrv/share/mymsgsrv/cmake/mymsgsrv__rosidl_generator_cExport.cmake
[4.351s] -- Up-to-date: /home/ali/Engineering/ITI/low_speed_self_driving_vehicles/ROS_lectures/LAB3/install/mymsgsrv/share/mymsgsrv/cmake/mymsgsrv__rosidl_generator_cExport-noconfig.cmake
[4.357s] -- Up-to-date: /home/ali/Engineering/ITI/low_speed_self_driving_vehicles/ROS_lectures/LAB3/install/mymsgsrv/share/mymsgsrv/cmake/mymsgsrv__rosidl_typesupport_introspection_cExport.cmake
[4.357s] -- Up-to-date: /home/ali/Engineering/ITI/low_speed_self_driving_vehicles/ROS_lectures/LAB3/install/mymsgsrv/share/mymsgsrv/cmake/mymsgsrv__rosidl_typesupport_introspection_cExport-noconfig.cmake
[4.358s] -- Up-to-date: /home/ali/Engineering/ITI/low_speed_self_driving_vehicles/ROS_lectures/LAB3/install/mymsgsrv/share/mymsgsrv/cmake/mymsgsrv__rosidl_typesupport_cExport.cmake
[4.358s] -- Up-to-date: /home/ali/Engineering/ITI/low_speed_self_driving_vehicles/ROS_lectures/LAB3/install/mymsgsrv/share/mymsgsrv/cmake/mymsgsrv__rosidl_typesupport_cExport-noconfig.cmake
[4.358s] -- Up-to-date: /home/ali/Engineering/ITI/low_speed_self_driving_vehicles/ROS_lectures/LAB3/install/mymsgsrv/share/mymsgsrv/cmake/mymsgsrv__rosidl_generator_cppExport.cmake
[4.359s] -- Up-to-date: /home/ali/Engineering/ITI/low_speed_self_driving_vehicles/ROS_lectures/LAB3/install/mymsgsrv/share/mymsgsrv/cmake/mymsgsrv__rosidl_typesupport_introspection_cppExport.cmake
[4.359s] -- Up-to-date: /home/ali/Engineering/ITI/low_speed_self_driving_vehicles/ROS_lectures/LAB3/install/mymsgsrv/share/mymsgsrv/cmake/mymsgsrv__rosidl_typesupport_introspection_cppExport-noconfig.cmake
[4.359s] -- Up-to-date: /home/ali/Engineering/ITI/low_speed_self_driving_vehicles/ROS_lectures/LAB3/install/mymsgsrv/share/mymsgsrv/cmake/mymsgsrv__rosidl_typesupport_cppExport.cmake
[4.359s] -- Up-to-date: /home/ali/Engineering/ITI/low_speed_self_driving_vehicles/ROS_lectures/LAB3/install/mymsgsrv/share/mymsgsrv/cmake/mymsgsrv__rosidl_typesupport_cppExport-noconfig.cmake
[4.359s] -- Up-to-date: /home/ali/Engineering/ITI/low_speed_self_driving_vehicles/ROS_lectures/LAB3/install/mymsgsrv/share/mymsgsrv/cmake/rosidl_cmake-extras.cmake
[4.360s] -- Up-to-date: /home/ali/Engineering/ITI/low_speed_self_driving_vehicles/ROS_lectures/LAB3/install/mymsgsrv/share/mymsgsrv/cmake/ament_cmake_export_dependencies-extras.cmake
[4.360s] -- Up-to-date: /home/ali/Engineering/ITI/low_speed_self_driving_vehicles/ROS_lectures/LAB3/install/mymsgsrv/share/mymsgsrv/cmake/ament_cmake_export_libraries-extras.cmake
[4.360s] -- Up-to-date: /home/ali/Engineering/ITI/low_speed_self_driving_vehicles/ROS_lectures/LAB3/install/mymsgsrv/share/mymsgsrv/cmake/ament_cmake_export_targets-extras.cmake
[4.360s] -- Up-to-date: /home/ali/Engineering/ITI/low_speed_self_driving_vehicles/ROS_lectures/LAB3/install/mymsgsrv/share/mymsgsrv/cmake/ament_cmake_export_include_directories-extras.cmake
[4.360s] -- Up-to-date: /home/ali/Engineering/ITI/low_speed_self_driving_vehicles/ROS_lectures/LAB3/install/mymsgsrv/share/mymsgsrv/cmake/rosidl_cmake_export_typesupport_libraries-extras.cmake
[4.360s] -- Up-to-date: /home/ali/Engineering/ITI/low_speed_self_driving_vehicles/ROS_lectures/LAB3/install/mymsgsrv/share/mymsgsrv/cmake/rosidl_cmake_export_typesupport_targets-extras.cmake
[4.360s] -- Up-to-date: /home/ali/Engineering/ITI/low_speed_self_driving_vehicles/ROS_lectures/LAB3/install/mymsgsrv/share/mymsgsrv/cmake/mymsgsrvConfig.cmake
[4.360s] -- Up-to-date: /home/ali/Engineering/ITI/low_speed_self_driving_vehicles/ROS_lectures/LAB3/install/mymsgsrv/share/mymsgsrv/cmake/mymsgsrvConfig-version.cmake
[4.360s] -- Up-to-date: /home/ali/Engineering/ITI/low_speed_self_driving_vehicles/ROS_lectures/LAB3/install/mymsgsrv/share/mymsgsrv/package.xml
[4.368s] Invoked command in '/home/ali/Engineering/ITI/low_speed_self_driving_vehicles/ROS_lectures/LAB3/build/mymsgsrv' returned '0': CMAKE_PREFIX_PATH=/home/ali/Engineering/ITI/CppWs/install/mymsg:/home/ali/Engineering/ITI/low_speed_self_driving_vehicles/ROS_lectures/LAB2_ROS/install/iti_lab2:/home/ali/Engineering/ITI/low_speed_self_driving_vehicles/ROS_lectures/ROS_ws/install/pkg_name:/home/ali/Engineering/ITI/low_speed_self_driving_vehicles/ROS_lectures/ROS_ws/install/cpp:/home/ali/Engineering/ITI/low_speed_self_driving_vehicles/ROS_lectures/WS/install/cpp:/opt/ros/foxy /home/ali/anaconda3/bin/cmake --install /home/ali/Engineering/ITI/low_speed_self_driving_vehicles/ROS_lectures/LAB3/build/mymsgsrv
