running egg_info
writing ../../build/ros2_project/ros2_project.egg-info/PKG-INFO
writing dependency_links to ../../build/ros2_project/ros2_project.egg-info/dependency_links.txt
writing entry points to ../../build/ros2_project/ros2_project.egg-info/entry_points.txt
writing requirements to ../../build/ros2_project/ros2_project.egg-info/requires.txt
writing top-level names to ../../build/ros2_project/ros2_project.egg-info/top_level.txt
reading manifest file '../../build/ros2_project/ros2_project.egg-info/SOURCES.txt'
writing manifest file '../../build/ros2_project/ros2_project.egg-info/SOURCES.txt'
running build
running build_py
running install
running install_lib
running install_data
running install_egg_info
removing '/home/ali/Engineering/ITI/low_speed_self_driving_vehicles/ROS_lectures/projectWs/install/ros2_project/lib/python3.8/site-packages/ros2_project-0.0.0-py3.8.egg-info' (and everything under it)
Copying ../../build/ros2_project/ros2_project.egg-info to /home/ali/Engineering/ITI/low_speed_self_driving_vehicles/ROS_lectures/projectWs/install/ros2_project/lib/python3.8/site-packages/ros2_project-0.0.0-py3.8.egg-info
running install_scripts
Installing control_node script to /home/ali/Engineering/ITI/low_speed_self_driving_vehicles/ROS_lectures/projectWs/install/ros2_project/lib/ros2_project
Installing spawn_node script to /home/ali/Engineering/ITI/low_speed_self_driving_vehicles/ROS_lectures/projectWs/install/ros2_project/lib/ros2_project
writing list of installed files to '/home/ali/Engineering/ITI/low_speed_self_driving_vehicles/ROS_lectures/projectWs/build/ros2_project/install.log'
