[0.535s] Invoking command in '/home/ali/Engineering/ITI/low_speed_self_driving_vehicles/ROS_lectures/LAB2_ROS/src/iti_lab2': PYTHONPATH=/home/ali/Engineering/ITI/low_speed_self_driving_vehicles/ROS_lectures/LAB2_ROS/install/iti_lab2/lib/python3.8/site-packages:${PYTHONPATH} /usr/bin/python3 setup.py egg_info --egg-base ../../build/iti_lab2 build --build-base /home/ali/Engineering/ITI/low_speed_self_driving_vehicles/ROS_lectures/LAB2_ROS/build/iti_lab2/build install --prefix /home/ali/Engineering/ITI/low_speed_self_driving_vehicles/ROS_lectures/LAB2_ROS/install/iti_lab2 --record /home/ali/Engineering/ITI/low_speed_self_driving_vehicles/ROS_lectures/LAB2_ROS/build/iti_lab2/install.log --single-version-externally-managed
[1.098s] running egg_info
[1.100s] creating ../../build/iti_lab2/iti_lab2.egg-info
[1.100s] writing ../../build/iti_lab2/iti_lab2.egg-info/PKG-INFO
[1.102s] writing dependency_links to ../../build/iti_lab2/iti_lab2.egg-info/dependency_links.txt
[1.102s] writing entry points to ../../build/iti_lab2/iti_lab2.egg-info/entry_points.txt
[1.103s] writing requirements to ../../build/iti_lab2/iti_lab2.egg-info/requires.txt
[1.103s] writing top-level names to ../../build/iti_lab2/iti_lab2.egg-info/top_level.txt
[1.148s] writing manifest file '../../build/iti_lab2/iti_lab2.egg-info/SOURCES.txt'
[1.348s] reading manifest file '../../build/iti_lab2/iti_lab2.egg-info/SOURCES.txt'
[1.350s] writing manifest file '../../build/iti_lab2/iti_lab2.egg-info/SOURCES.txt'
[1.350s] running build
[1.350s] running build_py
[1.351s] creating /home/ali/Engineering/ITI/low_speed_self_driving_vehicles/ROS_lectures/LAB2_ROS/build/iti_lab2/build
[1.351s] creating /home/ali/Engineering/ITI/low_speed_self_driving_vehicles/ROS_lectures/LAB2_ROS/build/iti_lab2/build/lib
[1.351s] creating /home/ali/Engineering/ITI/low_speed_self_driving_vehicles/ROS_lectures/LAB2_ROS/build/iti_lab2/build/lib/iti_lab2
[1.351s] copying iti_lab2/__init__.py -> /home/ali/Engineering/ITI/low_speed_self_driving_vehicles/ROS_lectures/LAB2_ROS/build/iti_lab2/build/lib/iti_lab2
[1.351s] copying iti_lab2/receiver_node.py -> /home/ali/Engineering/ITI/low_speed_self_driving_vehicles/ROS_lectures/LAB2_ROS/build/iti_lab2/build/lib/iti_lab2
[1.352s] copying iti_lab2/reset_node.py -> /home/ali/Engineering/ITI/low_speed_self_driving_vehicles/ROS_lectures/LAB2_ROS/build/iti_lab2/build/lib/iti_lab2
[1.352s] copying iti_lab2/publisher_node.py -> /home/ali/Engineering/ITI/low_speed_self_driving_vehicles/ROS_lectures/LAB2_ROS/build/iti_lab2/build/lib/iti_lab2
[1.352s] running install
[1.353s] running install_lib
[1.378s] creating /home/ali/Engineering/ITI/low_speed_self_driving_vehicles/ROS_lectures/LAB2_ROS/install/iti_lab2/lib/python3.8/site-packages/iti_lab2
[1.379s] copying /home/ali/Engineering/ITI/low_speed_self_driving_vehicles/ROS_lectures/LAB2_ROS/build/iti_lab2/build/lib/iti_lab2/__init__.py -> /home/ali/Engineering/ITI/low_speed_self_driving_vehicles/ROS_lectures/LAB2_ROS/install/iti_lab2/lib/python3.8/site-packages/iti_lab2
[1.379s] copying /home/ali/Engineering/ITI/low_speed_self_driving_vehicles/ROS_lectures/LAB2_ROS/build/iti_lab2/build/lib/iti_lab2/receiver_node.py -> /home/ali/Engineering/ITI/low_speed_self_driving_vehicles/ROS_lectures/LAB2_ROS/install/iti_lab2/lib/python3.8/site-packages/iti_lab2
[1.379s] copying /home/ali/Engineering/ITI/low_speed_self_driving_vehicles/ROS_lectures/LAB2_ROS/build/iti_lab2/build/lib/iti_lab2/reset_node.py -> /home/ali/Engineering/ITI/low_speed_self_driving_vehicles/ROS_lectures/LAB2_ROS/install/iti_lab2/lib/python3.8/site-packages/iti_lab2
[1.379s] copying /home/ali/Engineering/ITI/low_speed_self_driving_vehicles/ROS_lectures/LAB2_ROS/build/iti_lab2/build/lib/iti_lab2/publisher_node.py -> /home/ali/Engineering/ITI/low_speed_self_driving_vehicles/ROS_lectures/LAB2_ROS/install/iti_lab2/lib/python3.8/site-packages/iti_lab2
[1.380s] byte-compiling /home/ali/Engineering/ITI/low_speed_self_driving_vehicles/ROS_lectures/LAB2_ROS/install/iti_lab2/lib/python3.8/site-packages/iti_lab2/__init__.py to __init__.cpython-38.pyc
[1.383s] byte-compiling /home/ali/Engineering/ITI/low_speed_self_driving_vehicles/ROS_lectures/LAB2_ROS/install/iti_lab2/lib/python3.8/site-packages/iti_lab2/receiver_node.py to receiver_node.cpython-38.pyc
[1.384s] byte-compiling /home/ali/Engineering/ITI/low_speed_self_driving_vehicles/ROS_lectures/LAB2_ROS/install/iti_lab2/lib/python3.8/site-packages/iti_lab2/reset_node.py to reset_node.cpython-38.pyc
[1.384s] byte-compiling /home/ali/Engineering/ITI/low_speed_self_driving_vehicles/ROS_lectures/LAB2_ROS/install/iti_lab2/lib/python3.8/site-packages/iti_lab2/publisher_node.py to publisher_node.cpython-38.pyc
[1.385s] running install_data
[1.395s] creating /home/ali/Engineering/ITI/low_speed_self_driving_vehicles/ROS_lectures/LAB2_ROS/install/iti_lab2/share/ament_index
[1.396s] creating /home/ali/Engineering/ITI/low_speed_self_driving_vehicles/ROS_lectures/LAB2_ROS/install/iti_lab2/share/ament_index/resource_index
[1.396s] creating /home/ali/Engineering/ITI/low_speed_self_driving_vehicles/ROS_lectures/LAB2_ROS/install/iti_lab2/share/ament_index/resource_index/packages
[1.396s] copying resource/iti_lab2 -> /home/ali/Engineering/ITI/low_speed_self_driving_vehicles/ROS_lectures/LAB2_ROS/install/iti_lab2/share/ament_index/resource_index/packages
[1.396s] copying package.xml -> /home/ali/Engineering/ITI/low_speed_self_driving_vehicles/ROS_lectures/LAB2_ROS/install/iti_lab2/share/iti_lab2
[1.397s] running install_egg_info
[1.414s] Copying ../../build/iti_lab2/iti_lab2.egg-info to /home/ali/Engineering/ITI/low_speed_self_driving_vehicles/ROS_lectures/LAB2_ROS/install/iti_lab2/lib/python3.8/site-packages/iti_lab2-0.0.0-py3.8.egg-info
[1.415s] running install_scripts
[1.500s] writing list of installed files to '/home/ali/Engineering/ITI/low_speed_self_driving_vehicles/ROS_lectures/LAB2_ROS/build/iti_lab2/install.log'
[1.543s] Invoked command in '/home/ali/Engineering/ITI/low_speed_self_driving_vehicles/ROS_lectures/LAB2_ROS/src/iti_lab2' returned '0': PYTHONPATH=/home/ali/Engineering/ITI/low_speed_self_driving_vehicles/ROS_lectures/LAB2_ROS/install/iti_lab2/lib/python3.8/site-packages:${PYTHONPATH} /usr/bin/python3 setup.py egg_info --egg-base ../../build/iti_lab2 build --build-base /home/ali/Engineering/ITI/low_speed_self_driving_vehicles/ROS_lectures/LAB2_ROS/build/iti_lab2/build install --prefix /home/ali/Engineering/ITI/low_speed_self_driving_vehicles/ROS_lectures/LAB2_ROS/install/iti_lab2 --record /home/ali/Engineering/ITI/low_speed_self_driving_vehicles/ROS_lectures/LAB2_ROS/build/iti_lab2/install.log --single-version-externally-managed
