[0.507s] Invoking command in '/home/ali/Engineering/ITI/low_speed_self_driving_vehicles/ROS_lectures/LAB2_ROS/src/iti_lab2': PYTHONPATH=/home/ali/Engineering/ITI/low_speed_self_driving_vehicles/ROS_lectures/LAB2_ROS/install/iti_lab2/lib/python3.8/site-packages:${PYTHONPATH} /usr/bin/python3 setup.py egg_info --egg-base ../../build/iti_lab2 build --build-base /home/ali/Engineering/ITI/low_speed_self_driving_vehicles/ROS_lectures/LAB2_ROS/build/iti_lab2/build install --prefix /home/ali/Engineering/ITI/low_speed_self_driving_vehicles/ROS_lectures/LAB2_ROS/install/iti_lab2 --record /home/ali/Engineering/ITI/low_speed_self_driving_vehicles/ROS_lectures/LAB2_ROS/build/iti_lab2/install.log --single-version-externally-managed
[0.974s] running egg_info
[0.974s] writing ../../build/iti_lab2/iti_lab2.egg-info/PKG-INFO
[0.975s] writing dependency_links to ../../build/iti_lab2/iti_lab2.egg-info/dependency_links.txt
[0.975s] writing entry points to ../../build/iti_lab2/iti_lab2.egg-info/entry_points.txt
[0.975s] writing requirements to ../../build/iti_lab2/iti_lab2.egg-info/requires.txt
[0.976s] writing top-level names to ../../build/iti_lab2/iti_lab2.egg-info/top_level.txt
[1.033s] reading manifest file '../../build/iti_lab2/iti_lab2.egg-info/SOURCES.txt'
[1.035s] writing manifest file '../../build/iti_lab2/iti_lab2.egg-info/SOURCES.txt'
[1.035s] running build
[1.035s] running build_py
[1.035s] copying iti_lab2/task2_client.py -> /home/ali/Engineering/ITI/low_speed_self_driving_vehicles/ROS_lectures/LAB2_ROS/build/iti_lab2/build/lib/iti_lab2
[1.036s] running install
[1.037s] running install_lib
[1.040s] copying /home/ali/Engineering/ITI/low_speed_self_driving_vehicles/ROS_lectures/LAB2_ROS/build/iti_lab2/build/lib/iti_lab2/task2_client.py -> /home/ali/Engineering/ITI/low_speed_self_driving_vehicles/ROS_lectures/LAB2_ROS/install/iti_lab2/lib/python3.8/site-packages/iti_lab2
[1.041s] byte-compiling /home/ali/Engineering/ITI/low_speed_self_driving_vehicles/ROS_lectures/LAB2_ROS/install/iti_lab2/lib/python3.8/site-packages/iti_lab2/task2_client.py to task2_client.cpython-38.pyc
[1.044s] running install_data
[1.045s] running install_egg_info
[1.047s] removing '/home/ali/Engineering/ITI/low_speed_self_driving_vehicles/ROS_lectures/LAB2_ROS/install/iti_lab2/lib/python3.8/site-packages/iti_lab2-0.0.0-py3.8.egg-info' (and everything under it)
[1.048s] Copying ../../build/iti_lab2/iti_lab2.egg-info to /home/ali/Engineering/ITI/low_speed_self_driving_vehicles/ROS_lectures/LAB2_ROS/install/iti_lab2/lib/python3.8/site-packages/iti_lab2-0.0.0-py3.8.egg-info
[1.049s] running install_scripts
[1.083s] Installing publisher_node script to /home/ali/Engineering/ITI/low_speed_self_driving_vehicles/ROS_lectures/LAB2_ROS/install/iti_lab2/lib/iti_lab2
[1.084s] Installing receiver_node script to /home/ali/Engineering/ITI/low_speed_self_driving_vehicles/ROS_lectures/LAB2_ROS/install/iti_lab2/lib/iti_lab2
[1.084s] Installing reset_node script to /home/ali/Engineering/ITI/low_speed_self_driving_vehicles/ROS_lectures/LAB2_ROS/install/iti_lab2/lib/iti_lab2
[1.084s] Installing task2_node_client script to /home/ali/Engineering/ITI/low_speed_self_driving_vehicles/ROS_lectures/LAB2_ROS/install/iti_lab2/lib/iti_lab2
[1.085s] writing list of installed files to '/home/ali/Engineering/ITI/low_speed_self_driving_vehicles/ROS_lectures/LAB2_ROS/build/iti_lab2/install.log'
[1.129s] Invoked command in '/home/ali/Engineering/ITI/low_speed_self_driving_vehicles/ROS_lectures/LAB2_ROS/src/iti_lab2' returned '0': PYTHONPATH=/home/ali/Engineering/ITI/low_speed_self_driving_vehicles/ROS_lectures/LAB2_ROS/install/iti_lab2/lib/python3.8/site-packages:${PYTHONPATH} /usr/bin/python3 setup.py egg_info --egg-base ../../build/iti_lab2 build --build-base /home/ali/Engineering/ITI/low_speed_self_driving_vehicles/ROS_lectures/LAB2_ROS/build/iti_lab2/build install --prefix /home/ali/Engineering/ITI/low_speed_self_driving_vehicles/ROS_lectures/LAB2_ROS/install/iti_lab2 --record /home/ali/Engineering/ITI/low_speed_self_driving_vehicles/ROS_lectures/LAB2_ROS/build/iti_lab2/install.log --single-version-externally-managed
