[ 10%] Built target mymsgsrv__rosidl_generator_c
[ 12%] Built target mymsgsrv__cpp
[ 23%] Built target mymsgsrv__rosidl_typesupport_c
[ 33%] Built target mymsgsrv__rosidl_typesupport_introspection_c
[ 43%] Built target mymsgsrv__rosidl_typesupport_cpp
[ 53%] Built target mymsgsrv__rosidl_typesupport_fastrtps_cpp
[ 64%] Built target mymsgsrv__rosidl_typesupport_introspection_cpp
[ 74%] Built target mymsgsrv__rosidl_typesupport_fastrtps_c
[ 74%] Built target mymsgsrv
[ 76%] Built target mymsgsrv__py
[ 84%] Built target mymsgsrv__python
[ 94%] Built target mymsgsrv__rosidl_typesupport_introspection_c__pyext
[ 94%] Built target mymsgsrv__rosidl_typesupport_c__pyext
[100%] Built target mymsgsrv__rosidl_typesupport_fastrtps_c__pyext
-- Install configuration: ""
-- Up-to-date: /home/ali/Engineering/ITI/low_speed_self_driving_vehicles/ROS_lectures/LAB3/install/mymsgsrv/share/ament_index/resource_index/rosidl_interfaces/mymsgsrv
-- Up-to-date: /home/ali/Engineering/ITI/low_speed_self_driving_vehicles/ROS_lectures/LAB3/install/mymsgsrv/include/mymsgsrv
-- Up-to-date: /home/ali/Engineering/ITI/low_speed_self_driving_vehicles/ROS_lectures/LAB3/install/mymsgsrv/include/mymsgsrv/msg
-- Up-to-date: /home/ali/Engineering/ITI/low_speed_self_driving_vehicles/ROS_lectures/LAB3/install/mymsgsrv/include/mymsgsrv/msg/custom_msg.h
-- Up-to-date: /home/ali/Engineering/ITI/low_speed_self_driving_vehicles/ROS_lectures/LAB3/install/mymsgsrv/include/mymsgsrv/msg/rosidl_generator_c__visibility_control.h
-- Up-to-date: /home/ali/Engineering/ITI/low_speed_self_driving_vehicles/ROS_lectures/LAB3/install/mymsgsrv/include/mymsgsrv/msg/detail
-- Up-to-date: /home/ali/Engineering/ITI/low_speed_self_driving_vehicles/ROS_lectures/LAB3/install/mymsgsrv/include/mymsgsrv/msg/detail/custom_msg__functions.h
-- Up-to-date: /home/ali/Engineering/ITI/low_speed_self_driving_vehicles/ROS_lectures/LAB3/install/mymsgsrv/include/mymsgsrv/msg/detail/custom_msg__type_support.h
-- Up-to-date: /home/ali/Engineering/ITI/low_speed_self_driving_vehicles/ROS_lectures/LAB3/install/mymsgsrv/include/mymsgsrv/msg/detail/custom_msg__struct.h
-- Up-to-date: /home/ali/Engineering/ITI/low_speed_self_driving_vehicles/ROS_lectures/LAB3/install/mymsgsrv/include/mymsgsrv/msg/detail/custom_msg__functions.c
-- Up-to-date: /home/ali/Engineering/ITI/low_speed_self_driving_vehicles/ROS_lectures/LAB3/install/mymsgsrv/include/mymsgsrv/srv
-- Up-to-date: /home/ali/Engineering/ITI/low_speed_self_driving_vehicles/ROS_lectures/LAB3/install/mymsgsrv/include/mymsgsrv/srv/detail
-- Up-to-date: /home/ali/Engineering/ITI/low_speed_self_driving_vehicles/ROS_lectures/LAB3/install/mymsgsrv/include/mymsgsrv/srv/detail/custom_srv__functions.c
-- Up-to-date: /home/ali/Engineering/ITI/low_speed_self_driving_vehicles/ROS_lectures/LAB3/install/mymsgsrv/include/mymsgsrv/srv/detail/custom_srv__struct.h
-- Up-to-date: /home/ali/Engineering/ITI/low_speed_self_driving_vehicles/ROS_lectures/LAB3/install/mymsgsrv/include/mymsgsrv/srv/detail/custom_srv__functions.h
-- Up-to-date: /home/ali/Engineering/ITI/low_speed_self_driving_vehicles/ROS_lectures/LAB3/install/mymsgsrv/include/mymsgsrv/srv/detail/custom_srv__type_support.h
-- Up-to-date: /home/ali/Engineering/ITI/low_speed_self_driving_vehicles/ROS_lectures/LAB3/install/mymsgsrv/include/mymsgsrv/srv/custom_srv.h
-- Up-to-date: /home/ali/Engineering/ITI/low_speed_self_driving_vehicles/ROS_lectures/LAB3/install/mymsgsrv/share/mymsgsrv/environment/library_path.sh
-- Up-to-date: /home/ali/Engineering/ITI/low_speed_self_driving_vehicles/ROS_lectures/LAB3/install/mymsgsrv/share/mymsgsrv/environment/library_path.dsv
-- Up-to-date: /home/ali/Engineering/ITI/low_speed_self_driving_vehicles/ROS_lectures/LAB3/install/mymsgsrv/lib/libmymsgsrv__rosidl_generator_c.so
-- Up-to-date: /home/ali/Engineering/ITI/low_speed_self_driving_vehicles/ROS_lectures/LAB3/install/mymsgsrv/include/mymsgsrv
-- Up-to-date: /home/ali/Engineering/ITI/low_speed_self_driving_vehicles/ROS_lectures/LAB3/install/mymsgsrv/include/mymsgsrv/msg
-- Up-to-date: /home/ali/Engineering/ITI/low_speed_self_driving_vehicles/ROS_lectures/LAB3/install/mymsgsrv/include/mymsgsrv/msg/rosidl_typesupport_fastrtps_c__visibility_control.h
-- Up-to-date: /home/ali/Engineering/ITI/low_speed_self_driving_vehicles/ROS_lectures/LAB3/install/mymsgsrv/include/mymsgsrv/msg/detail
-- Up-to-date: /home/ali/Engineering/ITI/low_speed_self_driving_vehicles/ROS_lectures/LAB3/install/mymsgsrv/include/mymsgsrv/msg/detail/custom_msg__rosidl_typesupport_fastrtps_c.h
-- Up-to-date: /home/ali/Engineering/ITI/low_speed_self_driving_vehicles/ROS_lectures/LAB3/install/mymsgsrv/include/mymsgsrv/srv
-- Up-to-date: /home/ali/Engineering/ITI/low_speed_self_driving_vehicles/ROS_lectures/LAB3/install/mymsgsrv/include/mymsgsrv/srv/detail
-- Up-to-date: /home/ali/Engineering/ITI/low_speed_self_driving_vehicles/ROS_lectures/LAB3/install/mymsgsrv/include/mymsgsrv/srv/detail/custom_srv__rosidl_typesupport_fastrtps_c.h
-- Up-to-date: /home/ali/Engineering/ITI/low_speed_self_driving_vehicles/ROS_lectures/LAB3/install/mymsgsrv/lib/libmymsgsrv__rosidl_typesupport_fastrtps_c.so
-- Up-to-date: /home/ali/Engineering/ITI/low_speed_self_driving_vehicles/ROS_lectures/LAB3/install/mymsgsrv/include/mymsgsrv
-- Up-to-date: /home/ali/Engineering/ITI/low_speed_self_driving_vehicles/ROS_lectures/LAB3/install/mymsgsrv/include/mymsgsrv/msg
-- Up-to-date: /home/ali/Engineering/ITI/low_speed_self_driving_vehicles/ROS_lectures/LAB3/install/mymsgsrv/include/mymsgsrv/msg/rosidl_typesupport_fastrtps_cpp__visibility_control.h
-- Up-to-date: /home/ali/Engineering/ITI/low_speed_self_driving_vehicles/ROS_lectures/LAB3/install/mymsgsrv/include/mymsgsrv/msg/detail
-- Up-to-date: /home/ali/Engineering/ITI/low_speed_self_driving_vehicles/ROS_lectures/LAB3/install/mymsgsrv/include/mymsgsrv/msg/detail/custom_msg__rosidl_typesupport_fastrtps_cpp.hpp
-- Up-to-date: /home/ali/Engineering/ITI/low_speed_self_driving_vehicles/ROS_lectures/LAB3/install/mymsgsrv/include/mymsgsrv/msg/detail/dds_fastrtps
-- Up-to-date: /home/ali/Engineering/ITI/low_speed_self_driving_vehicles/ROS_lectures/LAB3/install/mymsgsrv/include/mymsgsrv/srv
-- Up-to-date: /home/ali/Engineering/ITI/low_speed_self_driving_vehicles/ROS_lectures/LAB3/install/mymsgsrv/include/mymsgsrv/srv/detail
-- Up-to-date: /home/ali/Engineering/ITI/low_speed_self_driving_vehicles/ROS_lectures/LAB3/install/mymsgsrv/include/mymsgsrv/srv/detail/custom_srv__rosidl_typesupport_fastrtps_cpp.hpp
-- Up-to-date: /home/ali/Engineering/ITI/low_speed_self_driving_vehicles/ROS_lectures/LAB3/install/mymsgsrv/include/mymsgsrv/srv/detail/dds_fastrtps
-- Up-to-date: /home/ali/Engineering/ITI/low_speed_self_driving_vehicles/ROS_lectures/LAB3/install/mymsgsrv/lib/libmymsgsrv__rosidl_typesupport_fastrtps_cpp.so
-- Up-to-date: /home/ali/Engineering/ITI/low_speed_self_driving_vehicles/ROS_lectures/LAB3/install/mymsgsrv/include/mymsgsrv
-- Up-to-date: /home/ali/Engineering/ITI/low_speed_self_driving_vehicles/ROS_lectures/LAB3/install/mymsgsrv/include/mymsgsrv/msg
-- Up-to-date: /home/ali/Engineering/ITI/low_speed_self_driving_vehicles/ROS_lectures/LAB3/install/mymsgsrv/include/mymsgsrv/msg/detail
-- Up-to-date: /home/ali/Engineering/ITI/low_speed_self_driving_vehicles/ROS_lectures/LAB3/install/mymsgsrv/include/mymsgsrv/msg/detail/custom_msg__rosidl_typesupport_introspection_c.h
-- Up-to-date: /home/ali/Engineering/ITI/low_speed_self_driving_vehicles/ROS_lectures/LAB3/install/mymsgsrv/include/mymsgsrv/msg/detail/custom_msg__type_support.c
-- Up-to-date: /home/ali/Engineering/ITI/low_speed_self_driving_vehicles/ROS_lectures/LAB3/install/mymsgsrv/include/mymsgsrv/msg/rosidl_typesupport_introspection_c__visibility_control.h
-- Up-to-date: /home/ali/Engineering/ITI/low_speed_self_driving_vehicles/ROS_lectures/LAB3/install/mymsgsrv/include/mymsgsrv/srv
-- Up-to-date: /home/ali/Engineering/ITI/low_speed_self_driving_vehicles/ROS_lectures/LAB3/install/mymsgsrv/include/mymsgsrv/srv/detail
-- Up-to-date: /home/ali/Engineering/ITI/low_speed_self_driving_vehicles/ROS_lectures/LAB3/install/mymsgsrv/include/mymsgsrv/srv/detail/custom_srv__type_support.c
-- Up-to-date: /home/ali/Engineering/ITI/low_speed_self_driving_vehicles/ROS_lectures/LAB3/install/mymsgsrv/include/mymsgsrv/srv/detail/custom_srv__rosidl_typesupport_introspection_c.h
-- Up-to-date: /home/ali/Engineering/ITI/low_speed_self_driving_vehicles/ROS_lectures/LAB3/install/mymsgsrv/lib/libmymsgsrv__rosidl_typesupport_introspection_c.so
-- Up-to-date: /home/ali/Engineering/ITI/low_speed_self_driving_vehicles/ROS_lectures/LAB3/install/mymsgsrv/lib/libmymsgsrv__rosidl_typesupport_c.so
-- Up-to-date: /home/ali/Engineering/ITI/low_speed_self_driving_vehicles/ROS_lectures/LAB3/install/mymsgsrv/include/mymsgsrv
-- Up-to-date: /home/ali/Engineering/ITI/low_speed_self_driving_vehicles/ROS_lectures/LAB3/install/mymsgsrv/include/mymsgsrv/msg
-- Up-to-date: /home/ali/Engineering/ITI/low_speed_self_driving_vehicles/ROS_lectures/LAB3/install/mymsgsrv/include/mymsgsrv/msg/custom_msg.hpp
-- Up-to-date: /home/ali/Engineering/ITI/low_speed_self_driving_vehicles/ROS_lectures/LAB3/install/mymsgsrv/include/mymsgsrv/msg/detail
-- Up-to-date: /home/ali/Engineering/ITI/low_speed_self_driving_vehicles/ROS_lectures/LAB3/install/mymsgsrv/include/mymsgsrv/msg/detail/custom_msg__struct.hpp
-- Up-to-date: /home/ali/Engineering/ITI/low_speed_self_driving_vehicles/ROS_lectures/LAB3/install/mymsgsrv/include/mymsgsrv/msg/detail/custom_msg__builder.hpp
-- Up-to-date: /home/ali/Engineering/ITI/low_speed_self_driving_vehicles/ROS_lectures/LAB3/install/mymsgsrv/include/mymsgsrv/msg/detail/custom_msg__traits.hpp
-- Up-to-date: /home/ali/Engineering/ITI/low_speed_self_driving_vehicles/ROS_lectures/LAB3/install/mymsgsrv/include/mymsgsrv/srv
-- Up-to-date: /home/ali/Engineering/ITI/low_speed_self_driving_vehicles/ROS_lectures/LAB3/install/mymsgsrv/include/mymsgsrv/srv/custom_srv.hpp
-- Up-to-date: /home/ali/Engineering/ITI/low_speed_self_driving_vehicles/ROS_lectures/LAB3/install/mymsgsrv/include/mymsgsrv/srv/detail
-- Up-to-date: /home/ali/Engineering/ITI/low_speed_self_driving_vehicles/ROS_lectures/LAB3/install/mymsgsrv/include/mymsgsrv/srv/detail/custom_srv__struct.hpp
-- Up-to-date: /home/ali/Engineering/ITI/low_speed_self_driving_vehicles/ROS_lectures/LAB3/install/mymsgsrv/include/mymsgsrv/srv/detail/custom_srv__builder.hpp
-- Up-to-date: /home/ali/Engineering/ITI/low_speed_self_driving_vehicles/ROS_lectures/LAB3/install/mymsgsrv/include/mymsgsrv/srv/detail/custom_srv__traits.hpp
-- Up-to-date: /home/ali/Engineering/ITI/low_speed_self_driving_vehicles/ROS_lectures/LAB3/install/mymsgsrv/include/mymsgsrv
-- Up-to-date: /home/ali/Engineering/ITI/low_speed_self_driving_vehicles/ROS_lectures/LAB3/install/mymsgsrv/include/mymsgsrv/msg
-- Up-to-date: /home/ali/Engineering/ITI/low_speed_self_driving_vehicles/ROS_lectures/LAB3/install/mymsgsrv/include/mymsgsrv/msg/detail
-- Up-to-date: /home/ali/Engineering/ITI/low_speed_self_driving_vehicles/ROS_lectures/LAB3/install/mymsgsrv/include/mymsgsrv/msg/detail/custom_msg__rosidl_typesupport_introspection_cpp.hpp
-- Up-to-date: /home/ali/Engineering/ITI/low_speed_self_driving_vehicles/ROS_lectures/LAB3/install/mymsgsrv/include/mymsgsrv/msg/detail/custom_msg__type_support.cpp
-- Up-to-date: /home/ali/Engineering/ITI/low_speed_self_driving_vehicles/ROS_lectures/LAB3/install/mymsgsrv/include/mymsgsrv/srv
-- Up-to-date: /home/ali/Engineering/ITI/low_speed_self_driving_vehicles/ROS_lectures/LAB3/install/mymsgsrv/include/mymsgsrv/srv/detail
-- Up-to-date: /home/ali/Engineering/ITI/low_speed_self_driving_vehicles/ROS_lectures/LAB3/install/mymsgsrv/include/mymsgsrv/srv/detail/custom_srv__type_support.cpp
-- Up-to-date: /home/ali/Engineering/ITI/low_speed_self_driving_vehicles/ROS_lectures/LAB3/install/mymsgsrv/include/mymsgsrv/srv/detail/custom_srv__rosidl_typesupport_introspection_cpp.hpp
-- Up-to-date: /home/ali/Engineering/ITI/low_speed_self_driving_vehicles/ROS_lectures/LAB3/install/mymsgsrv/lib/libmymsgsrv__rosidl_typesupport_introspection_cpp.so
-- Up-to-date: /home/ali/Engineering/ITI/low_speed_self_driving_vehicles/ROS_lectures/LAB3/install/mymsgsrv/lib/libmymsgsrv__rosidl_typesupport_cpp.so
-- Up-to-date: /home/ali/Engineering/ITI/low_speed_self_driving_vehicles/ROS_lectures/LAB3/install/mymsgsrv/share/mymsgsrv/environment/pythonpath.sh
-- Up-to-date: /home/ali/Engineering/ITI/low_speed_self_driving_vehicles/ROS_lectures/LAB3/install/mymsgsrv/share/mymsgsrv/environment/pythonpath.dsv
-- Up-to-date: /home/ali/Engineering/ITI/low_speed_self_driving_vehicles/ROS_lectures/LAB3/install/mymsgsrv/lib/python3.8/site-packages/mymsgsrv/__init__.py
-- Up-to-date: /home/ali/Engineering/ITI/low_speed_self_driving_vehicles/ROS_lectures/LAB3/install/mymsgsrv/lib/python3.8/site-packages/mymsgsrv/msg
-- Up-to-date: /home/ali/Engineering/ITI/low_speed_self_driving_vehicles/ROS_lectures/LAB3/install/mymsgsrv/lib/python3.8/site-packages/mymsgsrv/msg/__init__.py
-- Up-to-date: /home/ali/Engineering/ITI/low_speed_self_driving_vehicles/ROS_lectures/LAB3/install/mymsgsrv/lib/python3.8/site-packages/mymsgsrv/msg/_custom_msg_s.c
-- Up-to-date: /home/ali/Engineering/ITI/low_speed_self_driving_vehicles/ROS_lectures/LAB3/install/mymsgsrv/lib/python3.8/site-packages/mymsgsrv/msg/_custom_msg.py
-- Up-to-date: /home/ali/Engineering/ITI/low_speed_self_driving_vehicles/ROS_lectures/LAB3/install/mymsgsrv/lib/python3.8/site-packages/mymsgsrv/srv
-- Up-to-date: /home/ali/Engineering/ITI/low_speed_self_driving_vehicles/ROS_lectures/LAB3/install/mymsgsrv/lib/python3.8/site-packages/mymsgsrv/srv/__init__.py
-- Up-to-date: /home/ali/Engineering/ITI/low_speed_self_driving_vehicles/ROS_lectures/LAB3/install/mymsgsrv/lib/python3.8/site-packages/mymsgsrv/srv/_custom_srv_s.c
-- Up-to-date: /home/ali/Engineering/ITI/low_speed_self_driving_vehicles/ROS_lectures/LAB3/install/mymsgsrv/lib/python3.8/site-packages/mymsgsrv/srv/_custom_srv.py
-- Up-to-date: /home/ali/Engineering/ITI/low_speed_self_driving_vehicles/ROS_lectures/LAB3/install/mymsgsrv/lib/python3.8/site-packages/mymsgsrv/mymsgsrv_s__rosidl_typesupport_fastrtps_c.cpython-38-x86_64-linux-gnu.so
-- Up-to-date: /home/ali/Engineering/ITI/low_speed_self_driving_vehicles/ROS_lectures/LAB3/install/mymsgsrv/lib/python3.8/site-packages/mymsgsrv/mymsgsrv_s__rosidl_typesupport_introspection_c.cpython-38-x86_64-linux-gnu.so
-- Up-to-date: /home/ali/Engineering/ITI/low_speed_self_driving_vehicles/ROS_lectures/LAB3/install/mymsgsrv/lib/python3.8/site-packages/mymsgsrv/mymsgsrv_s__rosidl_typesupport_c.cpython-38-x86_64-linux-gnu.so
-- Up-to-date: /home/ali/Engineering/ITI/low_speed_self_driving_vehicles/ROS_lectures/LAB3/install/mymsgsrv/lib/libmymsgsrv__python.so
-- Up-to-date: /home/ali/Engineering/ITI/low_speed_self_driving_vehicles/ROS_lectures/LAB3/install/mymsgsrv/share/mymsgsrv/msg/CustomMsg.idl
-- Up-to-date: /home/ali/Engineering/ITI/low_speed_self_driving_vehicles/ROS_lectures/LAB3/install/mymsgsrv/share/mymsgsrv/srv/CustomSrv.idl
-- Up-to-date: /home/ali/Engineering/ITI/low_speed_self_driving_vehicles/ROS_lectures/LAB3/install/mymsgsrv/share/mymsgsrv/msg/CustomMsg.msg
-- Up-to-date: /home/ali/Engineering/ITI/low_speed_self_driving_vehicles/ROS_lectures/LAB3/install/mymsgsrv/share/mymsgsrv/srv/CustomSrv.srv
-- Up-to-date: /home/ali/Engineering/ITI/low_speed_self_driving_vehicles/ROS_lectures/LAB3/install/mymsgsrv/share/mymsgsrv/srv/CustomSrv_Request.msg
-- Up-to-date: /home/ali/Engineering/ITI/low_speed_self_driving_vehicles/ROS_lectures/LAB3/install/mymsgsrv/share/mymsgsrv/srv/CustomSrv_Response.msg
-- Up-to-date: /home/ali/Engineering/ITI/low_speed_self_driving_vehicles/ROS_lectures/LAB3/install/mymsgsrv/share/ament_index/resource_index/package_run_dependencies/mymsgsrv
-- Up-to-date: /home/ali/Engineering/ITI/low_speed_self_driving_vehicles/ROS_lectures/LAB3/install/mymsgsrv/share/ament_index/resource_index/parent_prefix_path/mymsgsrv
-- Up-to-date: /home/ali/Engineering/ITI/low_speed_self_driving_vehicles/ROS_lectures/LAB3/install/mymsgsrv/share/mymsgsrv/environment/ament_prefix_path.sh
-- Up-to-date: /home/ali/Engineering/ITI/low_speed_self_driving_vehicles/ROS_lectures/LAB3/install/mymsgsrv/share/mymsgsrv/environment/ament_prefix_path.dsv
-- Up-to-date: /home/ali/Engineering/ITI/low_speed_self_driving_vehicles/ROS_lectures/LAB3/install/mymsgsrv/share/mymsgsrv/environment/path.sh
-- Up-to-date: /home/ali/Engineering/ITI/low_speed_self_driving_vehicles/ROS_lectures/LAB3/install/mymsgsrv/share/mymsgsrv/environment/path.dsv
-- Up-to-date: /home/ali/Engineering/ITI/low_speed_self_driving_vehicles/ROS_lectures/LAB3/install/mymsgsrv/share/mymsgsrv/local_setup.bash
-- Up-to-date: /home/ali/Engineering/ITI/low_speed_self_driving_vehicles/ROS_lectures/LAB3/install/mymsgsrv/share/mymsgsrv/local_setup.sh
-- Up-to-date: /home/ali/Engineering/ITI/low_speed_self_driving_vehicles/ROS_lectures/LAB3/install/mymsgsrv/share/mymsgsrv/local_setup.zsh
-- Up-to-date: /home/ali/Engineering/ITI/low_speed_self_driving_vehicles/ROS_lectures/LAB3/install/mymsgsrv/share/mymsgsrv/local_setup.dsv
-- Installing: /home/ali/Engineering/ITI/low_speed_self_driving_vehicles/ROS_lectures/LAB3/install/mymsgsrv/share/mymsgsrv/package.dsv
-- Up-to-date: /home/ali/Engineering/ITI/low_speed_self_driving_vehicles/ROS_lectures/LAB3/install/mymsgsrv/share/ament_index/resource_index/packages/mymsgsrv
-- Up-to-date: /home/ali/Engineering/ITI/low_speed_self_driving_vehicles/ROS_lectures/LAB3/install/mymsgsrv/share/mymsgsrv/cmake/mymsgsrv__rosidl_generator_cExport.cmake
-- Up-to-date: /home/ali/Engineering/ITI/low_speed_self_driving_vehicles/ROS_lectures/LAB3/install/mymsgsrv/share/mymsgsrv/cmake/mymsgsrv__rosidl_generator_cExport-noconfig.cmake
-- Up-to-date: /home/ali/Engineering/ITI/low_speed_self_driving_vehicles/ROS_lectures/LAB3/install/mymsgsrv/share/mymsgsrv/cmake/mymsgsrv__rosidl_typesupport_introspection_cExport.cmake
-- Up-to-date: /home/ali/Engineering/ITI/low_speed_self_driving_vehicles/ROS_lectures/LAB3/install/mymsgsrv/share/mymsgsrv/cmake/mymsgsrv__rosidl_typesupport_introspection_cExport-noconfig.cmake
-- Up-to-date: /home/ali/Engineering/ITI/low_speed_self_driving_vehicles/ROS_lectures/LAB3/install/mymsgsrv/share/mymsgsrv/cmake/mymsgsrv__rosidl_typesupport_cExport.cmake
-- Up-to-date: /home/ali/Engineering/ITI/low_speed_self_driving_vehicles/ROS_lectures/LAB3/install/mymsgsrv/share/mymsgsrv/cmake/mymsgsrv__rosidl_typesupport_cExport-noconfig.cmake
-- Up-to-date: /home/ali/Engineering/ITI/low_speed_self_driving_vehicles/ROS_lectures/LAB3/install/mymsgsrv/share/mymsgsrv/cmake/mymsgsrv__rosidl_generator_cppExport.cmake
-- Up-to-date: /home/ali/Engineering/ITI/low_speed_self_driving_vehicles/ROS_lectures/LAB3/install/mymsgsrv/share/mymsgsrv/cmake/mymsgsrv__rosidl_typesupport_introspection_cppExport.cmake
-- Up-to-date: /home/ali/Engineering/ITI/low_speed_self_driving_vehicles/ROS_lectures/LAB3/install/mymsgsrv/share/mymsgsrv/cmake/mymsgsrv__rosidl_typesupport_introspection_cppExport-noconfig.cmake
-- Up-to-date: /home/ali/Engineering/ITI/low_speed_self_driving_vehicles/ROS_lectures/LAB3/install/mymsgsrv/share/mymsgsrv/cmake/mymsgsrv__rosidl_typesupport_cppExport.cmake
-- Up-to-date: /home/ali/Engineering/ITI/low_speed_self_driving_vehicles/ROS_lectures/LAB3/install/mymsgsrv/share/mymsgsrv/cmake/mymsgsrv__rosidl_typesupport_cppExport-noconfig.cmake
-- Up-to-date: /home/ali/Engineering/ITI/low_speed_self_driving_vehicles/ROS_lectures/LAB3/install/mymsgsrv/share/mymsgsrv/cmake/rosidl_cmake-extras.cmake
-- Up-to-date: /home/ali/Engineering/ITI/low_speed_self_driving_vehicles/ROS_lectures/LAB3/install/mymsgsrv/share/mymsgsrv/cmake/ament_cmake_export_dependencies-extras.cmake
-- Up-to-date: /home/ali/Engineering/ITI/low_speed_self_driving_vehicles/ROS_lectures/LAB3/install/mymsgsrv/share/mymsgsrv/cmake/ament_cmake_export_libraries-extras.cmake
-- Up-to-date: /home/ali/Engineering/ITI/low_speed_self_driving_vehicles/ROS_lectures/LAB3/install/mymsgsrv/share/mymsgsrv/cmake/ament_cmake_export_targets-extras.cmake
-- Up-to-date: /home/ali/Engineering/ITI/low_speed_self_driving_vehicles/ROS_lectures/LAB3/install/mymsgsrv/share/mymsgsrv/cmake/ament_cmake_export_include_directories-extras.cmake
-- Up-to-date: /home/ali/Engineering/ITI/low_speed_self_driving_vehicles/ROS_lectures/LAB3/install/mymsgsrv/share/mymsgsrv/cmake/rosidl_cmake_export_typesupport_libraries-extras.cmake
-- Up-to-date: /home/ali/Engineering/ITI/low_speed_self_driving_vehicles/ROS_lectures/LAB3/install/mymsgsrv/share/mymsgsrv/cmake/rosidl_cmake_export_typesupport_targets-extras.cmake
-- Up-to-date: /home/ali/Engineering/ITI/low_speed_self_driving_vehicles/ROS_lectures/LAB3/install/mymsgsrv/share/mymsgsrv/cmake/mymsgsrvConfig.cmake
-- Up-to-date: /home/ali/Engineering/ITI/low_speed_self_driving_vehicles/ROS_lectures/LAB3/install/mymsgsrv/share/mymsgsrv/cmake/mymsgsrvConfig-version.cmake
-- Up-to-date: /home/ali/Engineering/ITI/low_speed_self_driving_vehicles/ROS_lectures/LAB3/install/mymsgsrv/share/mymsgsrv/package.xml
