[0.430s] DEBUG:colcon:Command line arguments: ['/usr/bin/colcon', 'build']
[0.431s] DEBUG:colcon:Parsed command line arguments: Namespace(ament_cmake_args=None, base_paths=['.'], build_base='build', catkin_cmake_args=None, catkin_skip_building_tests=False, cmake_args=None, cmake_clean_cache=False, cmake_clean_first=False, cmake_force_configure=False, cmake_target=None, cmake_target_skip_unavailable=False, continue_on_error=False, event_handlers=None, executor='parallel', ignore_user_meta=False, install_base='install', log_base=None, log_level=None, main=<bound method BuildVerb.main of <colcon_core.verb.build.BuildVerb object at 0x7f9d44f06a30>>, merge_install=False, metas=['./colcon.meta'], packages_above=None, packages_above_and_dependencies=None, packages_above_depth=None, packages_end=None, packages_ignore=None, packages_ignore_regex=None, packages_select=None, packages_select_build_failed=False, packages_select_by_dep=None, packages_select_regex=None, packages_select_test_failures=False, packages_skip=None, packages_skip_build_finished=False, packages_skip_by_dep=None, packages_skip_regex=None, packages_skip_test_passed=False, packages_skip_up_to=None, packages_start=None, packages_up_to=None, packages_up_to_regex=None, parallel_workers=4, paths=None, symlink_install=False, test_result_base=None, verb_extension=<colcon_core.verb.build.BuildVerb object at 0x7f9d44f06a30>, verb_name='build', verb_parser=<colcon_defaults.argument_parser.defaults.DefaultArgumentsDecorator object at 0x7f9d44f06fa0>)
[0.436s] Level 1:colcon.colcon_core.package_discovery:discover_packages(colcon_meta) check parameters
[0.436s] Level 1:colcon.colcon_core.package_discovery:discover_packages(recursive) check parameters
[0.436s] Level 1:colcon.colcon_core.package_discovery:discover_packages(ignore) check parameters
[0.436s] Level 1:colcon.colcon_core.package_discovery:discover_packages(path) check parameters
[0.436s] Level 1:colcon.colcon_core.package_discovery:discover_packages(colcon_meta) discover
[0.436s] Level 1:colcon.colcon_core.package_discovery:discover_packages(recursive) discover
[0.436s] INFO:colcon.colcon_core.package_discovery:Crawling recursively for packages in '/home/ali/Engineering/ITI/low_speed_self_driving_vehicles/ROS_lectures/LAB3/src/iti_lab3'
[0.437s] Level 1:colcon.colcon_core.package_identification:_identify(.) by extensions ['ignore', 'ignore_ament_install']
[0.437s] Level 1:colcon.colcon_core.package_identification:_identify(.) by extension 'ignore'
[0.437s] Level 1:colcon.colcon_core.package_identification:_identify(.) by extension 'ignore_ament_install'
[0.437s] Level 1:colcon.colcon_core.package_identification:_identify(.) by extensions ['colcon_pkg']
[0.437s] Level 1:colcon.colcon_core.package_identification:_identify(.) by extension 'colcon_pkg'
[0.437s] Level 1:colcon.colcon_core.package_identification:_identify(.) by extensions ['colcon_meta']
[0.437s] Level 1:colcon.colcon_core.package_identification:_identify(.) by extension 'colcon_meta'
[0.437s] Level 1:colcon.colcon_core.package_identification:_identify(.) by extensions ['ros']
[0.437s] Level 1:colcon.colcon_core.package_identification:_identify(.) by extension 'ros'
[0.452s] DEBUG:colcon.colcon_core.package_identification:Package '.' with type 'ros.ament_python' and name 'iti_lab3'
[0.453s] Level 1:colcon.colcon_core.package_discovery:discover_packages(recursive) using defaults
[0.453s] Level 1:colcon.colcon_core.package_discovery:discover_packages(ignore) discover
[0.453s] Level 1:colcon.colcon_core.package_discovery:discover_packages(ignore) using defaults
[0.453s] Level 1:colcon.colcon_core.package_discovery:discover_packages(path) discover
[0.453s] Level 1:colcon.colcon_core.package_discovery:discover_packages(path) using defaults
[0.474s] Level 5:colcon.colcon_core.verb:set package 'iti_lab3' build argument 'cmake_args' from command line to 'None'
[0.474s] Level 5:colcon.colcon_core.verb:set package 'iti_lab3' build argument 'cmake_target' from command line to 'None'
[0.474s] Level 5:colcon.colcon_core.verb:set package 'iti_lab3' build argument 'cmake_target_skip_unavailable' from command line to 'False'
[0.474s] Level 5:colcon.colcon_core.verb:set package 'iti_lab3' build argument 'cmake_clean_cache' from command line to 'False'
[0.474s] Level 5:colcon.colcon_core.verb:set package 'iti_lab3' build argument 'cmake_clean_first' from command line to 'False'
[0.474s] Level 5:colcon.colcon_core.verb:set package 'iti_lab3' build argument 'cmake_force_configure' from command line to 'False'
[0.474s] Level 5:colcon.colcon_core.verb:set package 'iti_lab3' build argument 'ament_cmake_args' from command line to 'None'
[0.474s] Level 5:colcon.colcon_core.verb:set package 'iti_lab3' build argument 'catkin_cmake_args' from command line to 'None'
[0.474s] Level 5:colcon.colcon_core.verb:set package 'iti_lab3' build argument 'catkin_skip_building_tests' from command line to 'False'
[0.474s] DEBUG:colcon.colcon_core.verb:Building package 'iti_lab3' with the following arguments: {'ament_cmake_args': None, 'build_base': '/home/ali/Engineering/ITI/low_speed_self_driving_vehicles/ROS_lectures/LAB3/src/iti_lab3/build/iti_lab3', 'catkin_cmake_args': None, 'catkin_skip_building_tests': False, 'cmake_args': None, 'cmake_clean_cache': False, 'cmake_clean_first': False, 'cmake_force_configure': False, 'cmake_target': None, 'cmake_target_skip_unavailable': False, 'install_base': '/home/ali/Engineering/ITI/low_speed_self_driving_vehicles/ROS_lectures/LAB3/src/iti_lab3/install/iti_lab3', 'merge_install': False, 'path': '/home/ali/Engineering/ITI/low_speed_self_driving_vehicles/ROS_lectures/LAB3/src/iti_lab3', 'symlink_install': False, 'test_result_base': None}
[0.475s] INFO:colcon.colcon_core.executor:Executing jobs using 'parallel' executor
[0.477s] DEBUG:colcon.colcon_parallel_executor.executor.parallel:run_until_complete
[0.477s] INFO:colcon.colcon_ros.task.ament_python.build:Building ROS package in '/home/ali/Engineering/ITI/low_speed_self_driving_vehicles/ROS_lectures/LAB3/src/iti_lab3' with build type 'ament_python'
[0.477s] Level 1:colcon.colcon_core.shell:create_environment_hook('iti_lab3', 'ament_prefix_path')
[0.481s] INFO:colcon.colcon_core.plugin_system:Skipping extension 'colcon_core.shell.bat': Not used on non-Windows systems
[0.481s] INFO:colcon.colcon_core.shell:Creating environment hook '/home/ali/Engineering/ITI/low_speed_self_driving_vehicles/ROS_lectures/LAB3/src/iti_lab3/install/iti_lab3/share/iti_lab3/hook/ament_prefix_path.ps1'
[0.483s] INFO:colcon.colcon_core.shell:Creating environment descriptor '/home/ali/Engineering/ITI/low_speed_self_driving_vehicles/ROS_lectures/LAB3/src/iti_lab3/install/iti_lab3/share/iti_lab3/hook/ament_prefix_path.dsv'
[0.484s] INFO:colcon.colcon_core.shell:Creating environment hook '/home/ali/Engineering/ITI/low_speed_self_driving_vehicles/ROS_lectures/LAB3/src/iti_lab3/install/iti_lab3/share/iti_lab3/hook/ament_prefix_path.sh'
[0.485s] INFO:colcon.colcon_core.shell:Skip shell extension 'powershell' for command environment: Not usable outside of PowerShell
[0.485s] DEBUG:colcon.colcon_core.shell:Skip shell extension 'dsv' for command environment
[0.489s] DEBUG:colcon.colcon_core.shell:Ignoring prefix path '/opt/ros/foxy'
[0.788s] INFO:colcon.colcon_core.task.python.build:Building Python package in '/home/ali/Engineering/ITI/low_speed_self_driving_vehicles/ROS_lectures/LAB3/src/iti_lab3'
[0.789s] INFO:colcon.colcon_core.shell:Skip shell extension 'powershell' for command environment: Not usable outside of PowerShell
[0.789s] DEBUG:colcon.colcon_core.shell:Skip shell extension 'dsv' for command environment
[0.792s] DEBUG:colcon.colcon_core.shell:Ignoring prefix path '/opt/ros/foxy'
[0.802s] DEBUG:colcon.colcon_core.event_handler.log_command:Invoking command in '/home/ali/Engineering/ITI/low_speed_self_driving_vehicles/ROS_lectures/LAB3/src/iti_lab3': PYTHONPATH=/home/ali/Engineering/ITI/low_speed_self_driving_vehicles/ROS_lectures/LAB3/src/iti_lab3/install/iti_lab3/lib/python3.8/site-packages:${PYTHONPATH} /usr/bin/python3 setup.py egg_info --egg-base build/iti_lab3 build --build-base /home/ali/Engineering/ITI/low_speed_self_driving_vehicles/ROS_lectures/LAB3/src/iti_lab3/build/iti_lab3/build install --prefix /home/ali/Engineering/ITI/low_speed_self_driving_vehicles/ROS_lectures/LAB3/src/iti_lab3/install/iti_lab3 --record /home/ali/Engineering/ITI/low_speed_self_driving_vehicles/ROS_lectures/LAB3/src/iti_lab3/build/iti_lab3/install.log --single-version-externally-managed
[1.185s] DEBUG:colcon.colcon_core.event_handler.log_command:Invoked command in '/home/ali/Engineering/ITI/low_speed_self_driving_vehicles/ROS_lectures/LAB3/src/iti_lab3' returned '0': PYTHONPATH=/home/ali/Engineering/ITI/low_speed_self_driving_vehicles/ROS_lectures/LAB3/src/iti_lab3/install/iti_lab3/lib/python3.8/site-packages:${PYTHONPATH} /usr/bin/python3 setup.py egg_info --egg-base build/iti_lab3 build --build-base /home/ali/Engineering/ITI/low_speed_self_driving_vehicles/ROS_lectures/LAB3/src/iti_lab3/build/iti_lab3/build install --prefix /home/ali/Engineering/ITI/low_speed_self_driving_vehicles/ROS_lectures/LAB3/src/iti_lab3/install/iti_lab3 --record /home/ali/Engineering/ITI/low_speed_self_driving_vehicles/ROS_lectures/LAB3/src/iti_lab3/build/iti_lab3/install.log --single-version-externally-managed
[1.189s] Level 1:colcon.colcon_core.environment:checking '/home/ali/Engineering/ITI/low_speed_self_driving_vehicles/ROS_lectures/LAB3/src/iti_lab3/install/iti_lab3' for CMake module files
[1.189s] Level 1:colcon.colcon_core.environment:checking '/home/ali/Engineering/ITI/low_speed_self_driving_vehicles/ROS_lectures/LAB3/src/iti_lab3/install/iti_lab3' for CMake config files
[1.190s] Level 1:colcon.colcon_core.environment:checking '/home/ali/Engineering/ITI/low_speed_self_driving_vehicles/ROS_lectures/LAB3/src/iti_lab3/install/iti_lab3/lib'
[1.191s] Level 1:colcon.colcon_core.environment:checking '/home/ali/Engineering/ITI/low_speed_self_driving_vehicles/ROS_lectures/LAB3/src/iti_lab3/install/iti_lab3/bin'
[1.191s] Level 1:colcon.colcon_core.environment:checking '/home/ali/Engineering/ITI/low_speed_self_driving_vehicles/ROS_lectures/LAB3/src/iti_lab3/install/iti_lab3/lib/pkgconfig/iti_lab3.pc'
[1.191s] Level 1:colcon.colcon_core.environment:checking '/home/ali/Engineering/ITI/low_speed_self_driving_vehicles/ROS_lectures/LAB3/src/iti_lab3/install/iti_lab3/lib/python3.8/site-packages'
[1.191s] Level 1:colcon.colcon_core.shell:create_environment_hook('iti_lab3', 'pythonpath')
[1.192s] INFO:colcon.colcon_core.shell:Creating environment hook '/home/ali/Engineering/ITI/low_speed_self_driving_vehicles/ROS_lectures/LAB3/src/iti_lab3/install/iti_lab3/share/iti_lab3/hook/pythonpath.ps1'
[1.192s] INFO:colcon.colcon_core.shell:Creating environment descriptor '/home/ali/Engineering/ITI/low_speed_self_driving_vehicles/ROS_lectures/LAB3/src/iti_lab3/install/iti_lab3/share/iti_lab3/hook/pythonpath.dsv'
[1.193s] INFO:colcon.colcon_core.shell:Creating environment hook '/home/ali/Engineering/ITI/low_speed_self_driving_vehicles/ROS_lectures/LAB3/src/iti_lab3/install/iti_lab3/share/iti_lab3/hook/pythonpath.sh'
[1.193s] Level 1:colcon.colcon_core.environment:create_environment_scripts_only(iti_lab3)
[1.194s] INFO:colcon.colcon_core.shell:Creating package script '/home/ali/Engineering/ITI/low_speed_self_driving_vehicles/ROS_lectures/LAB3/src/iti_lab3/install/iti_lab3/share/iti_lab3/package.ps1'
[1.195s] INFO:colcon.colcon_core.shell:Creating package descriptor '/home/ali/Engineering/ITI/low_speed_self_driving_vehicles/ROS_lectures/LAB3/src/iti_lab3/install/iti_lab3/share/iti_lab3/package.dsv'
[1.195s] INFO:colcon.colcon_core.shell:Creating package script '/home/ali/Engineering/ITI/low_speed_self_driving_vehicles/ROS_lectures/LAB3/src/iti_lab3/install/iti_lab3/share/iti_lab3/package.sh'
[1.196s] INFO:colcon.colcon_core.shell:Creating package script '/home/ali/Engineering/ITI/low_speed_self_driving_vehicles/ROS_lectures/LAB3/src/iti_lab3/install/iti_lab3/share/iti_lab3/package.bash'
[1.197s] INFO:colcon.colcon_core.shell:Creating package script '/home/ali/Engineering/ITI/low_speed_self_driving_vehicles/ROS_lectures/LAB3/src/iti_lab3/install/iti_lab3/share/iti_lab3/package.zsh'
[1.197s] Level 1:colcon.colcon_core.environment:create_file_with_runtime_dependencies(/home/ali/Engineering/ITI/low_speed_self_driving_vehicles/ROS_lectures/LAB3/src/iti_lab3/install/iti_lab3/share/colcon-core/packages/iti_lab3)
[1.198s] DEBUG:colcon.colcon_parallel_executor.executor.parallel:closing loop
[1.199s] DEBUG:colcon.colcon_parallel_executor.executor.parallel:loop closed
[1.199s] DEBUG:colcon.colcon_parallel_executor.executor.parallel:run_until_complete finished with '0'
[1.199s] DEBUG:colcon.colcon_core.event_reactor:joining thread
[1.206s] INFO:colcon.colcon_core.plugin_system:Skipping extension 'colcon_notification.desktop_notification.terminal_notifier': Not used on non-Darwin systems
[1.206s] INFO:colcon.colcon_core.plugin_system:Skipping extension 'colcon_notification.desktop_notification.win32': Not used on non-Windows systems
[1.206s] INFO:colcon.colcon_notification.desktop_notification:Sending desktop notification using 'notify2'
[1.218s] DEBUG:colcon.colcon_core.event_reactor:joined thread
[1.219s] INFO:colcon.colcon_core.shell:Creating prefix script '/home/ali/Engineering/ITI/low_speed_self_driving_vehicles/ROS_lectures/LAB3/src/iti_lab3/install/local_setup.ps1'
[1.220s] INFO:colcon.colcon_core.shell:Creating prefix util module '/home/ali/Engineering/ITI/low_speed_self_driving_vehicles/ROS_lectures/LAB3/src/iti_lab3/install/_local_setup_util_ps1.py'
[1.221s] INFO:colcon.colcon_core.shell:Creating prefix chain script '/home/ali/Engineering/ITI/low_speed_self_driving_vehicles/ROS_lectures/LAB3/src/iti_lab3/install/setup.ps1'
[1.223s] INFO:colcon.colcon_core.shell:Creating prefix script '/home/ali/Engineering/ITI/low_speed_self_driving_vehicles/ROS_lectures/LAB3/src/iti_lab3/install/local_setup.sh'
[1.224s] INFO:colcon.colcon_core.shell:Creating prefix util module '/home/ali/Engineering/ITI/low_speed_self_driving_vehicles/ROS_lectures/LAB3/src/iti_lab3/install/_local_setup_util_sh.py'
[1.224s] INFO:colcon.colcon_core.shell:Creating prefix chain script '/home/ali/Engineering/ITI/low_speed_self_driving_vehicles/ROS_lectures/LAB3/src/iti_lab3/install/setup.sh'
[1.227s] INFO:colcon.colcon_core.shell:Creating prefix script '/home/ali/Engineering/ITI/low_speed_self_driving_vehicles/ROS_lectures/LAB3/src/iti_lab3/install/local_setup.bash'
[1.228s] INFO:colcon.colcon_core.shell:Creating prefix chain script '/home/ali/Engineering/ITI/low_speed_self_driving_vehicles/ROS_lectures/LAB3/src/iti_lab3/install/setup.bash'
[1.231s] INFO:colcon.colcon_core.shell:Creating prefix script '/home/ali/Engineering/ITI/low_speed_self_driving_vehicles/ROS_lectures/LAB3/src/iti_lab3/install/local_setup.zsh'
[1.231s] INFO:colcon.colcon_core.shell:Creating prefix chain script '/home/ali/Engineering/ITI/low_speed_self_driving_vehicles/ROS_lectures/LAB3/src/iti_lab3/install/setup.zsh'
