[  9%] Built target cutomsrv__rosidl_generator_c
[ 12%] Built target cutomsrv__cpp
[ 22%] Built target cutomsrv__rosidl_typesupport_c
[ 32%] Built target cutomsrv__rosidl_typesupport_introspection_c
[ 41%] Built target cutomsrv__rosidl_typesupport_introspection_cpp
[ 51%] Built target cutomsrv__rosidl_typesupport_cpp
[ 61%] Built target cutomsrv__rosidl_typesupport_fastrtps_cpp
[ 70%] Built target cutomsrv__rosidl_typesupport_fastrtps_c
[ 70%] Built target cutomsrv
[ 74%] Built target cutomsrv__py
[ 80%] Built target cutomsrv__python
[ 93%] Built target cutomsrv__rosidl_typesupport_c__pyext
[ 93%] Built target cutomsrv__rosidl_typesupport_introspection_c__pyext
[100%] Built target cutomsrv__rosidl_typesupport_fastrtps_c__pyext
-- Install configuration: ""
-- Up-to-date: /home/ali/Engineering/ITI/low_speed_self_driving_vehicles/ROS_lectures/projectWs/install/cutomsrv/share/ament_index/resource_index/rosidl_interfaces/cutomsrv
-- Up-to-date: /home/ali/Engineering/ITI/low_speed_self_driving_vehicles/ROS_lectures/projectWs/install/cutomsrv/include/cutomsrv
-- Up-to-date: /home/ali/Engineering/ITI/low_speed_self_driving_vehicles/ROS_lectures/projectWs/install/cutomsrv/include/cutomsrv/msg
-- Up-to-date: /home/ali/Engineering/ITI/low_speed_self_driving_vehicles/ROS_lectures/projectWs/install/cutomsrv/include/cutomsrv/msg/rosidl_generator_c__visibility_control.h
-- Up-to-date: /home/ali/Engineering/ITI/low_speed_self_driving_vehicles/ROS_lectures/projectWs/install/cutomsrv/include/cutomsrv/srv
-- Up-to-date: /home/ali/Engineering/ITI/low_speed_self_driving_vehicles/ROS_lectures/projectWs/install/cutomsrv/include/cutomsrv/srv/detail
-- Up-to-date: /home/ali/Engineering/ITI/low_speed_self_driving_vehicles/ROS_lectures/projectWs/install/cutomsrv/include/cutomsrv/srv/detail/custom_srv__functions.c
-- Up-to-date: /home/ali/Engineering/ITI/low_speed_self_driving_vehicles/ROS_lectures/projectWs/install/cutomsrv/include/cutomsrv/srv/detail/custom_srv__struct.h
-- Up-to-date: /home/ali/Engineering/ITI/low_speed_self_driving_vehicles/ROS_lectures/projectWs/install/cutomsrv/include/cutomsrv/srv/detail/custom_srv__functions.h
-- Up-to-date: /home/ali/Engineering/ITI/low_speed_self_driving_vehicles/ROS_lectures/projectWs/install/cutomsrv/include/cutomsrv/srv/detail/custom_srv__type_support.h
-- Up-to-date: /home/ali/Engineering/ITI/low_speed_self_driving_vehicles/ROS_lectures/projectWs/install/cutomsrv/include/cutomsrv/srv/custom_srv.h
-- Up-to-date: /home/ali/Engineering/ITI/low_speed_self_driving_vehicles/ROS_lectures/projectWs/install/cutomsrv/share/cutomsrv/environment/library_path.sh
-- Up-to-date: /home/ali/Engineering/ITI/low_speed_self_driving_vehicles/ROS_lectures/projectWs/install/cutomsrv/share/cutomsrv/environment/library_path.dsv
-- Up-to-date: /home/ali/Engineering/ITI/low_speed_self_driving_vehicles/ROS_lectures/projectWs/install/cutomsrv/lib/libcutomsrv__rosidl_generator_c.so
-- Up-to-date: /home/ali/Engineering/ITI/low_speed_self_driving_vehicles/ROS_lectures/projectWs/install/cutomsrv/include/cutomsrv
-- Up-to-date: /home/ali/Engineering/ITI/low_speed_self_driving_vehicles/ROS_lectures/projectWs/install/cutomsrv/include/cutomsrv/msg
-- Up-to-date: /home/ali/Engineering/ITI/low_speed_self_driving_vehicles/ROS_lectures/projectWs/install/cutomsrv/include/cutomsrv/msg/rosidl_typesupport_fastrtps_c__visibility_control.h
-- Up-to-date: /home/ali/Engineering/ITI/low_speed_self_driving_vehicles/ROS_lectures/projectWs/install/cutomsrv/include/cutomsrv/srv
-- Up-to-date: /home/ali/Engineering/ITI/low_speed_self_driving_vehicles/ROS_lectures/projectWs/install/cutomsrv/include/cutomsrv/srv/detail
-- Up-to-date: /home/ali/Engineering/ITI/low_speed_self_driving_vehicles/ROS_lectures/projectWs/install/cutomsrv/include/cutomsrv/srv/detail/custom_srv__rosidl_typesupport_fastrtps_c.h
-- Up-to-date: /home/ali/Engineering/ITI/low_speed_self_driving_vehicles/ROS_lectures/projectWs/install/cutomsrv/lib/libcutomsrv__rosidl_typesupport_fastrtps_c.so
-- Up-to-date: /home/ali/Engineering/ITI/low_speed_self_driving_vehicles/ROS_lectures/projectWs/install/cutomsrv/include/cutomsrv
-- Up-to-date: /home/ali/Engineering/ITI/low_speed_self_driving_vehicles/ROS_lectures/projectWs/install/cutomsrv/include/cutomsrv/msg
-- Up-to-date: /home/ali/Engineering/ITI/low_speed_self_driving_vehicles/ROS_lectures/projectWs/install/cutomsrv/include/cutomsrv/msg/rosidl_typesupport_fastrtps_cpp__visibility_control.h
-- Up-to-date: /home/ali/Engineering/ITI/low_speed_self_driving_vehicles/ROS_lectures/projectWs/install/cutomsrv/include/cutomsrv/srv
-- Up-to-date: /home/ali/Engineering/ITI/low_speed_self_driving_vehicles/ROS_lectures/projectWs/install/cutomsrv/include/cutomsrv/srv/detail
-- Up-to-date: /home/ali/Engineering/ITI/low_speed_self_driving_vehicles/ROS_lectures/projectWs/install/cutomsrv/include/cutomsrv/srv/detail/custom_srv__rosidl_typesupport_fastrtps_cpp.hpp
-- Up-to-date: /home/ali/Engineering/ITI/low_speed_self_driving_vehicles/ROS_lectures/projectWs/install/cutomsrv/include/cutomsrv/srv/detail/dds_fastrtps
-- Up-to-date: /home/ali/Engineering/ITI/low_speed_self_driving_vehicles/ROS_lectures/projectWs/install/cutomsrv/lib/libcutomsrv__rosidl_typesupport_fastrtps_cpp.so
-- Up-to-date: /home/ali/Engineering/ITI/low_speed_self_driving_vehicles/ROS_lectures/projectWs/install/cutomsrv/include/cutomsrv
-- Up-to-date: /home/ali/Engineering/ITI/low_speed_self_driving_vehicles/ROS_lectures/projectWs/install/cutomsrv/include/cutomsrv/msg
-- Up-to-date: /home/ali/Engineering/ITI/low_speed_self_driving_vehicles/ROS_lectures/projectWs/install/cutomsrv/include/cutomsrv/msg/rosidl_typesupport_introspection_c__visibility_control.h
-- Up-to-date: /home/ali/Engineering/ITI/low_speed_self_driving_vehicles/ROS_lectures/projectWs/install/cutomsrv/include/cutomsrv/srv
-- Up-to-date: /home/ali/Engineering/ITI/low_speed_self_driving_vehicles/ROS_lectures/projectWs/install/cutomsrv/include/cutomsrv/srv/detail
-- Up-to-date: /home/ali/Engineering/ITI/low_speed_self_driving_vehicles/ROS_lectures/projectWs/install/cutomsrv/include/cutomsrv/srv/detail/custom_srv__type_support.c
-- Up-to-date: /home/ali/Engineering/ITI/low_speed_self_driving_vehicles/ROS_lectures/projectWs/install/cutomsrv/include/cutomsrv/srv/detail/custom_srv__rosidl_typesupport_introspection_c.h
-- Up-to-date: /home/ali/Engineering/ITI/low_speed_self_driving_vehicles/ROS_lectures/projectWs/install/cutomsrv/lib/libcutomsrv__rosidl_typesupport_introspection_c.so
-- Up-to-date: /home/ali/Engineering/ITI/low_speed_self_driving_vehicles/ROS_lectures/projectWs/install/cutomsrv/lib/libcutomsrv__rosidl_typesupport_c.so
-- Up-to-date: /home/ali/Engineering/ITI/low_speed_self_driving_vehicles/ROS_lectures/projectWs/install/cutomsrv/include/cutomsrv
-- Up-to-date: /home/ali/Engineering/ITI/low_speed_self_driving_vehicles/ROS_lectures/projectWs/install/cutomsrv/include/cutomsrv/srv
-- Up-to-date: /home/ali/Engineering/ITI/low_speed_self_driving_vehicles/ROS_lectures/projectWs/install/cutomsrv/include/cutomsrv/srv/custom_srv.hpp
-- Up-to-date: /home/ali/Engineering/ITI/low_speed_self_driving_vehicles/ROS_lectures/projectWs/install/cutomsrv/include/cutomsrv/srv/detail
-- Up-to-date: /home/ali/Engineering/ITI/low_speed_self_driving_vehicles/ROS_lectures/projectWs/install/cutomsrv/include/cutomsrv/srv/detail/custom_srv__struct.hpp
-- Up-to-date: /home/ali/Engineering/ITI/low_speed_self_driving_vehicles/ROS_lectures/projectWs/install/cutomsrv/include/cutomsrv/srv/detail/custom_srv__builder.hpp
-- Up-to-date: /home/ali/Engineering/ITI/low_speed_self_driving_vehicles/ROS_lectures/projectWs/install/cutomsrv/include/cutomsrv/srv/detail/custom_srv__traits.hpp
-- Up-to-date: /home/ali/Engineering/ITI/low_speed_self_driving_vehicles/ROS_lectures/projectWs/install/cutomsrv/include/cutomsrv
-- Up-to-date: /home/ali/Engineering/ITI/low_speed_self_driving_vehicles/ROS_lectures/projectWs/install/cutomsrv/include/cutomsrv/srv
-- Up-to-date: /home/ali/Engineering/ITI/low_speed_self_driving_vehicles/ROS_lectures/projectWs/install/cutomsrv/include/cutomsrv/srv/detail
-- Up-to-date: /home/ali/Engineering/ITI/low_speed_self_driving_vehicles/ROS_lectures/projectWs/install/cutomsrv/include/cutomsrv/srv/detail/custom_srv__type_support.cpp
-- Up-to-date: /home/ali/Engineering/ITI/low_speed_self_driving_vehicles/ROS_lectures/projectWs/install/cutomsrv/include/cutomsrv/srv/detail/custom_srv__rosidl_typesupport_introspection_cpp.hpp
-- Up-to-date: /home/ali/Engineering/ITI/low_speed_self_driving_vehicles/ROS_lectures/projectWs/install/cutomsrv/lib/libcutomsrv__rosidl_typesupport_introspection_cpp.so
-- Up-to-date: /home/ali/Engineering/ITI/low_speed_self_driving_vehicles/ROS_lectures/projectWs/install/cutomsrv/lib/libcutomsrv__rosidl_typesupport_cpp.so
-- Up-to-date: /home/ali/Engineering/ITI/low_speed_self_driving_vehicles/ROS_lectures/projectWs/install/cutomsrv/share/cutomsrv/environment/pythonpath.sh
-- Up-to-date: /home/ali/Engineering/ITI/low_speed_self_driving_vehicles/ROS_lectures/projectWs/install/cutomsrv/share/cutomsrv/environment/pythonpath.dsv
-- Up-to-date: /home/ali/Engineering/ITI/low_speed_self_driving_vehicles/ROS_lectures/projectWs/install/cutomsrv/lib/python3.8/site-packages/cutomsrv/__init__.py
-- Up-to-date: /home/ali/Engineering/ITI/low_speed_self_driving_vehicles/ROS_lectures/projectWs/install/cutomsrv/lib/python3.8/site-packages/cutomsrv/srv
-- Up-to-date: /home/ali/Engineering/ITI/low_speed_self_driving_vehicles/ROS_lectures/projectWs/install/cutomsrv/lib/python3.8/site-packages/cutomsrv/srv/__init__.py
-- Up-to-date: /home/ali/Engineering/ITI/low_speed_self_driving_vehicles/ROS_lectures/projectWs/install/cutomsrv/lib/python3.8/site-packages/cutomsrv/srv/_custom_srv_s.c
-- Up-to-date: /home/ali/Engineering/ITI/low_speed_self_driving_vehicles/ROS_lectures/projectWs/install/cutomsrv/lib/python3.8/site-packages/cutomsrv/srv/_custom_srv.py
-- Up-to-date: /home/ali/Engineering/ITI/low_speed_self_driving_vehicles/ROS_lectures/projectWs/install/cutomsrv/lib/python3.8/site-packages/cutomsrv/cutomsrv_s__rosidl_typesupport_fastrtps_c.cpython-38-x86_64-linux-gnu.so
-- Up-to-date: /home/ali/Engineering/ITI/low_speed_self_driving_vehicles/ROS_lectures/projectWs/install/cutomsrv/lib/python3.8/site-packages/cutomsrv/cutomsrv_s__rosidl_typesupport_introspection_c.cpython-38-x86_64-linux-gnu.so
-- Up-to-date: /home/ali/Engineering/ITI/low_speed_self_driving_vehicles/ROS_lectures/projectWs/install/cutomsrv/lib/python3.8/site-packages/cutomsrv/cutomsrv_s__rosidl_typesupport_c.cpython-38-x86_64-linux-gnu.so
-- Up-to-date: /home/ali/Engineering/ITI/low_speed_self_driving_vehicles/ROS_lectures/projectWs/install/cutomsrv/lib/libcutomsrv__python.so
-- Up-to-date: /home/ali/Engineering/ITI/low_speed_self_driving_vehicles/ROS_lectures/projectWs/install/cutomsrv/share/cutomsrv/srv/CustomSrv.idl
-- Up-to-date: /home/ali/Engineering/ITI/low_speed_self_driving_vehicles/ROS_lectures/projectWs/install/cutomsrv/share/cutomsrv/srv/CustomSrv.srv
-- Up-to-date: /home/ali/Engineering/ITI/low_speed_self_driving_vehicles/ROS_lectures/projectWs/install/cutomsrv/share/cutomsrv/srv/CustomSrv_Request.msg
-- Up-to-date: /home/ali/Engineering/ITI/low_speed_self_driving_vehicles/ROS_lectures/projectWs/install/cutomsrv/share/cutomsrv/srv/CustomSrv_Response.msg
-- Up-to-date: /home/ali/Engineering/ITI/low_speed_self_driving_vehicles/ROS_lectures/projectWs/install/cutomsrv/share/ament_index/resource_index/package_run_dependencies/cutomsrv
-- Up-to-date: /home/ali/Engineering/ITI/low_speed_self_driving_vehicles/ROS_lectures/projectWs/install/cutomsrv/share/ament_index/resource_index/parent_prefix_path/cutomsrv
-- Up-to-date: /home/ali/Engineering/ITI/low_speed_self_driving_vehicles/ROS_lectures/projectWs/install/cutomsrv/share/cutomsrv/environment/ament_prefix_path.sh
-- Up-to-date: /home/ali/Engineering/ITI/low_speed_self_driving_vehicles/ROS_lectures/projectWs/install/cutomsrv/share/cutomsrv/environment/ament_prefix_path.dsv
-- Up-to-date: /home/ali/Engineering/ITI/low_speed_self_driving_vehicles/ROS_lectures/projectWs/install/cutomsrv/share/cutomsrv/environment/path.sh
-- Up-to-date: /home/ali/Engineering/ITI/low_speed_self_driving_vehicles/ROS_lectures/projectWs/install/cutomsrv/share/cutomsrv/environment/path.dsv
-- Up-to-date: /home/ali/Engineering/ITI/low_speed_self_driving_vehicles/ROS_lectures/projectWs/install/cutomsrv/share/cutomsrv/local_setup.bash
-- Up-to-date: /home/ali/Engineering/ITI/low_speed_self_driving_vehicles/ROS_lectures/projectWs/install/cutomsrv/share/cutomsrv/local_setup.sh
-- Up-to-date: /home/ali/Engineering/ITI/low_speed_self_driving_vehicles/ROS_lectures/projectWs/install/cutomsrv/share/cutomsrv/local_setup.zsh
-- Up-to-date: /home/ali/Engineering/ITI/low_speed_self_driving_vehicles/ROS_lectures/projectWs/install/cutomsrv/share/cutomsrv/local_setup.dsv
-- Installing: /home/ali/Engineering/ITI/low_speed_self_driving_vehicles/ROS_lectures/projectWs/install/cutomsrv/share/cutomsrv/package.dsv
-- Up-to-date: /home/ali/Engineering/ITI/low_speed_self_driving_vehicles/ROS_lectures/projectWs/install/cutomsrv/share/ament_index/resource_index/packages/cutomsrv
-- Up-to-date: /home/ali/Engineering/ITI/low_speed_self_driving_vehicles/ROS_lectures/projectWs/install/cutomsrv/share/cutomsrv/cmake/cutomsrv__rosidl_generator_cExport.cmake
-- Up-to-date: /home/ali/Engineering/ITI/low_speed_self_driving_vehicles/ROS_lectures/projectWs/install/cutomsrv/share/cutomsrv/cmake/cutomsrv__rosidl_generator_cExport-noconfig.cmake
-- Up-to-date: /home/ali/Engineering/ITI/low_speed_self_driving_vehicles/ROS_lectures/projectWs/install/cutomsrv/share/cutomsrv/cmake/cutomsrv__rosidl_typesupport_introspection_cExport.cmake
-- Up-to-date: /home/ali/Engineering/ITI/low_speed_self_driving_vehicles/ROS_lectures/projectWs/install/cutomsrv/share/cutomsrv/cmake/cutomsrv__rosidl_typesupport_introspection_cExport-noconfig.cmake
-- Up-to-date: /home/ali/Engineering/ITI/low_speed_self_driving_vehicles/ROS_lectures/projectWs/install/cutomsrv/share/cutomsrv/cmake/cutomsrv__rosidl_typesupport_cExport.cmake
-- Up-to-date: /home/ali/Engineering/ITI/low_speed_self_driving_vehicles/ROS_lectures/projectWs/install/cutomsrv/share/cutomsrv/cmake/cutomsrv__rosidl_typesupport_cExport-noconfig.cmake
-- Up-to-date: /home/ali/Engineering/ITI/low_speed_self_driving_vehicles/ROS_lectures/projectWs/install/cutomsrv/share/cutomsrv/cmake/cutomsrv__rosidl_generator_cppExport.cmake
-- Up-to-date: /home/ali/Engineering/ITI/low_speed_self_driving_vehicles/ROS_lectures/projectWs/install/cutomsrv/share/cutomsrv/cmake/cutomsrv__rosidl_typesupport_introspection_cppExport.cmake
-- Up-to-date: /home/ali/Engineering/ITI/low_speed_self_driving_vehicles/ROS_lectures/projectWs/install/cutomsrv/share/cutomsrv/cmake/cutomsrv__rosidl_typesupport_introspection_cppExport-noconfig.cmake
-- Up-to-date: /home/ali/Engineering/ITI/low_speed_self_driving_vehicles/ROS_lectures/projectWs/install/cutomsrv/share/cutomsrv/cmake/cutomsrv__rosidl_typesupport_cppExport.cmake
-- Up-to-date: /home/ali/Engineering/ITI/low_speed_self_driving_vehicles/ROS_lectures/projectWs/install/cutomsrv/share/cutomsrv/cmake/cutomsrv__rosidl_typesupport_cppExport-noconfig.cmake
-- Up-to-date: /home/ali/Engineering/ITI/low_speed_self_driving_vehicles/ROS_lectures/projectWs/install/cutomsrv/share/cutomsrv/cmake/rosidl_cmake-extras.cmake
-- Up-to-date: /home/ali/Engineering/ITI/low_speed_self_driving_vehicles/ROS_lectures/projectWs/install/cutomsrv/share/cutomsrv/cmake/ament_cmake_export_dependencies-extras.cmake
-- Up-to-date: /home/ali/Engineering/ITI/low_speed_self_driving_vehicles/ROS_lectures/projectWs/install/cutomsrv/share/cutomsrv/cmake/ament_cmake_export_libraries-extras.cmake
-- Up-to-date: /home/ali/Engineering/ITI/low_speed_self_driving_vehicles/ROS_lectures/projectWs/install/cutomsrv/share/cutomsrv/cmake/ament_cmake_export_targets-extras.cmake
-- Up-to-date: /home/ali/Engineering/ITI/low_speed_self_driving_vehicles/ROS_lectures/projectWs/install/cutomsrv/share/cutomsrv/cmake/ament_cmake_export_include_directories-extras.cmake
-- Up-to-date: /home/ali/Engineering/ITI/low_speed_self_driving_vehicles/ROS_lectures/projectWs/install/cutomsrv/share/cutomsrv/cmake/rosidl_cmake_export_typesupport_libraries-extras.cmake
-- Up-to-date: /home/ali/Engineering/ITI/low_speed_self_driving_vehicles/ROS_lectures/projectWs/install/cutomsrv/share/cutomsrv/cmake/rosidl_cmake_export_typesupport_targets-extras.cmake
-- Up-to-date: /home/ali/Engineering/ITI/low_speed_self_driving_vehicles/ROS_lectures/projectWs/install/cutomsrv/share/cutomsrv/cmake/cutomsrvConfig.cmake
-- Up-to-date: /home/ali/Engineering/ITI/low_speed_self_driving_vehicles/ROS_lectures/projectWs/install/cutomsrv/share/cutomsrv/cmake/cutomsrvConfig-version.cmake
-- Up-to-date: /home/ali/Engineering/ITI/low_speed_self_driving_vehicles/ROS_lectures/projectWs/install/cutomsrv/share/cutomsrv/package.xml
